[ 2017-09-08T16:23:29+08:00 ] ::1 /agg/index.php/Home/Index/angougouVIP?id=0
INFO: [ app_init ] --START--
INFO: Run Behavior\BuildLiteBehavior [ RunTime:0.000000s ]
INFO: [ app_init ] --END-- [ RunTime:0.001000s ]
INFO: [ app_begin ] --START--
INFO: Run Behavior\ReadHtmlCacheBehavior [ RunTime:0.001001s ]
INFO: [ app_begin ] --END-- [ RunTime:0.001001s ]
NOTIC: [8] Undefined offset: 0 F:\php\agg\Application\Home\Controller\IndexController.class.php 第 20 行.
NOTIC: [8] Undefined offset: 0 F:\php\agg\Application\Home\Controller\IndexController.class.php 第 21 行.
INFO: [ view_parse ] --START--
INFO: [ template_filter ] --START--
INFO: Run Behavior\ContentReplaceBehavior [ RunTime:0.000000s ]
INFO: [ template_filter ] --END-- [ RunTime:0.001000s ]
NOTIC: [8] Use of undefined constant LHAG_10 - assumed 'LHAG_10' F:\php\agg\Application\Runtime\Cache\Home\5bdd56b57ae8a79a8765207bdaada60c.php 第 255 行.
NOTIC: [8] Use of undefined constant LHAG_20 - assumed 'LHAG_20' F:\php\agg\Application\Runtime\Cache\Home\5bdd56b57ae8a79a8765207bdaada60c.php 第 278 行.
NOTIC: [8] Use of undefined constant LHAG_30 - assumed 'LHAG_30' F:\php\agg\Application\Runtime\Cache\Home\5bdd56b57ae8a79a8765207bdaada60c.php 第 301 行.
INFO: Run Behavior\ParseTemplateBehavior [ RunTime:0.013001s ]
INFO: [ view_parse ] --END-- [ RunTime:0.013001s ]
INFO: [ view_filter ] --START--
INFO: Run Behavior\WriteHtmlCacheBehavior [ RunTime:0.001000s ]
INFO: [ view_filter ] --END-- [ RunTime:0.001000s ]
INFO: [ app_end ] --START--
INFO: Run Behavior\ShowPageTraceBehavior [ RunTime:0.001000s ]
INFO: [ app_end ] --END-- [ RunTime:0.001000s ]

