[ 2018-03-16T11:21:14+08:00 ] ::1 /bazipaipan/?uid=123456
INFO: [ app_init ] --START--
INFO: Run Behavior\BuildLiteBehavior [ RunTime:0.000024s ]
INFO: [ app_init ] --END-- [ RunTime:0.001184s ]
INFO: [ app_begin ] --START--
INFO: Run Behavior\ReadHtmlCacheBehavior [ RunTime:0.001422s ]
INFO: [ app_begin ] --END-- [ RunTime:0.001512s ]
NOTIC: [8192] mysql_connect(): The mysql extension is deprecated and will be removed in the future: use mysqli or PDO instead G:\php\bazipaipan\ThinkPHP\Library\Think\Session\Driver\Db.class.php 第 95 行.
INFO: [ view_parse ] --START--
INFO: [ template_filter ] --START--
INFO: Run Behavior\ContentReplaceBehavior [ RunTime:0.000270s ]
INFO: [ template_filter ] --END-- [ RunTime:0.000374s ]
INFO: Run Behavior\ParseTemplateBehavior [ RunTime:0.046965s ]
INFO: [ view_parse ] --END-- [ RunTime:0.047087s ]
INFO: [ view_filter ] --START--
INFO: Run Behavior\WriteHtmlCacheBehavior [ RunTime:0.001797s ]
INFO: [ view_filter ] --END-- [ RunTime:0.001892s ]
INFO: [ app_end ] --START--
INFO: Run Behavior\ShowPageTraceBehavior [ RunTime:0.024498s ]
INFO: [ app_end ] --END-- [ RunTime:0.024609s ]

[ 2018-03-16T11:21:17+08:00 ] ::1 /bazipaipan/index.php/Home/Index/msgs
INFO: [ app_init ] --START--
INFO: Run Behavior\BuildLiteBehavior [ RunTime:0.000022s ]
INFO: [ app_init ] --END-- [ RunTime:0.000641s ]
INFO: [ app_begin ] --START--
INFO: Run Behavior\ReadHtmlCacheBehavior [ RunTime:0.001052s ]
INFO: [ app_begin ] --END-- [ RunTime:0.001153s ]
NOTIC: [8192] mysql_connect(): The mysql extension is deprecated and will be removed in the future: use mysqli or PDO instead G:\php\bazipaipan\ThinkPHP\Library\Think\Session\Driver\Db.class.php 第 95 行.
INFO: [ view_parse ] --START--
INFO: [ template_filter ] --START--
INFO: Run Behavior\ContentReplaceBehavior [ RunTime:0.000150s ]
INFO: [ template_filter ] --END-- [ RunTime:0.000243s ]
INFO: Run Behavior\ParseTemplateBehavior [ RunTime:0.047876s ]
INFO: [ view_parse ] --END-- [ RunTime:0.048004s ]
INFO: [ view_filter ] --START--
INFO: Run Behavior\WriteHtmlCacheBehavior [ RunTime:0.001194s ]
INFO: [ view_filter ] --END-- [ RunTime:0.001291s ]
INFO: [ app_end ] --START--
INFO: Run Behavior\ShowPageTraceBehavior [ RunTime:0.001756s ]
INFO: [ app_end ] --END-- [ RunTime:0.001886s ]

[ 2018-03-16T11:21:24+08:00 ] ::1 /bazipaipan/index.php/Home/Index/delete?sid=10594
INFO: [ app_init ] --START--
INFO: Run Behavior\BuildLiteBehavior [ RunTime:0.000025s ]
INFO: [ app_init ] --END-- [ RunTime:0.000684s ]
INFO: [ app_begin ] --START--
INFO: Run Behavior\ReadHtmlCacheBehavior [ RunTime:0.001089s ]
INFO: [ app_begin ] --END-- [ RunTime:0.001200s ]
NOTIC: [8192] mysql_connect(): The mysql extension is deprecated and will be removed in the future: use mysqli or PDO instead G:\php\bazipaipan\ThinkPHP\Library\Think\Session\Driver\Db.class.php 第 95 行.
INFO: [ app_end ] --START--
INFO: Run Behavior\ShowPageTraceBehavior [ RunTime:0.001671s ]
INFO: [ app_end ] --END-- [ RunTime:0.001803s ]

[ 2018-03-16T11:21:26+08:00 ] ::1 /bazipaipan/index.php/Home/Index/msgs
INFO: [ app_init ] --START--
INFO: Run Behavior\BuildLiteBehavior [ RunTime:0.000020s ]
INFO: [ app_init ] --END-- [ RunTime:0.000672s ]
INFO: [ app_begin ] --START--
INFO: Run Behavior\ReadHtmlCacheBehavior [ RunTime:0.000987s ]
INFO: [ app_begin ] --END-- [ RunTime:0.001077s ]
NOTIC: [8192] mysql_connect(): The mysql extension is deprecated and will be removed in the future: use mysqli or PDO instead G:\php\bazipaipan\ThinkPHP\Library\Think\Session\Driver\Db.class.php 第 95 行.
INFO: [ view_parse ] --START--
INFO: [ template_filter ] --START--
INFO: Run Behavior\ContentReplaceBehavior [ RunTime:0.000163s ]
INFO: [ template_filter ] --END-- [ RunTime:0.000272s ]
INFO: Run Behavior\ParseTemplateBehavior [ RunTime:0.020403s ]
INFO: [ view_parse ] --END-- [ RunTime:0.020527s ]
INFO: [ view_filter ] --START--
INFO: Run Behavior\WriteHtmlCacheBehavior [ RunTime:0.001160s ]
INFO: [ view_filter ] --END-- [ RunTime:0.001268s ]
INFO: [ app_end ] --START--
INFO: Run Behavior\ShowPageTraceBehavior [ RunTime:0.001683s ]
INFO: [ app_end ] --END-- [ RunTime:0.001809s ]

[ 2018-03-16T11:21:29+08:00 ] ::1 /bazipaipan/index.php/Home/Index/index
INFO: [ app_init ] --START--
INFO: Run Behavior\BuildLiteBehavior [ RunTime:0.000020s ]
INFO: [ app_init ] --END-- [ RunTime:0.000598s ]
INFO: [ app_begin ] --START--
INFO: Run Behavior\ReadHtmlCacheBehavior [ RunTime:0.000964s ]
INFO: [ app_begin ] --END-- [ RunTime:0.001053s ]
NOTIC: [8192] mysql_connect(): The mysql extension is deprecated and will be removed in the future: use mysqli or PDO instead G:\php\bazipaipan\ThinkPHP\Library\Think\Session\Driver\Db.class.php 第 95 行.
NOTIC: [8] Undefined index: uid G:\php\bazipaipan\Application\Home\Controller\IndexController.class.php 第 17 行.
INFO: [ view_parse ] --START--
INFO: [ template_filter ] --START--
INFO: Run Behavior\ContentReplaceBehavior [ RunTime:0.000163s ]
INFO: [ template_filter ] --END-- [ RunTime:0.000229s ]
INFO: Run Behavior\ParseTemplateBehavior [ RunTime:0.013556s ]
INFO: [ view_parse ] --END-- [ RunTime:0.013636s ]
INFO: [ view_filter ] --START--
INFO: Run Behavior\WriteHtmlCacheBehavior [ RunTime:0.001055s ]
INFO: [ view_filter ] --END-- [ RunTime:0.001124s ]
INFO: [ app_end ] --START--
INFO: Run Behavior\ShowPageTraceBehavior [ RunTime:0.004392s ]
INFO: [ app_end ] --END-- [ RunTime:0.004487s ]

[ 2018-03-16T11:22:24+08:00 ] ::1 /bazipaipan/index.php/Home/Index/pp_msg
INFO: [ app_init ] --START--
INFO: Run Behavior\BuildLiteBehavior [ RunTime:0.000021s ]
INFO: [ app_init ] --END-- [ RunTime:0.000610s ]
INFO: [ app_begin ] --START--
INFO: Run Behavior\ReadHtmlCacheBehavior [ RunTime:0.001126s ]
INFO: [ app_begin ] --END-- [ RunTime:0.001223s ]
NOTIC: [8192] mysql_connect(): The mysql extension is deprecated and will be removed in the future: use mysqli or PDO instead G:\php\bazipaipan\ThinkPHP\Library\Think\Session\Driver\Db.class.php 第 95 行.
NOTIC: [8] Undefined index: arrnumber G:\php\bazipaipan\Application\Home\Controller\IndexController.class.php 第 57 行.
NOTIC: [8192] mysql_connect(): The mysql extension is deprecated and will be removed in the future: use mysqli or PDO instead G:\php\bazipaipan\ThinkPHP\Library\Think\Db\Driver\Mysql.class.php 第 52 行.
SQL: select ny from tb_wedlock where name='甲子' [ RunTime:0.001292s ]
SQL: select ny from tb_wedlock where name='丁丑' [ RunTime:0.000629s ]
SQL: select ny from tb_wedlock where name='癸酉' [ RunTime:0.000682s ]
SQL: select ny from tb_wedlock where name='乙卯' [ RunTime:0.000591s ]
SQL: select jia from tb_shishen where id=10 [ RunTime:0.001062s ]
SQL: select ding from tb_shishen where id=10 [ RunTime:0.000467s ]
SQL: select yi from tb_shishen where id=10 [ RunTime:0.000492s ]
SQL: select zi from tb_dizhi_shishen where id=10 [ RunTime:0.000966s ]
SQL: select chou from tb_dizhi_shishen where id=10 [ RunTime:0.000484s ]
SQL: select you from tb_dizhi_shishen where id=10 [ RunTime:0.000469s ]
SQL: select mao from tb_dizhi_shishen where id=10 [ RunTime:0.000484s ]
SQL: select zi,chou,you,mao from tb_dizhi_shishen where id=11 [ RunTime:0.000501s ]
SQL: select name from tb_bz_wangshuai where gui='子' [ RunTime:0.001047s ]
SQL: select name from tb_bz_wangshuai where gui='丑' [ RunTime:0.000484s ]
SQL: select name from tb_bz_wangshuai where gui='酉' [ RunTime:0.000475s ]
SQL: select name from tb_bz_wangshuai where gui='卯' [ RunTime:0.000470s ]
NOTIC: [8] Undefined offset: 13 G:\php\bazipaipan\Application\Home\Common\function.php 第 274 行.
SQL: select wu from tb_shishen where id=10 [ RunTime:0.000605s ]
SQL: select ji from tb_shishen where id=10 [ RunTime:0.000767s ]
SQL: select geng from tb_shishen where id=10 [ RunTime:0.000760s ]
SQL: select xin from tb_shishen where id=10 [ RunTime:0.000559s ]
SQL: select ren from tb_shishen where id=10 [ RunTime:0.000485s ]
SQL: select gui from tb_shishen where id=10 [ RunTime:0.000485s ]
SQL: select jia from tb_shishen where id=10 [ RunTime:0.000507s ]
SQL: select yi from tb_shishen where id=10 [ RunTime:0.000466s ]
SQL: select * from tb_wuxingju where id=14 [ RunTime:0.000989s ]
SQL: select zwei from tb_zhuxingmwsx where id=5 [ RunTime:0.000939s ]
SQL: select lzhen from tb_zhuxingmwsx where id=9 [ RunTime:0.000465s ]
SQL: select ttong from tb_zhuxingmwsx where id=0 [ RunTime:0.000483s ]
SQL: select wuqu from tb_zhuxingmwsx where id=1 [ RunTime:0.000463s ]
SQL: select tyang from tb_zhuxingmwsx where id=2 [ RunTime:0.000494s ]
SQL: select tji from tb_zhuxingmwsx where id=4 [ RunTime:0.000505s ]
SQL: select tfu from tb_zhuxingmwsx where id=7 [ RunTime:0.000576s ]
SQL: select tyin from tb_zhuxingmwsx where id=8 [ RunTime:0.000578s ]
SQL: select tlang from tb_zhuxingmwsx where id=9 [ RunTime:0.000646s ]
SQL: select jmen from tb_zhuxingmwsx where id=10 [ RunTime:0.000482s ]
SQL: select txiang from tb_zhuxingmwsx where id=11 [ RunTime:0.000474s ]
SQL: select tliang from tb_zhuxingmwsx where id=0 [ RunTime:0.000493s ]
SQL: select qsha from tb_zhuxingmwsx where id=1 [ RunTime:0.000464s ]
SQL: select pjun from tb_zhuxingmwsx where id=5 [ RunTime:0.000530s ]
SQL: select * from tb_shengyuezx where id=13 [ RunTime:0.000970s ]
NOTIC: [8] Undefined offset: 0 G:\php\bazipaipan\Application\Home\Common\function.php 第 478 行.
NOTIC: [8] Undefined offset: 0 G:\php\bazipaipan\Application\Home\Common\function.php 第 481 行.
NOTIC: [8] Undefined offset: 0 G:\php\bazipaipan\Application\Home\Common\function.php 第 483 行.
NOTIC: [8] Undefined offset: 0 G:\php\bazipaipan\Application\Home\Common\function.php 第 485 行.
NOTIC: [8] Undefined offset: 0 G:\php\bazipaipan\Application\Home\Common\function.php 第 487 行.
NOTIC: [8] Undefined offset: 0 G:\php\bazipaipan\Application\Home\Common\function.php 第 489 行.
NOTIC: [8] Undefined offset: 0 G:\php\bazipaipan\Application\Home\Common\function.php 第 491 行.
SQL: select * from tb_shengnianzx where id=1 [ RunTime:0.001085s ]
NOTIC: [8] Undefined offset: 4 G:\php\bazipaipan\Application\Home\Common\function.php 第 500 行.
NOTIC: [8] Undefined offset: 1 G:\php\bazipaipan\Application\Home\Common\function.php 第 506 行.
NOTIC: [8] Undefined offset: 2 G:\php\bazipaipan\Application\Home\Common\function.php 第 508 行.
NOTIC: [8] Undefined offset: 8 G:\php\bazipaipan\Application\Home\Common\function.php 第 510 行.
NOTIC: [8] Undefined offset: 0 G:\php\bazipaipan\Application\Home\Common\function.php 第 512 行.
NOTIC: [8] Undefined offset: 3 G:\php\bazipaipan\Application\Home\Common\function.php 第 516 行.
NOTIC: [8] Undefined offset: 5 G:\php\bazipaipan\Application\Home\Common\function.php 第 518 行.
NOTIC: [8] Undefined offset: 6 G:\php\bazipaipan\Application\Home\Common\function.php 第 530 行.
SQL: select * from tb_shixizx where hour=6 [ RunTime:0.001009s ]
SQL: select wchang from tb_zhuxingmwsx where id=5 [ RunTime:0.000464s ]
SQL: select wqu from tb_zhuxingmwsx where id=5 [ RunTime:0.000474s ]
NOTIC: [8] Undefined offset: 6 G:\php\bazipaipan\Application\Home\Common\function.php 第 544 行.
NOTIC: [8] Undefined offset: 0 G:\php\bazipaipan\Application\Home\Common\function.php 第 546 行.
NOTIC: [8] Undefined offset: 7 G:\php\bazipaipan\Application\Home\Common\function.php 第 548 行.
NOTIC: [8] Undefined offset: 3 G:\php\bazipaipan\Application\Home\Common\function.php 第 550 行.
SQL: select * from tb_shengniangx where id=1 [ RunTime:0.000980s ]
SQL: select qyang from tb_zhuxingmwsx where id=1 [ RunTime:0.000518s ]
SQL: select tluo from tb_zhuxingmwsx where id=11 [ RunTime:0.000497s ]
NOTIC: [8] Undefined offset: 11 G:\php\bazipaipan\Application\Home\Common\function.php 第 561 行.
NOTIC: [8] Undefined offset: 5 G:\php\bazipaipan\Application\Home\Common\function.php 第 563 行.
NOTIC: [8] Undefined offset: 0 G:\php\bazipaipan\Application\Home\Common\function.php 第 567 行.
NOTIC: [8] Undefined offset: 7 G:\php\bazipaipan\Application\Home\Common\function.php 第 569 行.
NOTIC: [8] Undefined index: zkong G:\php\bazipaipan\Application\Home\Common\function.php 第 572 行.
NOTIC: [8] Undefined index: fkong G:\php\bazipaipan\Application\Home\Common\function.php 第 574 行.
SQL: select szc from tb_huoxing where id=6 [ RunTime:0.000959s ]
SQL: select hxing from tb_zhuxingmwsx where id=5 [ RunTime:0.000475s ]
SQL: select szc from tb_lingxing where id=6 [ RunTime:0.000914s ]
SQL: select lxing from tb_zhuxingmwsx where id=1 [ RunTime:0.000473s ]
NOTIC: [8] Undefined offset: 1 G:\php\bazipaipan\Application\Home\Common\function.php 第 744 行.
NOTIC: [8] Undefined offset: 8 G:\php\bazipaipan\Application\Home\Common\function.php 第 759 行.
NOTIC: [8] Undefined offset: 6 G:\php\bazipaipan\Application\Home\Common\function.php 第 778 行.
NOTIC: [8] Undefined offset: 11 G:\php\bazipaipan\Application\Home\Common\function.php 第 784 行.
SQL: select * from tb_sihua where id=1 [ RunTime:0.001083s ]
NOTIC: [8] Undefined offset: 5 G:\php\bazipaipan\Application\Home\Common\function.php 第 801 行.
NOTIC: [8] Undefined offset: 8 G:\php\bazipaipan\Application\Home\Common\function.php 第 808 行.
NOTIC: [8] Undefined offset: 9 G:\php\bazipaipan\Application\Home\Common\function.php 第 817 行.
SQL: select * from tb_wedlock where name='癸酉' [ RunTime:0.000705s ]
NOTIC: [8] Undefined offset: 6 G:\php\bazipaipan\Application\Home\Common\function.php 第 879 行.
NOTIC: [8] Undefined offset: 4 G:\php\bazipaipan\Application\Home\Common\function.php 第 879 行.
NOTIC: [8] Undefined offset: 4 G:\php\bazipaipan\Application\Home\Common\function.php 第 883 行.
NOTIC: [8] Undefined offset: 6 G:\php\bazipaipan\Application\Home\Common\function.php 第 884 行.
NOTIC: [8] Undefined offset: 4 G:\php\bazipaipan\Application\Home\Common\function.php 第 884 行.
INFO: [ view_parse ] --START--
INFO: [ template_filter ] --START--
INFO: Run Behavior\ContentReplaceBehavior [ RunTime:0.000204s ]
INFO: [ template_filter ] --END-- [ RunTime:0.000268s ]
INFO: Run Behavior\ParseTemplateBehavior [ RunTime:0.024139s ]
INFO: [ view_parse ] --END-- [ RunTime:0.024242s ]
INFO: [ view_filter ] --START--
INFO: Run Behavior\WriteHtmlCacheBehavior [ RunTime:0.001364s ]
INFO: [ view_filter ] --END-- [ RunTime:0.001438s ]
INFO: [ app_end ] --START--
INFO: Run Behavior\ShowPageTraceBehavior [ RunTime:0.001340s ]
INFO: [ app_end ] --END-- [ RunTime:0.001425s ]

[ 2018-03-16T11:22:26+08:00 ] ::1 /bazipaipan/index.php/Home/Index/generateImg
INFO: [ app_init ] --START--
INFO: Run Behavior\BuildLiteBehavior [ RunTime:0.000019s ]
INFO: [ app_init ] --END-- [ RunTime:0.000614s ]
INFO: [ app_begin ] --START--
INFO: Run Behavior\ReadHtmlCacheBehavior [ RunTime:0.000875s ]
INFO: [ app_begin ] --END-- [ RunTime:0.000974s ]
NOTIC: [8192] mysql_connect(): The mysql extension is deprecated and will be removed in the future: use mysqli or PDO instead G:\php\bazipaipan\ThinkPHP\Library\Think\Session\Driver\Db.class.php 第 95 行.
INFO: [ app_end ] --START--
INFO: Run Behavior\ShowPageTraceBehavior [ RunTime:0.001132s ]
INFO: [ app_end ] --END-- [ RunTime:0.001260s ]

[ 2018-03-16T11:22:29+08:00 ] ::1 /bazipaipan/index.php/Home/Index/pp_msg
INFO: [ app_init ] --START--
INFO: Run Behavior\BuildLiteBehavior [ RunTime:0.000019s ]
INFO: [ app_init ] --END-- [ RunTime:0.000545s ]
INFO: [ app_begin ] --START--
INFO: Run Behavior\ReadHtmlCacheBehavior [ RunTime:0.000685s ]
INFO: [ app_begin ] --END-- [ RunTime:0.000790s ]
NOTIC: [8192] mysql_connect(): The mysql extension is deprecated and will be removed in the future: use mysqli or PDO instead G:\php\bazipaipan\ThinkPHP\Library\Think\Session\Driver\Db.class.php 第 95 行.
NOTIC: [8] Undefined index: arrnumber G:\php\bazipaipan\Application\Home\Controller\IndexController.class.php 第 57 行.
NOTIC: [8192] mysql_connect(): The mysql extension is deprecated and will be removed in the future: use mysqli or PDO instead G:\php\bazipaipan\ThinkPHP\Library\Think\Db\Driver\Mysql.class.php 第 52 行.
SQL: select ny from tb_wedlock where name='甲子' [ RunTime:0.000701s ]
SQL: select ny from tb_wedlock where name='丁丑' [ RunTime:0.000600s ]
SQL: select ny from tb_wedlock where name='癸酉' [ RunTime:0.000592s ]
SQL: select ny from tb_wedlock where name='乙卯' [ RunTime:0.000604s ]
SQL: select jia from tb_shishen where id=10 [ RunTime:0.000501s ]
SQL: select ding from tb_shishen where id=10 [ RunTime:0.000458s ]
SQL: select yi from tb_shishen where id=10 [ RunTime:0.000484s ]
SQL: select zi from tb_dizhi_shishen where id=10 [ RunTime:0.000472s ]
SQL: select chou from tb_dizhi_shishen where id=10 [ RunTime:0.000461s ]
SQL: select you from tb_dizhi_shishen where id=10 [ RunTime:0.000503s ]
SQL: select mao from tb_dizhi_shishen where id=10 [ RunTime:0.000458s ]
SQL: select zi,chou,you,mao from tb_dizhi_shishen where id=11 [ RunTime:0.000513s ]
SQL: select name from tb_bz_wangshuai where gui='子' [ RunTime:0.000515s ]
SQL: select name from tb_bz_wangshuai where gui='丑' [ RunTime:0.000506s ]
SQL: select name from tb_bz_wangshuai where gui='酉' [ RunTime:0.000599s ]
SQL: select name from tb_bz_wangshuai where gui='卯' [ RunTime:0.000592s ]
NOTIC: [8] Undefined offset: 13 G:\php\bazipaipan\Application\Home\Common\function.php 第 274 行.
SQL: select wu from tb_shishen where id=10 [ RunTime:0.000533s ]
SQL: select ji from tb_shishen where id=10 [ RunTime:0.000463s ]
SQL: select geng from tb_shishen where id=10 [ RunTime:0.000465s ]
SQL: select xin from tb_shishen where id=10 [ RunTime:0.000481s ]
SQL: select ren from tb_shishen where id=10 [ RunTime:0.000458s ]
SQL: select gui from tb_shishen where id=10 [ RunTime:0.000518s ]
SQL: select jia from tb_shishen where id=10 [ RunTime:0.000588s ]
SQL: select yi from tb_shishen where id=10 [ RunTime:0.000611s ]
SQL: select * from tb_wuxingju where id=14 [ RunTime:0.000630s ]
SQL: select zwei from tb_zhuxingmwsx where id=5 [ RunTime:0.000584s ]
SQL: select lzhen from tb_zhuxingmwsx where id=9 [ RunTime:0.000584s ]
SQL: select ttong from tb_zhuxingmwsx where id=0 [ RunTime:0.000534s ]
SQL: select wuqu from tb_zhuxingmwsx where id=1 [ RunTime:0.000503s ]
SQL: select tyang from tb_zhuxingmwsx where id=2 [ RunTime:0.000528s ]
SQL: select tji from tb_zhuxingmwsx where id=4 [ RunTime:0.000575s ]
SQL: select tfu from tb_zhuxingmwsx where id=7 [ RunTime:0.000470s ]
SQL: select tyin from tb_zhuxingmwsx where id=8 [ RunTime:0.000513s ]
SQL: select tlang from tb_zhuxingmwsx where id=9 [ RunTime:0.000462s ]
SQL: select jmen from tb_zhuxingmwsx where id=10 [ RunTime:0.000482s ]
SQL: select txiang from tb_zhuxingmwsx where id=11 [ RunTime:0.000519s ]
SQL: select tliang from tb_zhuxingmwsx where id=0 [ RunTime:0.000575s ]
SQL: select qsha from tb_zhuxingmwsx where id=1 [ RunTime:0.000596s ]
SQL: select pjun from tb_zhuxingmwsx where id=5 [ RunTime:0.000511s ]
SQL: select * from tb_shengyuezx where id=13 [ RunTime:0.000483s ]
NOTIC: [8] Undefined offset: 0 G:\php\bazipaipan\Application\Home\Common\function.php 第 478 行.
NOTIC: [8] Undefined offset: 0 G:\php\bazipaipan\Application\Home\Common\function.php 第 481 行.
NOTIC: [8] Undefined offset: 0 G:\php\bazipaipan\Application\Home\Common\function.php 第 483 行.
NOTIC: [8] Undefined offset: 0 G:\php\bazipaipan\Application\Home\Common\function.php 第 485 行.
NOTIC: [8] Undefined offset: 0 G:\php\bazipaipan\Application\Home\Common\function.php 第 487 行.
NOTIC: [8] Undefined offset: 0 G:\php\bazipaipan\Application\Home\Common\function.php 第 489 行.
NOTIC: [8] Undefined offset: 0 G:\php\bazipaipan\Application\Home\Common\function.php 第 491 行.
SQL: select * from tb_shengnianzx where id=1 [ RunTime:0.000577s ]
NOTIC: [8] Undefined offset: 4 G:\php\bazipaipan\Application\Home\Common\function.php 第 500 行.
NOTIC: [8] Undefined offset: 1 G:\php\bazipaipan\Application\Home\Common\function.php 第 506 行.
NOTIC: [8] Undefined offset: 2 G:\php\bazipaipan\Application\Home\Common\function.php 第 508 行.
NOTIC: [8] Undefined offset: 8 G:\php\bazipaipan\Application\Home\Common\function.php 第 510 行.
NOTIC: [8] Undefined offset: 0 G:\php\bazipaipan\Application\Home\Common\function.php 第 512 行.
NOTIC: [8] Undefined offset: 3 G:\php\bazipaipan\Application\Home\Common\function.php 第 516 行.
NOTIC: [8] Undefined offset: 5 G:\php\bazipaipan\Application\Home\Common\function.php 第 518 行.
NOTIC: [8] Undefined offset: 6 G:\php\bazipaipan\Application\Home\Common\function.php 第 530 行.
SQL: select * from tb_shixizx where hour=6 [ RunTime:0.000513s ]
SQL: select wchang from tb_zhuxingmwsx where id=5 [ RunTime:0.000498s ]
SQL: select wqu from tb_zhuxingmwsx where id=5 [ RunTime:0.000460s ]
NOTIC: [8] Undefined offset: 6 G:\php\bazipaipan\Application\Home\Common\function.php 第 544 行.
NOTIC: [8] Undefined offset: 0 G:\php\bazipaipan\Application\Home\Common\function.php 第 546 行.
NOTIC: [8] Undefined offset: 7 G:\php\bazipaipan\Application\Home\Common\function.php 第 548 行.
NOTIC: [8] Undefined offset: 3 G:\php\bazipaipan\Application\Home\Common\function.php 第 550 行.
SQL: select * from tb_shengniangx where id=1 [ RunTime:0.000502s ]
SQL: select qyang from tb_zhuxingmwsx where id=1 [ RunTime:0.000494s ]
SQL: select tluo from tb_zhuxingmwsx where id=11 [ RunTime:0.000459s ]
NOTIC: [8] Undefined offset: 11 G:\php\bazipaipan\Application\Home\Common\function.php 第 561 行.
NOTIC: [8] Undefined offset: 5 G:\php\bazipaipan\Application\Home\Common\function.php 第 563 行.
NOTIC: [8] Undefined offset: 0 G:\php\bazipaipan\Application\Home\Common\function.php 第 567 行.
NOTIC: [8] Undefined offset: 7 G:\php\bazipaipan\Application\Home\Common\function.php 第 569 行.
NOTIC: [8] Undefined index: zkong G:\php\bazipaipan\Application\Home\Common\function.php 第 572 行.
NOTIC: [8] Undefined index: fkong G:\php\bazipaipan\Application\Home\Common\function.php 第 574 行.
SQL: select szc from tb_huoxing where id=6 [ RunTime:0.000458s ]
SQL: select hxing from tb_zhuxingmwsx where id=5 [ RunTime:0.000487s ]
SQL: select szc from tb_lingxing where id=6 [ RunTime:0.000470s ]
SQL: select lxing from tb_zhuxingmwsx where id=1 [ RunTime:0.000459s ]
NOTIC: [8] Undefined offset: 1 G:\php\bazipaipan\Application\Home\Common\function.php 第 744 行.
NOTIC: [8] Undefined offset: 8 G:\php\bazipaipan\Application\Home\Common\function.php 第 759 行.
NOTIC: [8] Undefined offset: 6 G:\php\bazipaipan\Application\Home\Common\function.php 第 778 行.
NOTIC: [8] Undefined offset: 11 G:\php\bazipaipan\Application\Home\Common\function.php 第 784 行.
SQL: select * from tb_sihua where id=1 [ RunTime:0.000507s ]
NOTIC: [8] Undefined offset: 5 G:\php\bazipaipan\Application\Home\Common\function.php 第 801 行.
NOTIC: [8] Undefined offset: 8 G:\php\bazipaipan\Application\Home\Common\function.php 第 808 行.
NOTIC: [8] Undefined offset: 9 G:\php\bazipaipan\Application\Home\Common\function.php 第 817 行.
SQL: select * from tb_wedlock where name='癸酉' [ RunTime:0.000789s ]
NOTIC: [8] Undefined offset: 6 G:\php\bazipaipan\Application\Home\Common\function.php 第 879 行.
NOTIC: [8] Undefined offset: 4 G:\php\bazipaipan\Application\Home\Common\function.php 第 879 行.
NOTIC: [8] Undefined offset: 4 G:\php\bazipaipan\Application\Home\Common\function.php 第 883 行.
NOTIC: [8] Undefined offset: 6 G:\php\bazipaipan\Application\Home\Common\function.php 第 884 行.
NOTIC: [8] Undefined offset: 4 G:\php\bazipaipan\Application\Home\Common\function.php 第 884 行.
INFO: [ view_parse ] --START--
INFO: [ template_filter ] --START--
INFO: Run Behavior\ContentReplaceBehavior [ RunTime:0.000188s ]
INFO: [ template_filter ] --END-- [ RunTime:0.000258s ]
INFO: Run Behavior\ParseTemplateBehavior [ RunTime:0.015849s ]
INFO: [ view_parse ] --END-- [ RunTime:0.015934s ]
INFO: [ view_filter ] --START--
INFO: Run Behavior\WriteHtmlCacheBehavior [ RunTime:0.000612s ]
INFO: [ view_filter ] --END-- [ RunTime:0.000678s ]
INFO: [ app_end ] --START--
INFO: Run Behavior\ShowPageTraceBehavior [ RunTime:0.001533s ]
INFO: [ app_end ] --END-- [ RunTime:0.001622s ]

[ 2018-03-16T11:25:20+08:00 ] ::1 /bazipaipan/index.php/Home/Index/pp_msg
INFO: [ app_init ] --START--
INFO: Run Behavior\BuildLiteBehavior [ RunTime:0.000022s ]
INFO: [ app_init ] --END-- [ RunTime:0.000632s ]
INFO: [ app_begin ] --START--
INFO: Run Behavior\ReadHtmlCacheBehavior [ RunTime:0.001058s ]
INFO: [ app_begin ] --END-- [ RunTime:0.001183s ]
NOTIC: [8192] mysql_connect(): The mysql extension is deprecated and will be removed in the future: use mysqli or PDO instead G:\php\bazipaipan\ThinkPHP\Library\Think\Session\Driver\Db.class.php 第 95 行.
NOTIC: [8] Undefined index: arrnumber G:\php\bazipaipan\Application\Home\Controller\IndexController.class.php 第 57 行.
NOTIC: [8192] mysql_connect(): The mysql extension is deprecated and will be removed in the future: use mysqli or PDO instead G:\php\bazipaipan\ThinkPHP\Library\Think\Db\Driver\Mysql.class.php 第 52 行.
SQL: select ny from tb_wedlock where name='甲子' [ RunTime:0.000579s ]
SQL: select ny from tb_wedlock where name='丁丑' [ RunTime:0.000603s ]
SQL: select ny from tb_wedlock where name='癸酉' [ RunTime:0.000637s ]
SQL: select ny from tb_wedlock where name='乙卯' [ RunTime:0.000680s ]
SQL: select jia from tb_shishen where id=10 [ RunTime:0.000473s ]
SQL: select ding from tb_shishen where id=10 [ RunTime:0.000464s ]
SQL: select yi from tb_shishen where id=10 [ RunTime:0.000480s ]
SQL: select zi from tb_dizhi_shishen where id=10 [ RunTime:0.000473s ]
SQL: select chou from tb_dizhi_shishen where id=10 [ RunTime:0.000501s ]
SQL: select you from tb_dizhi_shishen where id=10 [ RunTime:0.000467s ]
SQL: select mao from tb_dizhi_shishen where id=10 [ RunTime:0.000481s ]
SQL: select zi,chou,you,mao from tb_dizhi_shishen where id=11 [ RunTime:0.000517s ]
SQL: select name from tb_bz_wangshuai where gui='子' [ RunTime:0.000538s ]
SQL: select name from tb_bz_wangshuai where gui='丑' [ RunTime:0.000481s ]
SQL: select name from tb_bz_wangshuai where gui='酉' [ RunTime:0.000508s ]
SQL: select name from tb_bz_wangshuai where gui='卯' [ RunTime:0.000510s ]
NOTIC: [8] Undefined offset: 13 G:\php\bazipaipan\Application\Home\Common\function.php 第 274 行.
SQL: select wu from tb_shishen where id=10 [ RunTime:0.000502s ]
SQL: select ji from tb_shishen where id=10 [ RunTime:0.000489s ]
SQL: select geng from tb_shishen where id=10 [ RunTime:0.000494s ]
SQL: select xin from tb_shishen where id=10 [ RunTime:0.000465s ]
SQL: select ren from tb_shishen where id=10 [ RunTime:0.000520s ]
SQL: select gui from tb_shishen where id=10 [ RunTime:0.000530s ]
SQL: select jia from tb_shishen where id=10 [ RunTime:0.000492s ]
SQL: select yi from tb_shishen where id=10 [ RunTime:0.000486s ]
SQL: select * from tb_wuxingju where id=14 [ RunTime:0.000500s ]
SQL: select zwei from tb_zhuxingmwsx where id=5 [ RunTime:0.000472s ]
SQL: select lzhen from tb_zhuxingmwsx where id=9 [ RunTime:0.000526s ]
SQL: select ttong from tb_zhuxingmwsx where id=0 [ RunTime:0.000569s ]
SQL: select wuqu from tb_zhuxingmwsx where id=1 [ RunTime:0.000627s ]
SQL: select tyang from tb_zhuxingmwsx where id=2 [ RunTime:0.000556s ]
SQL: select tji from tb_zhuxingmwsx where id=4 [ RunTime:0.000532s ]
SQL: select tfu from tb_zhuxingmwsx where id=7 [ RunTime:0.000535s ]
SQL: select tyin from tb_zhuxingmwsx where id=8 [ RunTime:0.000515s ]
SQL: select tlang from tb_zhuxingmwsx where id=9 [ RunTime:0.000500s ]
SQL: select jmen from tb_zhuxingmwsx where id=10 [ RunTime:0.000437s ]
SQL: select txiang from tb_zhuxingmwsx where id=11 [ RunTime:0.000492s ]
SQL: select tliang from tb_zhuxingmwsx where id=0 [ RunTime:0.000549s ]
SQL: select qsha from tb_zhuxingmwsx where id=1 [ RunTime:0.000579s ]
SQL: select pjun from tb_zhuxingmwsx where id=5 [ RunTime:0.000522s ]
SQL: select * from tb_shengyuezx where id=13 [ RunTime:0.000483s ]
NOTIC: [8] Undefined offset: 0 G:\php\bazipaipan\Application\Home\Common\function.php 第 478 行.
NOTIC: [8] Undefined offset: 0 G:\php\bazipaipan\Application\Home\Common\function.php 第 481 行.
NOTIC: [8] Undefined offset: 0 G:\php\bazipaipan\Application\Home\Common\function.php 第 483 行.
NOTIC: [8] Undefined offset: 0 G:\php\bazipaipan\Application\Home\Common\function.php 第 485 行.
NOTIC: [8] Undefined offset: 0 G:\php\bazipaipan\Application\Home\Common\function.php 第 487 行.
NOTIC: [8] Undefined offset: 0 G:\php\bazipaipan\Application\Home\Common\function.php 第 489 行.
NOTIC: [8] Undefined offset: 0 G:\php\bazipaipan\Application\Home\Common\function.php 第 491 行.
SQL: select * from tb_shengnianzx where id=1 [ RunTime:0.000579s ]
NOTIC: [8] Undefined offset: 4 G:\php\bazipaipan\Application\Home\Common\function.php 第 500 行.
NOTIC: [8] Undefined offset: 1 G:\php\bazipaipan\Application\Home\Common\function.php 第 506 行.
NOTIC: [8] Undefined offset: 2 G:\php\bazipaipan\Application\Home\Common\function.php 第 508 行.
NOTIC: [8] Undefined offset: 8 G:\php\bazipaipan\Application\Home\Common\function.php 第 510 行.
NOTIC: [8] Undefined offset: 0 G:\php\bazipaipan\Application\Home\Common\function.php 第 512 行.
NOTIC: [8] Undefined offset: 3 G:\php\bazipaipan\Application\Home\Common\function.php 第 516 行.
NOTIC: [8] Undefined offset: 5 G:\php\bazipaipan\Application\Home\Common\function.php 第 518 行.
NOTIC: [8] Undefined offset: 6 G:\php\bazipaipan\Application\Home\Common\function.php 第 530 行.
SQL: select * from tb_shixizx where hour=6 [ RunTime:0.000504s ]
SQL: select wchang from tb_zhuxingmwsx where id=5 [ RunTime:0.000499s ]
SQL: select wqu from tb_zhuxingmwsx where id=5 [ RunTime:0.000499s ]
NOTIC: [8] Undefined offset: 6 G:\php\bazipaipan\Application\Home\Common\function.php 第 544 行.
NOTIC: [8] Undefined offset: 0 G:\php\bazipaipan\Application\Home\Common\function.php 第 546 行.
NOTIC: [8] Undefined offset: 7 G:\php\bazipaipan\Application\Home\Common\function.php 第 548 行.
NOTIC: [8] Undefined offset: 3 G:\php\bazipaipan\Application\Home\Common\function.php 第 550 行.
SQL: select * from tb_shengniangx where id=1 [ RunTime:0.000506s ]
SQL: select qyang from tb_zhuxingmwsx where id=1 [ RunTime:0.000474s ]
SQL: select tluo from tb_zhuxingmwsx where id=11 [ RunTime:0.000514s ]
NOTIC: [8] Undefined offset: 11 G:\php\bazipaipan\Application\Home\Common\function.php 第 561 行.
NOTIC: [8] Undefined offset: 5 G:\php\bazipaipan\Application\Home\Common\function.php 第 563 行.
NOTIC: [8] Undefined offset: 0 G:\php\bazipaipan\Application\Home\Common\function.php 第 567 行.
NOTIC: [8] Undefined offset: 7 G:\php\bazipaipan\Application\Home\Common\function.php 第 569 行.
NOTIC: [8] Undefined index: zkong G:\php\bazipaipan\Application\Home\Common\function.php 第 572 行.
NOTIC: [8] Undefined index: fkong G:\php\bazipaipan\Application\Home\Common\function.php 第 574 行.
SQL: select szc from tb_huoxing where id=6 [ RunTime:0.000459s ]
SQL: select hxing from tb_zhuxingmwsx where id=5 [ RunTime:0.000475s ]
SQL: select szc from tb_lingxing where id=6 [ RunTime:0.000492s ]
SQL: select lxing from tb_zhuxingmwsx where id=1 [ RunTime:0.000464s ]
NOTIC: [8] Undefined offset: 1 G:\php\bazipaipan\Application\Home\Common\function.php 第 744 行.
NOTIC: [8] Undefined offset: 8 G:\php\bazipaipan\Application\Home\Common\function.php 第 759 行.
NOTIC: [8] Undefined offset: 6 G:\php\bazipaipan\Application\Home\Common\function.php 第 778 行.
NOTIC: [8] Undefined offset: 11 G:\php\bazipaipan\Application\Home\Common\function.php 第 784 行.
SQL: select * from tb_sihua where id=1 [ RunTime:0.000491s ]
NOTIC: [8] Undefined offset: 5 G:\php\bazipaipan\Application\Home\Common\function.php 第 801 行.
NOTIC: [8] Undefined offset: 8 G:\php\bazipaipan\Application\Home\Common\function.php 第 808 行.
NOTIC: [8] Undefined offset: 9 G:\php\bazipaipan\Application\Home\Common\function.php 第 817 行.
SQL: select * from tb_wedlock where name='癸酉' [ RunTime:0.000865s ]
NOTIC: [8] Undefined offset: 6 G:\php\bazipaipan\Application\Home\Common\function.php 第 879 行.
NOTIC: [8] Undefined offset: 4 G:\php\bazipaipan\Application\Home\Common\function.php 第 879 行.
NOTIC: [8] Undefined offset: 4 G:\php\bazipaipan\Application\Home\Common\function.php 第 883 行.
NOTIC: [8] Undefined offset: 6 G:\php\bazipaipan\Application\Home\Common\function.php 第 884 行.
NOTIC: [8] Undefined offset: 4 G:\php\bazipaipan\Application\Home\Common\function.php 第 884 行.

[ 2018-03-16T11:26:22+08:00 ] ::1 /bazipaipan/index.php/Home/Index/pp_msg
INFO: [ app_init ] --START--
INFO: Run Behavior\BuildLiteBehavior [ RunTime:0.000026s ]
INFO: [ app_init ] --END-- [ RunTime:0.000638s ]
INFO: [ app_begin ] --START--
INFO: Run Behavior\ReadHtmlCacheBehavior [ RunTime:0.000692s ]
INFO: [ app_begin ] --END-- [ RunTime:0.000794s ]
NOTIC: [8192] mysql_connect(): The mysql extension is deprecated and will be removed in the future: use mysqli or PDO instead G:\php\bazipaipan\ThinkPHP\Library\Think\Session\Driver\Db.class.php 第 95 行.
NOTIC: [8] Undefined index: arrnumber G:\php\bazipaipan\Application\Home\Controller\IndexController.class.php 第 57 行.
NOTIC: [8192] mysql_connect(): The mysql extension is deprecated and will be removed in the future: use mysqli or PDO instead G:\php\bazipaipan\ThinkPHP\Library\Think\Db\Driver\Mysql.class.php 第 52 行.
SQL: select ny from tb_wedlock where name='甲子' [ RunTime:0.000822s ]
SQL: select ny from tb_wedlock where name='丁丑' [ RunTime:0.000806s ]
SQL: select ny from tb_wedlock where name='癸酉' [ RunTime:0.000794s ]
SQL: select ny from tb_wedlock where name='乙卯' [ RunTime:0.000908s ]
SQL: select jia from tb_shishen where id=10 [ RunTime:0.000616s ]
SQL: select ding from tb_shishen where id=10 [ RunTime:0.000586s ]
SQL: select yi from tb_shishen where id=10 [ RunTime:0.000584s ]
SQL: select zi from tb_dizhi_shishen where id=10 [ RunTime:0.000659s ]
SQL: select chou from tb_dizhi_shishen where id=10 [ RunTime:0.000730s ]
SQL: select you from tb_dizhi_shishen where id=10 [ RunTime:0.000731s ]
SQL: select mao from tb_dizhi_shishen where id=10 [ RunTime:0.000845s ]
SQL: select zi,chou,you,mao from tb_dizhi_shishen where id=11 [ RunTime:0.000664s ]
SQL: select name from tb_bz_wangshuai where gui='子' [ RunTime:0.000657s ]
SQL: select name from tb_bz_wangshuai where gui='丑' [ RunTime:0.000704s ]
SQL: select name from tb_bz_wangshuai where gui='酉' [ RunTime:0.000748s ]
SQL: select name from tb_bz_wangshuai where gui='卯' [ RunTime:0.000617s ]
NOTIC: [8] Undefined offset: 13 G:\php\bazipaipan\Application\Home\Common\function.php 第 274 行.

[ 2018-03-16T11:27:48+08:00 ] ::1 /bazipaipan/index.php/Home/Index/pp_msg
INFO: [ app_init ] --START--
INFO: Run Behavior\BuildLiteBehavior [ RunTime:0.000021s ]
INFO: [ app_init ] --END-- [ RunTime:0.000691s ]
INFO: [ app_begin ] --START--
INFO: Run Behavior\ReadHtmlCacheBehavior [ RunTime:0.001010s ]
INFO: [ app_begin ] --END-- [ RunTime:0.001157s ]
NOTIC: [8192] mysql_connect(): The mysql extension is deprecated and will be removed in the future: use mysqli or PDO instead G:\php\bazipaipan\ThinkPHP\Library\Think\Session\Driver\Db.class.php 第 95 行.
NOTIC: [8] Undefined index: arrnumber G:\php\bazipaipan\Application\Home\Controller\IndexController.class.php 第 57 行.

[ 2018-03-16T11:30:01+08:00 ] ::1 /bazipaipan/index.php/Home/Index/pp_msg
INFO: [ app_init ] --START--
INFO: Run Behavior\BuildLiteBehavior [ RunTime:0.000019s ]
INFO: [ app_init ] --END-- [ RunTime:0.000614s ]
INFO: [ app_begin ] --START--
INFO: Run Behavior\ReadHtmlCacheBehavior [ RunTime:0.000791s ]
INFO: [ app_begin ] --END-- [ RunTime:0.000881s ]
NOTIC: [8192] mysql_connect(): The mysql extension is deprecated and will be removed in the future: use mysqli or PDO instead G:\php\bazipaipan\ThinkPHP\Library\Think\Session\Driver\Db.class.php 第 95 行.
NOTIC: [8] Undefined index: arrnumber G:\php\bazipaipan\Application\Home\Controller\IndexController.class.php 第 57 行.
NOTIC: [8192] mysql_connect(): The mysql extension is deprecated and will be removed in the future: use mysqli or PDO instead G:\php\bazipaipan\ThinkPHP\Library\Think\Db\Driver\Mysql.class.php 第 52 行.
SQL: select mao from tb_zw_msgong where id=12 [ RunTime:0.000907s ]
SQL: select ny from tb_wedlock where name='甲子' [ RunTime:0.000615s ]
SQL: select ny from tb_wedlock where name='丁丑' [ RunTime:0.000764s ]
SQL: select ny from tb_wedlock where name='癸酉' [ RunTime:0.000694s ]
SQL: select ny from tb_wedlock where name='乙卯' [ RunTime:0.000665s ]
SQL: select jia from tb_shishen where id=10 [ RunTime:0.000499s ]
SQL: select ding from tb_shishen where id=10 [ RunTime:0.000534s ]
SQL: select yi from tb_shishen where id=10 [ RunTime:0.000475s ]
SQL: select zi from tb_dizhi_shishen where id=10 [ RunTime:0.000487s ]
SQL: select chou from tb_dizhi_shishen where id=10 [ RunTime:0.000462s ]
SQL: select you from tb_dizhi_shishen where id=10 [ RunTime:0.000518s ]
SQL: select mao from tb_dizhi_shishen where id=10 [ RunTime:0.000458s ]
SQL: select zi,chou,you,mao from tb_dizhi_shishen where id=11 [ RunTime:0.000494s ]
SQL: select name from tb_bz_wangshuai where gui='子' [ RunTime:0.000519s ]
SQL: select name from tb_bz_wangshuai where gui='丑' [ RunTime:0.000522s ]
SQL: select name from tb_bz_wangshuai where gui='酉' [ RunTime:0.000537s ]
SQL: select name from tb_bz_wangshuai where gui='卯' [ RunTime:0.000568s ]
SQL: select wu from tb_shishen where id=10 [ RunTime:0.000590s ]
SQL: select ji from tb_shishen where id=10 [ RunTime:0.000577s ]
SQL: select geng from tb_shishen where id=10 [ RunTime:0.000534s ]
SQL: select xin from tb_shishen where id=10 [ RunTime:0.000821s ]
SQL: select ren from tb_shishen where id=10 [ RunTime:0.000540s ]
SQL: select gui from tb_shishen where id=10 [ RunTime:0.000491s ]
SQL: select jia from tb_shishen where id=10 [ RunTime:0.000460s ]
SQL: select yi from tb_shishen where id=10 [ RunTime:0.000485s ]
SQL: select * from tb_wuxingju where id=14 [ RunTime:0.000570s ]
SQL: select zwei from tb_zhuxingmwsx where id=6 [ RunTime:0.000575s ]
SQL: select lzhen from tb_zhuxingmwsx where id=10 [ RunTime:0.000465s ]
SQL: select ttong from tb_zhuxingmwsx where id=1 [ RunTime:0.000490s ]
SQL: select wuqu from tb_zhuxingmwsx where id=2 [ RunTime:0.000602s ]
SQL: select tyang from tb_zhuxingmwsx where id=3 [ RunTime:0.000576s ]
SQL: select tji from tb_zhuxingmwsx where id=5 [ RunTime:0.000698s ]
SQL: select tfu from tb_zhuxingmwsx where id=6 [ RunTime:0.000622s ]
SQL: select tyin from tb_zhuxingmwsx where id=7 [ RunTime:0.000577s ]
SQL: select tlang from tb_zhuxingmwsx where id=8 [ RunTime:0.000480s ]
SQL: select jmen from tb_zhuxingmwsx where id=9 [ RunTime:0.000497s ]
SQL: select txiang from tb_zhuxingmwsx where id=10 [ RunTime:0.000469s ]
SQL: select tliang from tb_zhuxingmwsx where id=11 [ RunTime:0.000471s ]
SQL: select qsha from tb_zhuxingmwsx where id=0 [ RunTime:0.000505s ]
SQL: select pjun from tb_zhuxingmwsx where id=4 [ RunTime:0.000469s ]
SQL: select * from tb_shengyuezx where id=12 [ RunTime:0.000574s ]
NOTIC: [8] Undefined offset: 9 G:\php\bazipaipan\Application\Home\Common\function.php 第 476 行.
NOTIC: [8] Undefined offset: 2 G:\php\bazipaipan\Application\Home\Common\function.php 第 478 行.
NOTIC: [8] Undefined offset: 6 G:\php\bazipaipan\Application\Home\Common\function.php 第 480 行.
NOTIC: [8] Undefined offset: 10 G:\php\bazipaipan\Application\Home\Common\function.php 第 482 行.
NOTIC: [8] Undefined offset: 0 G:\php\bazipaipan\Application\Home\Common\function.php 第 484 行.
SQL: select * from tb_shengnianzx where id=1 [ RunTime:0.000611s ]
NOTIC: [8] Undefined offset: 4 G:\php\bazipaipan\Application\Home\Common\function.php 第 494 行.
NOTIC: [8] Undefined offset: 1 G:\php\bazipaipan\Application\Home\Common\function.php 第 500 行.
NOTIC: [8] Undefined offset: 2 G:\php\bazipaipan\Application\Home\Common\function.php 第 502 行.
NOTIC: [8] Undefined offset: 8 G:\php\bazipaipan\Application\Home\Common\function.php 第 504 行.
NOTIC: [8] Undefined offset: 0 G:\php\bazipaipan\Application\Home\Common\function.php 第 506 行.
NOTIC: [8] Undefined offset: 3 G:\php\bazipaipan\Application\Home\Common\function.php 第 510 行.
NOTIC: [8] Undefined offset: 5 G:\php\bazipaipan\Application\Home\Common\function.php 第 512 行.
NOTIC: [8] Undefined offset: 6 G:\php\bazipaipan\Application\Home\Common\function.php 第 524 行.
SQL: select * from tb_shixizx where hour=6 [ RunTime:0.000519s ]
SQL: select wchang from tb_zhuxingmwsx where id=5 [ RunTime:0.000623s ]
SQL: select wqu from tb_zhuxingmwsx where id=5 [ RunTime:0.000768s ]
NOTIC: [8] Undefined offset: 6 G:\php\bazipaipan\Application\Home\Common\function.php 第 538 行.
NOTIC: [8] Undefined offset: 0 G:\php\bazipaipan\Application\Home\Common\function.php 第 540 行.
NOTIC: [8] Undefined offset: 7 G:\php\bazipaipan\Application\Home\Common\function.php 第 542 行.
NOTIC: [8] Undefined offset: 3 G:\php\bazipaipan\Application\Home\Common\function.php 第 544 行.
SQL: select * from tb_shengniangx where id=1 [ RunTime:0.000641s ]
SQL: select qyang from tb_zhuxingmwsx where id=1 [ RunTime:0.000556s ]
SQL: select tluo from tb_zhuxingmwsx where id=11 [ RunTime:0.000557s ]
NOTIC: [8] Undefined offset: 11 G:\php\bazipaipan\Application\Home\Common\function.php 第 555 行.
NOTIC: [8] Undefined offset: 5 G:\php\bazipaipan\Application\Home\Common\function.php 第 557 行.
NOTIC: [8] Undefined offset: 0 G:\php\bazipaipan\Application\Home\Common\function.php 第 561 行.
NOTIC: [8] Undefined offset: 7 G:\php\bazipaipan\Application\Home\Common\function.php 第 563 行.
NOTIC: [8] Undefined index: zkong G:\php\bazipaipan\Application\Home\Common\function.php 第 566 行.
NOTIC: [8] Undefined index: fkong G:\php\bazipaipan\Application\Home\Common\function.php 第 568 行.
SQL: select szc from tb_huoxing where id=6 [ RunTime:0.000561s ]
SQL: select hxing from tb_zhuxingmwsx where id=5 [ RunTime:0.000590s ]
SQL: select szc from tb_lingxing where id=6 [ RunTime:0.000546s ]
SQL: select lxing from tb_zhuxingmwsx where id=1 [ RunTime:0.000590s ]
NOTIC: [8] Undefined offset: 1 G:\php\bazipaipan\Application\Home\Common\function.php 第 738 行.
NOTIC: [8] Undefined offset: 2 G:\php\bazipaipan\Application\Home\Common\function.php 第 746 行.
NOTIC: [8] Undefined offset: 6 G:\php\bazipaipan\Application\Home\Common\function.php 第 753 行.
NOTIC: [8] Undefined offset: 8 G:\php\bazipaipan\Application\Home\Common\function.php 第 772 行.
NOTIC: [8] Undefined offset: 3 G:\php\bazipaipan\Application\Home\Common\function.php 第 775 行.
SQL: select * from tb_sihua where id=1 [ RunTime:0.000597s ]
NOTIC: [8] Undefined offset: 6 G:\php\bazipaipan\Application\Home\Common\function.php 第 795 行.
NOTIC: [8] Undefined offset: 9 G:\php\bazipaipan\Application\Home\Common\function.php 第 802 行.
NOTIC: [8] Undefined offset: 0 G:\php\bazipaipan\Application\Home\Common\function.php 第 811 行.
NOTIC: [8] Undefined offset: 5 G:\php\bazipaipan\Application\Home\Common\function.php 第 824 行.
SQL: select * from tb_wedlock where name='癸酉' [ RunTime:0.000842s ]
NOTIC: [8] Undefined offset: 8 G:\php\bazipaipan\Application\Home\Common\function.php 第 873 行.
NOTIC: [8] Undefined offset: 8 G:\php\bazipaipan\Application\Home\Common\function.php 第 877 行.
NOTIC: [8] Undefined offset: 8 G:\php\bazipaipan\Application\Home\Common\function.php 第 878 行.
NOTIC: [8] Undefined offset: 6 G:\php\bazipaipan\Application\Home\Common\function.php 第 878 行.
INFO: [ view_parse ] --START--
INFO: [ template_filter ] --START--
INFO: Run Behavior\ContentReplaceBehavior [ RunTime:0.000178s ]
INFO: [ template_filter ] --END-- [ RunTime:0.000242s ]
INFO: Run Behavior\ParseTemplateBehavior [ RunTime:0.016014s ]
INFO: [ view_parse ] --END-- [ RunTime:0.016095s ]
INFO: [ view_filter ] --START--
INFO: Run Behavior\WriteHtmlCacheBehavior [ RunTime:0.000638s ]
INFO: [ view_filter ] --END-- [ RunTime:0.000713s ]
INFO: [ app_end ] --START--
INFO: Run Behavior\ShowPageTraceBehavior [ RunTime:0.000943s ]
INFO: [ app_end ] --END-- [ RunTime:0.001023s ]

[ 2018-03-16T11:34:09+08:00 ] ::1 /bazipaipan/index.php/Home/Index/pp_msg
INFO: [ app_init ] --START--
INFO: Run Behavior\BuildLiteBehavior [ RunTime:0.000026s ]
INFO: [ app_init ] --END-- [ RunTime:0.000667s ]
INFO: [ app_begin ] --START--
INFO: Run Behavior\ReadHtmlCacheBehavior [ RunTime:0.000857s ]
INFO: [ app_begin ] --END-- [ RunTime:0.000967s ]
NOTIC: [8192] mysql_connect(): The mysql extension is deprecated and will be removed in the future: use mysqli or PDO instead G:\php\bazipaipan\ThinkPHP\Library\Think\Session\Driver\Db.class.php 第 95 行.
NOTIC: [8] Undefined index: arrnumber G:\php\bazipaipan\Application\Home\Controller\IndexController.class.php 第 57 行.
NOTIC: [8192] mysql_connect(): The mysql extension is deprecated and will be removed in the future: use mysqli or PDO instead G:\php\bazipaipan\ThinkPHP\Library\Think\Db\Driver\Mysql.class.php 第 52 行.
SQL: select mao from tb_zw_msgong where id=12 [ RunTime:0.000920s ]
SQL: select ny from tb_wedlock where name='甲子' [ RunTime:0.000965s ]
SQL: select ny from tb_wedlock where name='丁丑' [ RunTime:0.000845s ]
SQL: select ny from tb_wedlock where name='癸酉' [ RunTime:0.000792s ]
SQL: select ny from tb_wedlock where name='乙卯' [ RunTime:0.000795s ]
SQL: select jia from tb_shishen where id=10 [ RunTime:0.000604s ]
SQL: select ding from tb_shishen where id=10 [ RunTime:0.000635s ]
SQL: select yi from tb_shishen where id=10 [ RunTime:0.000572s ]
SQL: select zi from tb_dizhi_shishen where id=10 [ RunTime:0.000582s ]
SQL: select chou from tb_dizhi_shishen where id=10 [ RunTime:0.000690s ]
SQL: select you from tb_dizhi_shishen where id=10 [ RunTime:0.000711s ]
SQL: select mao from tb_dizhi_shishen where id=10 [ RunTime:0.000700s ]
SQL: select zi,chou,you,mao from tb_dizhi_shishen where id=11 [ RunTime:0.000979s ]
SQL: select name from tb_bz_wangshuai where gui='子' [ RunTime:0.000622s ]
SQL: select name from tb_bz_wangshuai where gui='丑' [ RunTime:0.000654s ]
SQL: select name from tb_bz_wangshuai where gui='酉' [ RunTime:0.000657s ]
SQL: select name from tb_bz_wangshuai where gui='卯' [ RunTime:0.000647s ]
SQL: select wu from tb_shishen where id=10 [ RunTime:0.000543s ]
SQL: select ji from tb_shishen where id=10 [ RunTime:0.000466s ]
SQL: select geng from tb_shishen where id=10 [ RunTime:0.000472s ]
SQL: select xin from tb_shishen where id=10 [ RunTime:0.000520s ]
SQL: select ren from tb_shishen where id=10 [ RunTime:0.000476s ]
SQL: select gui from tb_shishen where id=10 [ RunTime:0.000467s ]
SQL: select jia from tb_shishen where id=10 [ RunTime:0.000500s ]
SQL: select yi from tb_shishen where id=10 [ RunTime:0.000461s ]
SQL: select * from tb_wuxingju where id=14 [ RunTime:0.000518s ]
SQL: select zwei from tb_zhuxingmwsx where id=6 [ RunTime:0.000546s ]
SQL: select lzhen from tb_zhuxingmwsx where id=10 [ RunTime:0.000456s ]
SQL: select ttong from tb_zhuxingmwsx where id=1 [ RunTime:0.000515s ]
SQL: select wuqu from tb_zhuxingmwsx where id=2 [ RunTime:0.000461s ]
SQL: select tyang from tb_zhuxingmwsx where id=3 [ RunTime:0.000755s ]
SQL: select tji from tb_zhuxingmwsx where id=5 [ RunTime:0.000787s ]
SQL: select tfu from tb_zhuxingmwsx where id=6 [ RunTime:0.000874s ]
SQL: select tyin from tb_zhuxingmwsx where id=7 [ RunTime:0.000805s ]
SQL: select tlang from tb_zhuxingmwsx where id=8 [ RunTime:0.000547s ]
SQL: select jmen from tb_zhuxingmwsx where id=9 [ RunTime:0.000659s ]
SQL: select txiang from tb_zhuxingmwsx where id=10 [ RunTime:0.000477s ]
SQL: select tliang from tb_zhuxingmwsx where id=11 [ RunTime:0.000462s ]
SQL: select qsha from tb_zhuxingmwsx where id=0 [ RunTime:0.000511s ]
SQL: select pjun from tb_zhuxingmwsx where id=4 [ RunTime:0.000647s ]
SQL: select * from tb_shengyuezx where id=12 [ RunTime:0.000549s ]
NOTIC: [8] Undefined offset: 9 G:\php\bazipaipan\Application\Home\Common\function.php 第 476 行.
NOTIC: [8] Undefined offset: 2 G:\php\bazipaipan\Application\Home\Common\function.php 第 478 行.
NOTIC: [8] Undefined offset: 6 G:\php\bazipaipan\Application\Home\Common\function.php 第 480 行.
NOTIC: [8] Undefined offset: 10 G:\php\bazipaipan\Application\Home\Common\function.php 第 482 行.
NOTIC: [8] Undefined offset: 0 G:\php\bazipaipan\Application\Home\Common\function.php 第 484 行.
SQL: select * from tb_shengnianzx where id=1 [ RunTime:0.000660s ]
NOTIC: [8] Undefined offset: 4 G:\php\bazipaipan\Application\Home\Common\function.php 第 494 行.
NOTIC: [8] Undefined offset: 1 G:\php\bazipaipan\Application\Home\Common\function.php 第 500 行.
NOTIC: [8] Undefined offset: 2 G:\php\bazipaipan\Application\Home\Common\function.php 第 502 行.
NOTIC: [8] Undefined offset: 8 G:\php\bazipaipan\Application\Home\Common\function.php 第 504 行.
NOTIC: [8] Undefined offset: 0 G:\php\bazipaipan\Application\Home\Common\function.php 第 506 行.
NOTIC: [8] Undefined offset: 3 G:\php\bazipaipan\Application\Home\Common\function.php 第 510 行.
NOTIC: [8] Undefined offset: 5 G:\php\bazipaipan\Application\Home\Common\function.php 第 512 行.
NOTIC: [8] Undefined offset: 6 G:\php\bazipaipan\Application\Home\Common\function.php 第 524 行.
SQL: select * from tb_shixizx where hour=6 [ RunTime:0.000521s ]
SQL: select wchang from tb_zhuxingmwsx where id=5 [ RunTime:0.000503s ]
SQL: select wqu from tb_zhuxingmwsx where id=5 [ RunTime:0.000466s ]
NOTIC: [8] Undefined offset: 6 G:\php\bazipaipan\Application\Home\Common\function.php 第 538 行.
NOTIC: [8] Undefined offset: 0 G:\php\bazipaipan\Application\Home\Common\function.php 第 540 行.
NOTIC: [8] Undefined offset: 7 G:\php\bazipaipan\Application\Home\Common\function.php 第 542 行.
NOTIC: [8] Undefined offset: 3 G:\php\bazipaipan\Application\Home\Common\function.php 第 544 行.
SQL: select * from tb_shengniangx where id=1 [ RunTime:0.000524s ]
SQL: select qyang from tb_zhuxingmwsx where id=1 [ RunTime:0.000581s ]
SQL: select tluo from tb_zhuxingmwsx where id=11 [ RunTime:0.000566s ]
NOTIC: [8] Undefined offset: 11 G:\php\bazipaipan\Application\Home\Common\function.php 第 555 行.
NOTIC: [8] Undefined offset: 5 G:\php\bazipaipan\Application\Home\Common\function.php 第 557 行.
NOTIC: [8] Undefined offset: 0 G:\php\bazipaipan\Application\Home\Common\function.php 第 561 行.
NOTIC: [8] Undefined offset: 7 G:\php\bazipaipan\Application\Home\Common\function.php 第 563 行.
NOTIC: [8] Undefined index: zkong G:\php\bazipaipan\Application\Home\Common\function.php 第 566 行.
NOTIC: [8] Undefined index: fkong G:\php\bazipaipan\Application\Home\Common\function.php 第 568 行.
SQL: select szc from tb_huoxing where id=6 [ RunTime:0.000595s ]
SQL: select hxing from tb_zhuxingmwsx where id=5 [ RunTime:0.000499s ]
SQL: select szc from tb_lingxing where id=6 [ RunTime:0.000458s ]
SQL: select lxing from tb_zhuxingmwsx where id=1 [ RunTime:0.000482s ]
NOTIC: [8] Undefined offset: 1 G:\php\bazipaipan\Application\Home\Common\function.php 第 738 行.
NOTIC: [8] Undefined offset: 2 G:\php\bazipaipan\Application\Home\Common\function.php 第 746 行.
NOTIC: [8] Undefined offset: 6 G:\php\bazipaipan\Application\Home\Common\function.php 第 753 行.
NOTIC: [8] Undefined offset: 8 G:\php\bazipaipan\Application\Home\Common\function.php 第 772 行.
NOTIC: [8] Undefined offset: 3 G:\php\bazipaipan\Application\Home\Common\function.php 第 775 行.
SQL: select * from tb_sihua where id=1 [ RunTime:0.000590s ]
NOTIC: [8] Undefined offset: 6 G:\php\bazipaipan\Application\Home\Common\function.php 第 795 行.
NOTIC: [8] Undefined offset: 9 G:\php\bazipaipan\Application\Home\Common\function.php 第 802 行.
NOTIC: [8] Undefined offset: 0 G:\php\bazipaipan\Application\Home\Common\function.php 第 811 行.
NOTIC: [8] Undefined offset: 5 G:\php\bazipaipan\Application\Home\Common\function.php 第 824 行.
SQL: select * from tb_wedlock where name='癸酉' [ RunTime:0.000867s ]
NOTIC: [8] Undefined offset: 8 G:\php\bazipaipan\Application\Home\Common\function.php 第 873 行.
NOTIC: [8] Undefined offset: 8 G:\php\bazipaipan\Application\Home\Common\function.php 第 877 行.
NOTIC: [8] Undefined offset: 8 G:\php\bazipaipan\Application\Home\Common\function.php 第 878 行.
NOTIC: [8] Undefined offset: 6 G:\php\bazipaipan\Application\Home\Common\function.php 第 878 行.
INFO: [ view_parse ] --START--
INFO: [ template_filter ] --START--
INFO: Run Behavior\ContentReplaceBehavior [ RunTime:0.000177s ]
INFO: [ template_filter ] --END-- [ RunTime:0.000293s ]
INFO: Run Behavior\ParseTemplateBehavior [ RunTime:0.016442s ]
INFO: [ view_parse ] --END-- [ RunTime:0.016528s ]
INFO: [ view_filter ] --START--
INFO: Run Behavior\WriteHtmlCacheBehavior [ RunTime:0.000585s ]
INFO: [ view_filter ] --END-- [ RunTime:0.000650s ]
INFO: [ app_end ] --START--
INFO: Run Behavior\ShowPageTraceBehavior [ RunTime:0.001014s ]
INFO: [ app_end ] --END-- [ RunTime:0.001131s ]

