[ 2018-09-03T10:40:31+08:00 ] ::1 /bazipaipan/
INFO: [ app_init ] --START--
INFO: Run Behavior\BuildLiteBehavior [ RunTime:0.000019s ]
INFO: [ app_init ] --END-- [ RunTime:0.001012s ]
INFO: [ app_begin ] --START--
INFO: Run Behavior\ReadHtmlCacheBehavior [ RunTime:0.001346s ]
INFO: [ app_begin ] --END-- [ RunTime:0.001420s ]
NOTIC: [8192] mysql_connect(): The mysql extension is deprecated and will be removed in the future: use mysqli or PDO instead G:\php\bazipaipan\ThinkPHP\Library\Think\Session\Driver\Db.class.php 第 95 行.
NOTIC: [8] Undefined index: uid G:\php\bazipaipan\Application\Home\Controller\IndexController.class.php 第 8 行.
NOTIC: [8] Undefined variable: arrdata G:\php\bazipaipan\Application\Home\Controller\IndexController.class.php 第 29 行.
NOTIC: [8] Undefined variable: arrdata G:\php\bazipaipan\Application\Home\Controller\IndexController.class.php 第 30 行.
INFO: [ view_parse ] --START--
INFO: [ template_filter ] --START--
INFO: Run Behavior\ContentReplaceBehavior [ RunTime:0.000313s ]
INFO: [ template_filter ] --END-- [ RunTime:0.000401s ]
INFO: Run Behavior\ParseTemplateBehavior [ RunTime:0.068721s ]
INFO: [ view_parse ] --END-- [ RunTime:0.068857s ]
INFO: [ view_filter ] --START--
INFO: Run Behavior\WriteHtmlCacheBehavior [ RunTime:0.000863s ]
INFO: [ view_filter ] --END-- [ RunTime:0.000919s ]
INFO: [ app_end ] --START--
INFO: Run Behavior\ShowPageTraceBehavior [ RunTime:0.001387s ]
INFO: [ app_end ] --END-- [ RunTime:0.001519s ]

[ 2018-09-03T10:40:41+08:00 ] ::1 /bazipaipan/?uid=123456
INFO: [ app_init ] --START--
INFO: Run Behavior\BuildLiteBehavior [ RunTime:0.000016s ]
INFO: [ app_init ] --END-- [ RunTime:0.000541s ]
INFO: [ app_begin ] --START--
INFO: Run Behavior\ReadHtmlCacheBehavior [ RunTime:0.000673s ]
INFO: [ app_begin ] --END-- [ RunTime:0.000760s ]
NOTIC: [8192] mysql_connect(): The mysql extension is deprecated and will be removed in the future: use mysqli or PDO instead G:\php\bazipaipan\ThinkPHP\Library\Think\Session\Driver\Db.class.php 第 95 行.
INFO: [ view_parse ] --START--
INFO: [ template_filter ] --START--
INFO: Run Behavior\ContentReplaceBehavior [ RunTime:0.000320s ]
INFO: [ template_filter ] --END-- [ RunTime:0.000410s ]
INFO: Run Behavior\ParseTemplateBehavior [ RunTime:0.052024s ]
INFO: [ view_parse ] --END-- [ RunTime:0.052153s ]
INFO: [ view_filter ] --START--
INFO: Run Behavior\WriteHtmlCacheBehavior [ RunTime:0.000851s ]
INFO: [ view_filter ] --END-- [ RunTime:0.000937s ]
INFO: [ app_end ] --START--
INFO: Run Behavior\ShowPageTraceBehavior [ RunTime:0.001560s ]
INFO: [ app_end ] --END-- [ RunTime:0.001681s ]

[ 2018-09-03T10:40:46+08:00 ] ::1 /bazipaipan/index.php/Home/Index/pp_msg?arrnumber=0
INFO: [ app_init ] --START--
INFO: Run Behavior\BuildLiteBehavior [ RunTime:0.000016s ]
INFO: [ app_init ] --END-- [ RunTime:0.000476s ]
INFO: [ app_begin ] --START--
INFO: Run Behavior\ReadHtmlCacheBehavior [ RunTime:0.000676s ]
INFO: [ app_begin ] --END-- [ RunTime:0.000745s ]
NOTIC: [8192] mysql_connect(): The mysql extension is deprecated and will be removed in the future: use mysqli or PDO instead G:\php\bazipaipan\ThinkPHP\Library\Think\Session\Driver\Db.class.php 第 95 行.
NOTIC: [8] Undefined index: birthday G:\php\bazipaipan\Application\Home\Controller\IndexController.class.php 第 34 行.
NOTIC: [8192] mysql_connect(): The mysql extension is deprecated and will be removed in the future: use mysqli or PDO instead G:\php\bazipaipan\ThinkPHP\Library\Think\Db\Driver\Mysql.class.php 第 52 行.
SQL: select zi from tb_zw_msgong where id=5 [ RunTime:0.001949s ]
SQL: select ny from tb_wedlock where name='戊戌' [ RunTime:0.001815s ]
SQL: select ny from tb_wedlock where name='戊午' [ RunTime:0.001545s ]
SQL: select ny from tb_wedlock where name='丙申' [ RunTime:0.001315s ]
SQL: select ny from tb_wedlock where name='戊子' [ RunTime:0.001291s ]
SQL: select wu from tb_shishen where id=3 [ RunTime:0.001270s ]
SQL: select wu from tb_shishen where id=3 [ RunTime:0.001113s ]
SQL: select wu from tb_shishen where id=3 [ RunTime:0.001117s ]
SQL: select xu from tb_dizhi_shishen where id=3 [ RunTime:0.001264s ]
SQL: select wu from tb_dizhi_shishen where id=3 [ RunTime:0.001152s ]
SQL: select shen from tb_dizhi_shishen where id=3 [ RunTime:0.001351s ]
SQL: select zi from tb_dizhi_shishen where id=3 [ RunTime:0.001224s ]
SQL: select xu,wu,shen,zi from tb_dizhi_shishen where id=11 [ RunTime:0.001188s ]
SQL: select name from tb_bz_wangshuai where bing='戌' [ RunTime:0.001521s ]
SQL: select name from tb_bz_wangshuai where bing='午' [ RunTime:0.000965s ]
SQL: select name from tb_bz_wangshuai where bing='申' [ RunTime:0.000917s ]
SQL: select name from tb_bz_wangshuai where bing='子' [ RunTime:0.000921s ]
SQL: select * from tb_24jieqi where year='2018' [ RunTime:0.001373s ]
NOTIC: [8] Undefined offset: 0 G:\php\bazipaipan\Application\Common\Common\function.php 第 54 行.
SQL: select ji from tb_shishen where id=3 [ RunTime:0.000909s ]
SQL: select geng from tb_shishen where id=3 [ RunTime:0.000891s ]
SQL: select xin from tb_shishen where id=3 [ RunTime:0.000910s ]
SQL: select ren from tb_shishen where id=3 [ RunTime:0.000956s ]
SQL: select gui from tb_shishen where id=3 [ RunTime:0.000890s ]
SQL: select jia from tb_shishen where id=3 [ RunTime:0.000879s ]
SQL: select yi from tb_shishen where id=3 [ RunTime:0.000891s ]
SQL: select bing from tb_shishen where id=3 [ RunTime:0.000897s ]
SQL: select * from tb_wuxingju where id=20 [ RunTime:0.001002s ]
SQL: select zwei from tb_zhuxingmwsx where id=7 [ RunTime:0.001001s ]
SQL: select lzhen from tb_zhuxingmwsx where id=11 [ RunTime:0.000863s ]
SQL: select ttong from tb_zhuxingmwsx where id=2 [ RunTime:0.000901s ]
SQL: select wuqu from tb_zhuxingmwsx where id=3 [ RunTime:0.000891s ]
SQL: select tyang from tb_zhuxingmwsx where id=4 [ RunTime:0.000913s ]
SQL: select tji from tb_zhuxingmwsx where id=6 [ RunTime:0.001129s ]
SQL: select tfu from tb_zhuxingmwsx where id=5 [ RunTime:0.000970s ]
SQL: select tyin from tb_zhuxingmwsx where id=6 [ RunTime:0.000957s ]
SQL: select tlang from tb_zhuxingmwsx where id=7 [ RunTime:0.000884s ]
SQL: select jmen from tb_zhuxingmwsx where id=8 [ RunTime:0.000883s ]
SQL: select txiang from tb_zhuxingmwsx where id=9 [ RunTime:0.000901s ]
SQL: select tliang from tb_zhuxingmwsx where id=10 [ RunTime:0.000959s ]
SQL: select qsha from tb_zhuxingmwsx where id=11 [ RunTime:0.000900s ]
SQL: select pjun from tb_zhuxingmwsx where id=3 [ RunTime:0.000901s ]
SQL: select * from tb_shengyuezx where id=5 [ RunTime:0.000964s ]
NOTIC: [8] Undefined offset: 4 G:\php\bazipaipan\Application\Home\Common\function.php 第 487 行.
NOTIC: [8] Undefined offset: 4 G:\php\bazipaipan\Application\Home\Common\function.php 第 487 行.
NOTIC: [8] Undefined offset: 11 G:\php\bazipaipan\Application\Home\Common\function.php 第 491 行.
NOTIC: [8] Undefined offset: 3 G:\php\bazipaipan\Application\Home\Common\function.php 第 493 行.
NOTIC: [8] Undefined offset: 5 G:\php\bazipaipan\Application\Home\Common\function.php 第 495 行.
NOTIC: [8] Undefined offset: 10 G:\php\bazipaipan\Application\Home\Common\function.php 第 499 行.
SQL: select * from tb_shengnianzx where id=11 [ RunTime:0.001113s ]
NOTIC: [8] Undefined offset: 2 G:\php\bazipaipan\Application\Home\Common\function.php 第 509 行.
NOTIC: [8] Undefined offset: 6 G:\php\bazipaipan\Application\Home\Common\function.php 第 513 行.
NOTIC: [8] Undefined offset: 5 G:\php\bazipaipan\Application\Home\Common\function.php 第 515 行.
NOTIC: [8] Undefined offset: 3 G:\php\bazipaipan\Application\Home\Common\function.php 第 517 行.
NOTIC: [8] Undefined offset: 0 G:\php\bazipaipan\Application\Home\Common\function.php 第 519 行.
NOTIC: [8] Undefined offset: 10 G:\php\bazipaipan\Application\Home\Common\function.php 第 521 行.
NOTIC: [8] Undefined offset: 11 G:\php\bazipaipan\Application\Home\Common\function.php 第 527 行.
NOTIC: [8] Undefined offset: 8 G:\php\bazipaipan\Application\Home\Common\function.php 第 531 行.
NOTIC: [8] Undefined offset: 1 G:\php\bazipaipan\Application\Home\Common\function.php 第 533 行.
SQL: select mzhu from tb_shengnianzx  where id=7 [ RunTime:0.000921s ]
SQL: select * from tb_shixizx where id=1 [ RunTime:0.001011s ]
SQL: select wchang from tb_zhuxingmwsx where id=8 [ RunTime:0.000889s ]
NOTIC: [8] Undefined offset: 8 G:\php\bazipaipan\Application\Home\Common\function.php 第 549 行.
SQL: select wqu from tb_zhuxingmwsx where id=2 [ RunTime:0.000856s ]
NOTIC: [8] Undefined offset: 2 G:\php\bazipaipan\Application\Home\Common\function.php 第 552 行.
NOTIC: [8] Undefined offset: 2 G:\php\bazipaipan\Application\Home\Common\function.php 第 552 行.
NOTIC: [8] Undefined offset: 9 G:\php\bazipaipan\Application\Home\Common\function.php 第 554 行.
NOTIC: [8] Undefined offset: 4 G:\php\bazipaipan\Application\Home\Common\function.php 第 558 行.
NOTIC: [8] Undefined offset: 0 G:\php\bazipaipan\Application\Home\Common\function.php 第 560 行.
SQL: select * from tb_shengniangx where id=5 [ RunTime:0.000956s ]
SQL: select qyang from tb_zhuxingmwsx where id=4 [ RunTime:0.001100s ]
NOTIC: [8] Undefined offset: 4 G:\php\bazipaipan\Application\Home\Common\function.php 第 568 行.
SQL: select tluo from tb_zhuxingmwsx where id=2 [ RunTime:0.001139s ]
NOTIC: [8] Undefined offset: 2 G:\php\bazipaipan\Application\Home\Common\function.php 第 571 行.
NOTIC: [8] Undefined offset: 2 G:\php\bazipaipan\Application\Home\Common\function.php 第 571 行.
NOTIC: [8] Undefined offset: 5 G:\php\bazipaipan\Application\Home\Common\function.php 第 573 行.
NOTIC: [8] Undefined offset: 5 G:\php\bazipaipan\Application\Home\Common\function.php 第 573 行.
NOTIC: [8] Undefined offset: 11 G:\php\bazipaipan\Application\Home\Common\function.php 第 575 行.
NOTIC: [8] Undefined offset: 11 G:\php\bazipaipan\Application\Home\Common\function.php 第 575 行.
NOTIC: [8] Undefined offset: 3 G:\php\bazipaipan\Application\Home\Common\function.php 第 577 行.
NOTIC: [8] Undefined offset: 3 G:\php\bazipaipan\Application\Home\Common\function.php 第 577 行.
NOTIC: [8] Undefined offset: 1 G:\php\bazipaipan\Application\Home\Common\function.php 第 579 行.
NOTIC: [8] Undefined offset: 10 G:\php\bazipaipan\Application\Home\Common\function.php 第 583 行.
SQL: select ywx from tb_huoxing where id=1 [ RunTime:0.001083s ]
SQL: select hxing from tb_zhuxingmwsx where id=11 [ RunTime:0.000908s ]
NOTIC: [8] Undefined offset: 11 G:\php\bazipaipan\Application\Home\Common\function.php 第 746 行.
SQL: select ywx from tb_lingxing where id=1 [ RunTime:0.000989s ]
SQL: select lxing from tb_zhuxingmwsx where id=1 [ RunTime:0.000881s ]
NOTIC: [8] Undefined offset: 1 G:\php\bazipaipan\Application\Home\Common\function.php 第 764 行.
NOTIC: [8] Undefined offset: 1 G:\php\bazipaipan\Application\Home\Common\function.php 第 764 行.
NOTIC: [8] Undefined offset: -3 G:\php\bazipaipan\Application\Home\Common\function.php 第 779 行.
NOTIC: [8] Undefined offset: 8 G:\php\bazipaipan\Application\Home\Common\function.php 第 785 行.
NOTIC: [8] Undefined offset: 2 G:\php\bazipaipan\Application\Home\Common\function.php 第 791 行.
NOTIC: [8] Undefined offset: 9 G:\php\bazipaipan\Application\Home\Common\function.php 第 804 行.
SQL: select * from tb_sihua where id=5 [ RunTime:0.000934s ]
NOTIC: [8] Undefined offset: 6 G:\php\bazipaipan\Application\Home\Common\function.php 第 821 行.
NOTIC: [8] Undefined offset: 8 G:\php\bazipaipan\Application\Home\Common\function.php 第 828 行.
NOTIC: [8] Undefined offset: 1 G:\php\bazipaipan\Application\Home\Common\function.php 第 837 行.
NOTIC: [8] Undefined offset: 0 G:\php\bazipaipan\Application\Home\Common\function.php 第 851 行.
SQL: select * from tb_wedlock where name='丙申' [ RunTime:0.001420s ]
NOTIC: [8] Undefined offset: 2 G:\php\bazipaipan\Application\Home\Common\function.php 第 904 行.
INFO: [ view_parse ] --START--
INFO: [ template_filter ] --START--
INFO: Run Behavior\ContentReplaceBehavior [ RunTime:0.000168s ]
INFO: [ template_filter ] --END-- [ RunTime:0.000225s ]
INFO: Run Behavior\ParseTemplateBehavior [ RunTime:0.021798s ]
INFO: [ view_parse ] --END-- [ RunTime:0.021867s ]
INFO: [ view_filter ] --START--
INFO: Run Behavior\WriteHtmlCacheBehavior [ RunTime:0.000378s ]
INFO: [ view_filter ] --END-- [ RunTime:0.000455s ]
INFO: [ app_end ] --START--
INFO: Run Behavior\ShowPageTraceBehavior [ RunTime:0.000769s ]
INFO: [ app_end ] --END-- [ RunTime:0.000854s ]

[ 2018-09-03T10:40:47+08:00 ] ::1 /bazipaipan/index.php/Home/Index/generateImg
INFO: [ app_init ] --START--
INFO: Run Behavior\BuildLiteBehavior [ RunTime:0.000020s ]
INFO: [ app_init ] --END-- [ RunTime:0.000537s ]
INFO: [ app_begin ] --START--
INFO: Run Behavior\ReadHtmlCacheBehavior [ RunTime:0.000948s ]
INFO: [ app_begin ] --END-- [ RunTime:0.001052s ]
NOTIC: [8192] mysql_connect(): The mysql extension is deprecated and will be removed in the future: use mysqli or PDO instead G:\php\bazipaipan\ThinkPHP\Library\Think\Session\Driver\Db.class.php 第 95 行.
INFO: [ app_end ] --START--
INFO: Run Behavior\ShowPageTraceBehavior [ RunTime:0.000974s ]
INFO: [ app_end ] --END-- [ RunTime:0.001092s ]

[ 2018-09-03T10:40:50+08:00 ] ::1 /bazipaipan/index.php/Home/Index/pp_msg?arrnumber=0
INFO: [ app_init ] --START--
INFO: Run Behavior\BuildLiteBehavior [ RunTime:0.000019s ]
INFO: [ app_init ] --END-- [ RunTime:0.000524s ]
INFO: [ app_begin ] --START--
INFO: Run Behavior\ReadHtmlCacheBehavior [ RunTime:0.000721s ]
INFO: [ app_begin ] --END-- [ RunTime:0.000794s ]
NOTIC: [8192] mysql_connect(): The mysql extension is deprecated and will be removed in the future: use mysqli or PDO instead G:\php\bazipaipan\ThinkPHP\Library\Think\Session\Driver\Db.class.php 第 95 行.
NOTIC: [8] Undefined index: birthday G:\php\bazipaipan\Application\Home\Controller\IndexController.class.php 第 34 行.
NOTIC: [8192] mysql_connect(): The mysql extension is deprecated and will be removed in the future: use mysqli or PDO instead G:\php\bazipaipan\ThinkPHP\Library\Think\Db\Driver\Mysql.class.php 第 52 行.
SQL: select zi from tb_zw_msgong where id=5 [ RunTime:0.002263s ]
SQL: select ny from tb_wedlock where name='戊戌' [ RunTime:0.002370s ]
SQL: select ny from tb_wedlock where name='戊午' [ RunTime:0.002331s ]
SQL: select ny from tb_wedlock where name='丙申' [ RunTime:0.002218s ]
SQL: select ny from tb_wedlock where name='戊子' [ RunTime:0.002328s ]
SQL: select wu from tb_shishen where id=3 [ RunTime:0.001120s ]
SQL: select wu from tb_shishen where id=3 [ RunTime:0.001163s ]
SQL: select wu from tb_shishen where id=3 [ RunTime:0.001180s ]
SQL: select xu from tb_dizhi_shishen where id=3 [ RunTime:0.001170s ]
SQL: select wu from tb_dizhi_shishen where id=3 [ RunTime:0.001176s ]
SQL: select shen from tb_dizhi_shishen where id=3 [ RunTime:0.001105s ]
SQL: select zi from tb_dizhi_shishen where id=3 [ RunTime:0.001144s ]
SQL: select xu,wu,shen,zi from tb_dizhi_shishen where id=11 [ RunTime:0.001279s ]
SQL: select name from tb_bz_wangshuai where bing='戌' [ RunTime:0.001509s ]
SQL: select name from tb_bz_wangshuai where bing='午' [ RunTime:0.001364s ]
SQL: select name from tb_bz_wangshuai where bing='申' [ RunTime:0.001186s ]
SQL: select name from tb_bz_wangshuai where bing='子' [ RunTime:0.001155s ]
SQL: select * from tb_24jieqi where year='2018' [ RunTime:0.001655s ]
NOTIC: [8] Undefined offset: 0 G:\php\bazipaipan\Application\Common\Common\function.php 第 54 行.
SQL: select ji from tb_shishen where id=3 [ RunTime:0.001233s ]
SQL: select geng from tb_shishen where id=3 [ RunTime:0.001235s ]
SQL: select xin from tb_shishen where id=3 [ RunTime:0.001120s ]
SQL: select ren from tb_shishen where id=3 [ RunTime:0.001111s ]
SQL: select gui from tb_shishen where id=3 [ RunTime:0.001171s ]
SQL: select jia from tb_shishen where id=3 [ RunTime:0.001111s ]
SQL: select yi from tb_shishen where id=3 [ RunTime:0.001129s ]
SQL: select bing from tb_shishen where id=3 [ RunTime:0.001209s ]
SQL: select * from tb_wuxingju where id=20 [ RunTime:0.000933s ]
SQL: select zwei from tb_zhuxingmwsx where id=7 [ RunTime:0.000928s ]
SQL: select lzhen from tb_zhuxingmwsx where id=11 [ RunTime:0.000948s ]
SQL: select ttong from tb_zhuxingmwsx where id=2 [ RunTime:0.000914s ]
SQL: select wuqu from tb_zhuxingmwsx where id=3 [ RunTime:0.000912s ]
SQL: select tyang from tb_zhuxingmwsx where id=4 [ RunTime:0.000887s ]
SQL: select tji from tb_zhuxingmwsx where id=6 [ RunTime:0.000986s ]
SQL: select tfu from tb_zhuxingmwsx where id=5 [ RunTime:0.000921s ]
SQL: select tyin from tb_zhuxingmwsx where id=6 [ RunTime:0.000987s ]
SQL: select tlang from tb_zhuxingmwsx where id=7 [ RunTime:0.000900s ]
SQL: select jmen from tb_zhuxingmwsx where id=8 [ RunTime:0.000936s ]
SQL: select txiang from tb_zhuxingmwsx where id=9 [ RunTime:0.000877s ]
SQL: select tliang from tb_zhuxingmwsx where id=10 [ RunTime:0.000872s ]
SQL: select qsha from tb_zhuxingmwsx where id=11 [ RunTime:0.000903s ]
SQL: select pjun from tb_zhuxingmwsx where id=3 [ RunTime:0.000913s ]
SQL: select * from tb_shengyuezx where id=5 [ RunTime:0.001019s ]
NOTIC: [8] Undefined offset: 4 G:\php\bazipaipan\Application\Home\Common\function.php 第 487 行.
NOTIC: [8] Undefined offset: 4 G:\php\bazipaipan\Application\Home\Common\function.php 第 487 行.
NOTIC: [8] Undefined offset: 11 G:\php\bazipaipan\Application\Home\Common\function.php 第 491 行.
NOTIC: [8] Undefined offset: 3 G:\php\bazipaipan\Application\Home\Common\function.php 第 493 行.
NOTIC: [8] Undefined offset: 5 G:\php\bazipaipan\Application\Home\Common\function.php 第 495 行.
NOTIC: [8] Undefined offset: 10 G:\php\bazipaipan\Application\Home\Common\function.php 第 499 行.
SQL: select * from tb_shengnianzx where id=11 [ RunTime:0.001340s ]
NOTIC: [8] Undefined offset: 2 G:\php\bazipaipan\Application\Home\Common\function.php 第 509 行.
NOTIC: [8] Undefined offset: 6 G:\php\bazipaipan\Application\Home\Common\function.php 第 513 行.
NOTIC: [8] Undefined offset: 5 G:\php\bazipaipan\Application\Home\Common\function.php 第 515 行.
NOTIC: [8] Undefined offset: 3 G:\php\bazipaipan\Application\Home\Common\function.php 第 517 行.
NOTIC: [8] Undefined offset: 0 G:\php\bazipaipan\Application\Home\Common\function.php 第 519 行.
NOTIC: [8] Undefined offset: 10 G:\php\bazipaipan\Application\Home\Common\function.php 第 521 行.
NOTIC: [8] Undefined offset: 11 G:\php\bazipaipan\Application\Home\Common\function.php 第 527 行.
NOTIC: [8] Undefined offset: 8 G:\php\bazipaipan\Application\Home\Common\function.php 第 531 行.
NOTIC: [8] Undefined offset: 1 G:\php\bazipaipan\Application\Home\Common\function.php 第 533 行.
SQL: select mzhu from tb_shengnianzx  where id=7 [ RunTime:0.000899s ]
SQL: select * from tb_shixizx where id=1 [ RunTime:0.000942s ]
SQL: select wchang from tb_zhuxingmwsx where id=8 [ RunTime:0.000889s ]
NOTIC: [8] Undefined offset: 8 G:\php\bazipaipan\Application\Home\Common\function.php 第 549 行.
SQL: select wqu from tb_zhuxingmwsx where id=2 [ RunTime:0.000936s ]
NOTIC: [8] Undefined offset: 2 G:\php\bazipaipan\Application\Home\Common\function.php 第 552 行.
NOTIC: [8] Undefined offset: 2 G:\php\bazipaipan\Application\Home\Common\function.php 第 552 行.
NOTIC: [8] Undefined offset: 9 G:\php\bazipaipan\Application\Home\Common\function.php 第 554 行.
NOTIC: [8] Undefined offset: 4 G:\php\bazipaipan\Application\Home\Common\function.php 第 558 行.
NOTIC: [8] Undefined offset: 0 G:\php\bazipaipan\Application\Home\Common\function.php 第 560 行.
SQL: select * from tb_shengniangx where id=5 [ RunTime:0.001270s ]
SQL: select qyang from tb_zhuxingmwsx where id=4 [ RunTime:0.001116s ]
NOTIC: [8] Undefined offset: 4 G:\php\bazipaipan\Application\Home\Common\function.php 第 568 行.
SQL: select tluo from tb_zhuxingmwsx where id=2 [ RunTime:0.000897s ]
NOTIC: [8] Undefined offset: 2 G:\php\bazipaipan\Application\Home\Common\function.php 第 571 行.
NOTIC: [8] Undefined offset: 2 G:\php\bazipaipan\Application\Home\Common\function.php 第 571 行.
NOTIC: [8] Undefined offset: 5 G:\php\bazipaipan\Application\Home\Common\function.php 第 573 行.
NOTIC: [8] Undefined offset: 5 G:\php\bazipaipan\Application\Home\Common\function.php 第 573 行.
NOTIC: [8] Undefined offset: 11 G:\php\bazipaipan\Application\Home\Common\function.php 第 575 行.
NOTIC: [8] Undefined offset: 11 G:\php\bazipaipan\Application\Home\Common\function.php 第 575 行.
NOTIC: [8] Undefined offset: 3 G:\php\bazipaipan\Application\Home\Common\function.php 第 577 行.
NOTIC: [8] Undefined offset: 3 G:\php\bazipaipan\Application\Home\Common\function.php 第 577 行.
NOTIC: [8] Undefined offset: 1 G:\php\bazipaipan\Application\Home\Common\function.php 第 579 行.
NOTIC: [8] Undefined offset: 10 G:\php\bazipaipan\Application\Home\Common\function.php 第 583 行.
SQL: select ywx from tb_huoxing where id=1 [ RunTime:0.000990s ]
SQL: select hxing from tb_zhuxingmwsx where id=11 [ RunTime:0.000863s ]
NOTIC: [8] Undefined offset: 11 G:\php\bazipaipan\Application\Home\Common\function.php 第 746 行.
SQL: select ywx from tb_lingxing where id=1 [ RunTime:0.000883s ]
SQL: select lxing from tb_zhuxingmwsx where id=1 [ RunTime:0.000907s ]
NOTIC: [8] Undefined offset: 1 G:\php\bazipaipan\Application\Home\Common\function.php 第 764 行.
NOTIC: [8] Undefined offset: 1 G:\php\bazipaipan\Application\Home\Common\function.php 第 764 行.
NOTIC: [8] Undefined offset: -3 G:\php\bazipaipan\Application\Home\Common\function.php 第 779 行.
NOTIC: [8] Undefined offset: 8 G:\php\bazipaipan\Application\Home\Common\function.php 第 785 行.
NOTIC: [8] Undefined offset: 2 G:\php\bazipaipan\Application\Home\Common\function.php 第 791 行.
NOTIC: [8] Undefined offset: 9 G:\php\bazipaipan\Application\Home\Common\function.php 第 804 行.
SQL: select * from tb_sihua where id=5 [ RunTime:0.001063s ]
NOTIC: [8] Undefined offset: 6 G:\php\bazipaipan\Application\Home\Common\function.php 第 821 行.
NOTIC: [8] Undefined offset: 8 G:\php\bazipaipan\Application\Home\Common\function.php 第 828 行.
NOTIC: [8] Undefined offset: 1 G:\php\bazipaipan\Application\Home\Common\function.php 第 837 行.
NOTIC: [8] Undefined offset: 0 G:\php\bazipaipan\Application\Home\Common\function.php 第 851 行.
SQL: select * from tb_wedlock where name='丙申' [ RunTime:0.001221s ]
NOTIC: [8] Undefined offset: 2 G:\php\bazipaipan\Application\Home\Common\function.php 第 904 行.
INFO: [ view_parse ] --START--
INFO: [ template_filter ] --START--
INFO: Run Behavior\ContentReplaceBehavior [ RunTime:0.000204s ]
INFO: [ template_filter ] --END-- [ RunTime:0.000259s ]
INFO: Run Behavior\ParseTemplateBehavior [ RunTime:0.014658s ]
INFO: [ view_parse ] --END-- [ RunTime:0.014722s ]
INFO: [ view_filter ] --START--
INFO: Run Behavior\WriteHtmlCacheBehavior [ RunTime:0.000381s ]
INFO: [ view_filter ] --END-- [ RunTime:0.000433s ]
INFO: [ app_end ] --START--
INFO: Run Behavior\ShowPageTraceBehavior [ RunTime:0.000731s ]
INFO: [ app_end ] --END-- [ RunTime:0.000824s ]

[ 2018-09-03T10:42:10+08:00 ] ::1 /bazipaipan/index.php/Home/Index/index
INFO: [ app_init ] --START--
INFO: Run Behavior\BuildLiteBehavior [ RunTime:0.000067s ]
INFO: [ app_init ] --END-- [ RunTime:0.000614s ]
INFO: [ app_begin ] --START--
INFO: Run Behavior\ReadHtmlCacheBehavior [ RunTime:0.000663s ]
INFO: [ app_begin ] --END-- [ RunTime:0.000739s ]
NOTIC: [8192] mysql_connect(): The mysql extension is deprecated and will be removed in the future: use mysqli or PDO instead G:\php\bazipaipan\ThinkPHP\Library\Think\Session\Driver\Db.class.php 第 95 行.
NOTIC: [8] Undefined index: uid G:\php\bazipaipan\Application\Home\Controller\IndexController.class.php 第 8 行.
INFO: [ view_parse ] --START--
INFO: [ template_filter ] --START--
INFO: Run Behavior\ContentReplaceBehavior [ RunTime:0.000299s ]
INFO: [ template_filter ] --END-- [ RunTime:0.000390s ]
INFO: Run Behavior\ParseTemplateBehavior [ RunTime:0.015581s ]
INFO: [ view_parse ] --END-- [ RunTime:0.015693s ]
INFO: [ view_filter ] --START--
INFO: Run Behavior\WriteHtmlCacheBehavior [ RunTime:0.000567s ]
INFO: [ view_filter ] --END-- [ RunTime:0.000646s ]
INFO: [ app_end ] --START--
INFO: Run Behavior\ShowPageTraceBehavior [ RunTime:0.000982s ]
INFO: [ app_end ] --END-- [ RunTime:0.001087s ]

[ 2018-09-03T10:42:14+08:00 ] ::1 /bazipaipan/index.php/Home/Index/msgs
INFO: [ app_init ] --START--
INFO: Run Behavior\BuildLiteBehavior [ RunTime:0.000025s ]
INFO: [ app_init ] --END-- [ RunTime:0.000554s ]
INFO: [ app_begin ] --START--
INFO: Run Behavior\ReadHtmlCacheBehavior [ RunTime:0.000650s ]
INFO: [ app_begin ] --END-- [ RunTime:0.000718s ]
NOTIC: [8192] mysql_connect(): The mysql extension is deprecated and will be removed in the future: use mysqli or PDO instead G:\php\bazipaipan\ThinkPHP\Library\Think\Session\Driver\Db.class.php 第 95 行.
INFO: [ view_parse ] --START--
INFO: [ template_filter ] --START--
INFO: Run Behavior\ContentReplaceBehavior [ RunTime:0.000159s ]
INFO: [ template_filter ] --END-- [ RunTime:0.000242s ]
INFO: Run Behavior\ParseTemplateBehavior [ RunTime:0.027521s ]
INFO: [ view_parse ] --END-- [ RunTime:0.027633s ]
INFO: [ view_filter ] --START--
INFO: Run Behavior\WriteHtmlCacheBehavior [ RunTime:0.000512s ]
INFO: [ view_filter ] --END-- [ RunTime:0.000587s ]
INFO: [ app_end ] --START--
INFO: Run Behavior\ShowPageTraceBehavior [ RunTime:0.001083s ]
INFO: [ app_end ] --END-- [ RunTime:0.001193s ]

[ 2018-09-03T10:42:26+08:00 ] ::1 /bazipaipan/index.php/Home/Index/moren?moren=1&id=75214
INFO: [ app_init ] --START--
INFO: Run Behavior\BuildLiteBehavior [ RunTime:0.000015s ]
INFO: [ app_init ] --END-- [ RunTime:0.000511s ]
INFO: [ app_begin ] --START--
INFO: Run Behavior\ReadHtmlCacheBehavior [ RunTime:0.000628s ]
INFO: [ app_begin ] --END-- [ RunTime:0.000697s ]
NOTIC: [8192] mysql_connect(): The mysql extension is deprecated and will be removed in the future: use mysqli or PDO instead G:\php\bazipaipan\ThinkPHP\Library\Think\Session\Driver\Db.class.php 第 95 行.

[ 2018-09-03T10:42:27+08:00 ] ::1 /bazipaipan/index.php/Home/Index/index
INFO: [ app_init ] --START--
INFO: Run Behavior\BuildLiteBehavior [ RunTime:0.000018s ]
INFO: [ app_init ] --END-- [ RunTime:0.000534s ]
INFO: [ app_begin ] --START--
INFO: Run Behavior\ReadHtmlCacheBehavior [ RunTime:0.001145s ]
INFO: [ app_begin ] --END-- [ RunTime:0.001379s ]
NOTIC: [8192] mysql_connect(): The mysql extension is deprecated and will be removed in the future: use mysqli or PDO instead G:\php\bazipaipan\ThinkPHP\Library\Think\Session\Driver\Db.class.php 第 95 行.
NOTIC: [8] Undefined index: uid G:\php\bazipaipan\Application\Home\Controller\IndexController.class.php 第 8 行.
INFO: [ view_parse ] --START--
INFO: [ template_filter ] --START--
INFO: Run Behavior\ContentReplaceBehavior [ RunTime:0.000655s ]
INFO: [ template_filter ] --END-- [ RunTime:0.000824s ]
INFO: Run Behavior\ParseTemplateBehavior [ RunTime:0.031570s ]
INFO: [ view_parse ] --END-- [ RunTime:0.031784s ]
INFO: [ view_filter ] --START--
INFO: Run Behavior\WriteHtmlCacheBehavior [ RunTime:0.001111s ]
INFO: [ view_filter ] --END-- [ RunTime:0.001273s ]
INFO: [ app_end ] --START--
INFO: Run Behavior\ShowPageTraceBehavior [ RunTime:0.002116s ]
INFO: [ app_end ] --END-- [ RunTime:0.002232s ]

[ 2018-09-03T10:42:33+08:00 ] ::1 /bazipaipan/index.php/Home/Index/pp_msg?arrnumber=0
INFO: [ app_init ] --START--
INFO: Run Behavior\BuildLiteBehavior [ RunTime:0.000018s ]
INFO: [ app_init ] --END-- [ RunTime:0.000671s ]
INFO: [ app_begin ] --START--
INFO: Run Behavior\ReadHtmlCacheBehavior [ RunTime:0.000613s ]
INFO: [ app_begin ] --END-- [ RunTime:0.000685s ]
NOTIC: [8192] mysql_connect(): The mysql extension is deprecated and will be removed in the future: use mysqli or PDO instead G:\php\bazipaipan\ThinkPHP\Library\Think\Session\Driver\Db.class.php 第 95 行.
NOTIC: [8] Undefined index: birthday G:\php\bazipaipan\Application\Home\Controller\IndexController.class.php 第 34 行.
NOTIC: [8192] mysql_connect(): The mysql extension is deprecated and will be removed in the future: use mysqli or PDO instead G:\php\bazipaipan\ThinkPHP\Library\Think\Db\Driver\Mysql.class.php 第 52 行.
SQL: select wu from tb_zw_msgong where id=1 [ RunTime:0.002150s ]
SQL: select ny from tb_wedlock where name='乙未' [ RunTime:0.002373s ]
SQL: select ny from tb_wedlock where name='己卯' [ RunTime:0.002864s ]
SQL: select ny from tb_wedlock where name='壬午' [ RunTime:0.002284s ]
SQL: select ny from tb_wedlock where name='丙午' [ RunTime:0.002261s ]
SQL: select yi from tb_shishen where id=9 [ RunTime:0.002008s ]
SQL: select ji from tb_shishen where id=9 [ RunTime:0.001786s ]
SQL: select bing from tb_shishen where id=9 [ RunTime:0.001249s ]
SQL: select wei from tb_dizhi_shishen where id=9 [ RunTime:0.001120s ]
SQL: select mao from tb_dizhi_shishen where id=9 [ RunTime:0.001242s ]
SQL: select wu from tb_dizhi_shishen where id=9 [ RunTime:0.001144s ]
SQL: select wu from tb_dizhi_shishen where id=9 [ RunTime:0.001116s ]
SQL: select wei,mao,wu,wu from tb_dizhi_shishen where id=11 [ RunTime:0.001239s ]
SQL: select name from tb_bz_wangshuai where ren='未' [ RunTime:0.001304s ]
SQL: select name from tb_bz_wangshuai where ren='卯' [ RunTime:0.001298s ]
SQL: select name from tb_bz_wangshuai where ren='午' [ RunTime:0.001193s ]
SQL: select name from tb_bz_wangshuai where ren='午' [ RunTime:0.001139s ]
SQL: select * from tb_24jieqi where year='2015' [ RunTime:0.001462s ]
NOTIC: [8] Undefined offset: 0 G:\php\bazipaipan\Application\Common\Common\function.php 第 54 行.
SQL: select * from tb_24jieqi where year='2015' [ RunTime:0.001428s ]
NOTIC: [8] Undefined offset: 0 G:\php\bazipaipan\Application\Common\Common\function.php 第 54 行.
SQL: select wu from tb_shishen where id=9 [ RunTime:0.001120s ]
SQL: select ding from tb_shishen where id=9 [ RunTime:0.001134s ]
SQL: select bing from tb_shishen where id=9 [ RunTime:0.001344s ]
SQL: select yi from tb_shishen where id=9 [ RunTime:0.001414s ]
SQL: select jia from tb_shishen where id=9 [ RunTime:0.001283s ]
SQL: select gui from tb_shishen where id=9 [ RunTime:0.001133s ]
SQL: select ren from tb_shishen where id=9 [ RunTime:0.001195s ]
SQL: select xin from tb_shishen where id=9 [ RunTime:0.001269s ]
SQL: select * from tb_wuxingju where id=17 [ RunTime:0.001142s ]
SQL: select zwei from tb_zhuxingmwsx where id=7 [ RunTime:0.000931s ]
SQL: select lzhen from tb_zhuxingmwsx where id=11 [ RunTime:0.000937s ]
SQL: select ttong from tb_zhuxingmwsx where id=2 [ RunTime:0.000915s ]
SQL: select wuqu from tb_zhuxingmwsx where id=3 [ RunTime:0.000875s ]
SQL: select tyang from tb_zhuxingmwsx where id=4 [ RunTime:0.000877s ]
SQL: select tji from tb_zhuxingmwsx where id=6 [ RunTime:0.000857s ]
SQL: select tfu from tb_zhuxingmwsx where id=5 [ RunTime:0.000979s ]
SQL: select tyin from tb_zhuxingmwsx where id=6 [ RunTime:0.000897s ]
SQL: select tlang from tb_zhuxingmwsx where id=7 [ RunTime:0.000887s ]
SQL: select jmen from tb_zhuxingmwsx where id=8 [ RunTime:0.000913s ]
SQL: select txiang from tb_zhuxingmwsx where id=9 [ RunTime:0.000905s ]
SQL: select tliang from tb_zhuxingmwsx where id=10 [ RunTime:0.000892s ]
SQL: select qsha from tb_zhuxingmwsx where id=11 [ RunTime:0.000982s ]
SQL: select pjun from tb_zhuxingmwsx where id=3 [ RunTime:0.001265s ]
SQL: select * from tb_shengyuezx where id=1 [ RunTime:0.001243s ]
NOTIC: [8] Undefined offset: 8 G:\php\bazipaipan\Application\Home\Common\function.php 第 487 行.
NOTIC: [8] Undefined offset: 8 G:\php\bazipaipan\Application\Home\Common\function.php 第 487 行.
NOTIC: [8] Undefined offset: 0 G:\php\bazipaipan\Application\Home\Common\function.php 第 489 行.
NOTIC: [8] Undefined offset: 7 G:\php\bazipaipan\Application\Home\Common\function.php 第 491 行.
NOTIC: [8] Undefined offset: 11 G:\php\bazipaipan\Application\Home\Common\function.php 第 493 行.
NOTIC: [8] Undefined offset: 3 G:\php\bazipaipan\Application\Home\Common\function.php 第 497 行.
NOTIC: [8] Undefined offset: 6 G:\php\bazipaipan\Application\Home\Common\function.php 第 499 行.
SQL: select * from tb_shengnianzx where id=8 [ RunTime:0.001059s ]
NOTIC: [8] Undefined offset: 11 G:\php\bazipaipan\Application\Home\Common\function.php 第 509 行.
NOTIC: [8] Undefined offset: 6 G:\php\bazipaipan\Application\Home\Common\function.php 第 511 行.
NOTIC: [8] Undefined offset: 9 G:\php\bazipaipan\Application\Home\Common\function.php 第 513 行.
NOTIC: [8] Undefined offset: 2 G:\php\bazipaipan\Application\Home\Common\function.php 第 515 行.
NOTIC: [8] Undefined offset: 1 G:\php\bazipaipan\Application\Home\Common\function.php 第 521 行.
NOTIC: [8] Undefined offset: 5 G:\php\bazipaipan\Application\Home\Common\function.php 第 531 行.
NOTIC: [8] Undefined offset: 10 G:\php\bazipaipan\Application\Home\Common\function.php 第 533 行.
NOTIC: [8] Undefined offset: 3 G:\php\bazipaipan\Application\Home\Common\function.php 第 537 行.
NOTIC: [8] Undefined offset: 3 G:\php\bazipaipan\Application\Home\Common\function.php 第 537 行.
SQL: select mzhu from tb_shengnianzx  where id=9 [ RunTime:0.000858s ]
SQL: select * from tb_shixizx where id=7 [ RunTime:0.000895s ]
SQL: select wchang from tb_zhuxingmwsx where id=2 [ RunTime:0.000857s ]
SQL: select wqu from tb_zhuxingmwsx where id=8 [ RunTime:0.000848s ]
NOTIC: [8] Undefined offset: 8 G:\php\bazipaipan\Application\Home\Common\function.php 第 552 行.
NOTIC: [8] Undefined offset: 3 G:\php\bazipaipan\Application\Home\Common\function.php 第 554 行.
NOTIC: [8] Undefined offset: 10 G:\php\bazipaipan\Application\Home\Common\function.php 第 558 行.
NOTIC: [8] Undefined offset: 6 G:\php\bazipaipan\Application\Home\Common\function.php 第 560 行.
SQL: select * from tb_shengniangx where id=2 [ RunTime:0.001022s ]
SQL: select qyang from tb_zhuxingmwsx where id=2 [ RunTime:0.000898s ]
NOTIC: [8] Undefined offset: 2 G:\php\bazipaipan\Application\Home\Common\function.php 第 568 行.
SQL: select tluo from tb_zhuxingmwsx where id=0 [ RunTime:0.000881s ]
NOTIC: [8] Undefined offset: 0 G:\php\bazipaipan\Application\Home\Common\function.php 第 571 行.
NOTIC: [8] Undefined offset: 0 G:\php\bazipaipan\Application\Home\Common\function.php 第 571 行.
NOTIC: [8] Undefined offset: 6 G:\php\bazipaipan\Application\Home\Common\function.php 第 573 行.
NOTIC: [8] Undefined offset: 6 G:\php\bazipaipan\Application\Home\Common\function.php 第 573 行.
NOTIC: [8] Undefined offset: 10 G:\php\bazipaipan\Application\Home\Common\function.php 第 575 行.
NOTIC: [8] Undefined offset: 10 G:\php\bazipaipan\Application\Home\Common\function.php 第 575 行.
NOTIC: [8] Undefined offset: 1 G:\php\bazipaipan\Application\Home\Common\function.php 第 577 行.
NOTIC: [8] Undefined offset: 1 G:\php\bazipaipan\Application\Home\Common\function.php 第 577 行.
NOTIC: [8] Undefined offset: 4 G:\php\bazipaipan\Application\Home\Common\function.php 第 583 行.
NOTIC: [8] Undefined offset: 7 G:\php\bazipaipan\Application\Home\Common\function.php 第 591 行.
SQL: select hmw from tb_huoxing where id=7 [ RunTime:0.000922s ]
SQL: select hxing from tb_zhuxingmwsx where id=1 [ RunTime:0.000900s ]
NOTIC: [8] Undefined offset: 1 G:\php\bazipaipan\Application\Home\Common\function.php 第 746 行.
SQL: select hmw from tb_lingxing where id=7 [ RunTime:0.000952s ]
SQL: select lxing from tb_zhuxingmwsx where id=2 [ RunTime:0.000960s ]
NOTIC: [8] Undefined offset: 2 G:\php\bazipaipan\Application\Home\Common\function.php 第 764 行.
NOTIC: [8] Undefined offset: 6 G:\php\bazipaipan\Application\Home\Common\function.php 第 772 行.
NOTIC: [8] Undefined offset: 4 G:\php\bazipaipan\Application\Home\Common\function.php 第 779 行.
NOTIC: [8] Undefined offset: 11 G:\php\bazipaipan\Application\Home\Common\function.php 第 785 行.
NOTIC: [8] Undefined offset: 5 G:\php\bazipaipan\Application\Home\Common\function.php 第 791 行.
SQL: select * from tb_sihua where id=2 [ RunTime:0.001067s ]
NOTIC: [8] Undefined offset: 7 G:\php\bazipaipan\Application\Home\Common\function.php 第 821 行.
NOTIC: [8] Undefined offset: 9 G:\php\bazipaipan\Application\Home\Common\function.php 第 828 行.
NOTIC: [8] Undefined offset: 6 G:\php\bazipaipan\Application\Home\Common\function.php 第 837 行.
NOTIC: [8] Undefined offset: 0 G:\php\bazipaipan\Application\Home\Common\function.php 第 851 行.
SQL: select * from tb_wedlock where name='壬午' [ RunTime:0.001272s ]
NOTIC: [8] Undefined offset: 4 G:\php\bazipaipan\Application\Home\Common\function.php 第 904 行.
NOTIC: [8] Undefined offset: 4 G:\php\bazipaipan\Application\Home\Common\function.php 第 905 行.
NOTIC: [8] Undefined offset: 4 G:\php\bazipaipan\Application\Home\Common\function.php 第 908 行.
INFO: [ view_parse ] --START--
INFO: [ template_filter ] --START--
INFO: Run Behavior\ContentReplaceBehavior [ RunTime:0.000244s ]
INFO: [ template_filter ] --END-- [ RunTime:0.000305s ]
INFO: Run Behavior\ParseTemplateBehavior [ RunTime:0.015543s ]
INFO: [ view_parse ] --END-- [ RunTime:0.015632s ]
INFO: [ view_filter ] --START--
INFO: Run Behavior\WriteHtmlCacheBehavior [ RunTime:0.000572s ]
INFO: [ view_filter ] --END-- [ RunTime:0.000625s ]
INFO: [ app_end ] --START--
INFO: Run Behavior\ShowPageTraceBehavior [ RunTime:0.000893s ]
INFO: [ app_end ] --END-- [ RunTime:0.000980s ]

[ 2018-09-03T10:42:34+08:00 ] ::1 /bazipaipan/index.php/Home/Index/generateImg
INFO: [ app_init ] --START--
INFO: Run Behavior\BuildLiteBehavior [ RunTime:0.000020s ]
INFO: [ app_init ] --END-- [ RunTime:0.000729s ]
INFO: [ app_begin ] --START--
INFO: Run Behavior\ReadHtmlCacheBehavior [ RunTime:0.001087s ]
INFO: [ app_begin ] --END-- [ RunTime:0.001197s ]
NOTIC: [8192] mysql_connect(): The mysql extension is deprecated and will be removed in the future: use mysqli or PDO instead G:\php\bazipaipan\ThinkPHP\Library\Think\Session\Driver\Db.class.php 第 95 行.
INFO: [ app_end ] --START--
INFO: Run Behavior\ShowPageTraceBehavior [ RunTime:0.000927s ]
INFO: [ app_end ] --END-- [ RunTime:0.001041s ]

[ 2018-09-03T10:42:37+08:00 ] ::1 /bazipaipan/index.php/Home/Index/pp_msg?arrnumber=0
INFO: [ app_init ] --START--
INFO: Run Behavior\BuildLiteBehavior [ RunTime:0.000022s ]
INFO: [ app_init ] --END-- [ RunTime:0.000857s ]
INFO: [ app_begin ] --START--
INFO: Run Behavior\ReadHtmlCacheBehavior [ RunTime:0.000634s ]
INFO: [ app_begin ] --END-- [ RunTime:0.000712s ]
NOTIC: [8192] mysql_connect(): The mysql extension is deprecated and will be removed in the future: use mysqli or PDO instead G:\php\bazipaipan\ThinkPHP\Library\Think\Session\Driver\Db.class.php 第 95 行.
NOTIC: [8] Undefined index: birthday G:\php\bazipaipan\Application\Home\Controller\IndexController.class.php 第 34 行.
NOTIC: [8192] mysql_connect(): The mysql extension is deprecated and will be removed in the future: use mysqli or PDO instead G:\php\bazipaipan\ThinkPHP\Library\Think\Db\Driver\Mysql.class.php 第 52 行.
SQL: select wu from tb_zw_msgong where id=1 [ RunTime:0.001162s ]
SQL: select ny from tb_wedlock where name='乙未' [ RunTime:0.001300s ]
SQL: select ny from tb_wedlock where name='己卯' [ RunTime:0.001296s ]
SQL: select ny from tb_wedlock where name='壬午' [ RunTime:0.001331s ]
SQL: select ny from tb_wedlock where name='丙午' [ RunTime:0.001137s ]
SQL: select yi from tb_shishen where id=9 [ RunTime:0.000886s ]
SQL: select ji from tb_shishen where id=9 [ RunTime:0.001073s ]
SQL: select bing from tb_shishen where id=9 [ RunTime:0.000952s ]
SQL: select wei from tb_dizhi_shishen where id=9 [ RunTime:0.000983s ]
SQL: select mao from tb_dizhi_shishen where id=9 [ RunTime:0.001805s ]
SQL: select wu from tb_dizhi_shishen where id=9 [ RunTime:0.001190s ]
SQL: select wu from tb_dizhi_shishen where id=9 [ RunTime:0.000883s ]
SQL: select wei,mao,wu,wu from tb_dizhi_shishen where id=11 [ RunTime:0.000933s ]
SQL: select name from tb_bz_wangshuai where ren='未' [ RunTime:0.000933s ]
SQL: select name from tb_bz_wangshuai where ren='卯' [ RunTime:0.000922s ]
SQL: select name from tb_bz_wangshuai where ren='午' [ RunTime:0.001088s ]
SQL: select name from tb_bz_wangshuai where ren='午' [ RunTime:0.001001s ]
SQL: select * from tb_24jieqi where year='2015' [ RunTime:0.001333s ]
NOTIC: [8] Undefined offset: 0 G:\php\bazipaipan\Application\Common\Common\function.php 第 54 行.
SQL: select * from tb_24jieqi where year='2015' [ RunTime:0.001357s ]
NOTIC: [8] Undefined offset: 0 G:\php\bazipaipan\Application\Common\Common\function.php 第 54 行.
SQL: select wu from tb_shishen where id=9 [ RunTime:0.001079s ]
SQL: select ding from tb_shishen where id=9 [ RunTime:0.001067s ]
SQL: select bing from tb_shishen where id=9 [ RunTime:0.001022s ]
SQL: select yi from tb_shishen where id=9 [ RunTime:0.001545s ]
SQL: select jia from tb_shishen where id=9 [ RunTime:0.001355s ]
SQL: select gui from tb_shishen where id=9 [ RunTime:0.000905s ]
SQL: select ren from tb_shishen where id=9 [ RunTime:0.000885s ]
SQL: select xin from tb_shishen where id=9 [ RunTime:0.000930s ]
SQL: select * from tb_wuxingju where id=17 [ RunTime:0.000947s ]
SQL: select zwei from tb_zhuxingmwsx where id=7 [ RunTime:0.000912s ]
SQL: select lzhen from tb_zhuxingmwsx where id=11 [ RunTime:0.000915s ]
SQL: select ttong from tb_zhuxingmwsx where id=2 [ RunTime:0.000955s ]
SQL: select wuqu from tb_zhuxingmwsx where id=3 [ RunTime:0.000892s ]
SQL: select tyang from tb_zhuxingmwsx where id=4 [ RunTime:0.000981s ]
SQL: select tji from tb_zhuxingmwsx where id=6 [ RunTime:0.000913s ]
SQL: select tfu from tb_zhuxingmwsx where id=5 [ RunTime:0.000893s ]
SQL: select tyin from tb_zhuxingmwsx where id=6 [ RunTime:0.000864s ]
SQL: select tlang from tb_zhuxingmwsx where id=7 [ RunTime:0.000913s ]
SQL: select jmen from tb_zhuxingmwsx where id=8 [ RunTime:0.001343s ]
SQL: select txiang from tb_zhuxingmwsx where id=9 [ RunTime:0.001120s ]
SQL: select tliang from tb_zhuxingmwsx where id=10 [ RunTime:0.001043s ]
SQL: select qsha from tb_zhuxingmwsx where id=11 [ RunTime:0.000972s ]
SQL: select pjun from tb_zhuxingmwsx where id=3 [ RunTime:0.000899s ]
SQL: select * from tb_shengyuezx where id=1 [ RunTime:0.000971s ]
NOTIC: [8] Undefined offset: 8 G:\php\bazipaipan\Application\Home\Common\function.php 第 487 行.
NOTIC: [8] Undefined offset: 8 G:\php\bazipaipan\Application\Home\Common\function.php 第 487 行.
NOTIC: [8] Undefined offset: 0 G:\php\bazipaipan\Application\Home\Common\function.php 第 489 行.
NOTIC: [8] Undefined offset: 7 G:\php\bazipaipan\Application\Home\Common\function.php 第 491 行.
NOTIC: [8] Undefined offset: 11 G:\php\bazipaipan\Application\Home\Common\function.php 第 493 行.
NOTIC: [8] Undefined offset: 3 G:\php\bazipaipan\Application\Home\Common\function.php 第 497 行.
NOTIC: [8] Undefined offset: 6 G:\php\bazipaipan\Application\Home\Common\function.php 第 499 行.
SQL: select * from tb_shengnianzx where id=8 [ RunTime:0.001055s ]
NOTIC: [8] Undefined offset: 11 G:\php\bazipaipan\Application\Home\Common\function.php 第 509 行.
NOTIC: [8] Undefined offset: 6 G:\php\bazipaipan\Application\Home\Common\function.php 第 511 行.
NOTIC: [8] Undefined offset: 9 G:\php\bazipaipan\Application\Home\Common\function.php 第 513 行.
NOTIC: [8] Undefined offset: 2 G:\php\bazipaipan\Application\Home\Common\function.php 第 515 行.
NOTIC: [8] Undefined offset: 1 G:\php\bazipaipan\Application\Home\Common\function.php 第 521 行.
NOTIC: [8] Undefined offset: 5 G:\php\bazipaipan\Application\Home\Common\function.php 第 531 行.
NOTIC: [8] Undefined offset: 10 G:\php\bazipaipan\Application\Home\Common\function.php 第 533 行.
NOTIC: [8] Undefined offset: 3 G:\php\bazipaipan\Application\Home\Common\function.php 第 537 行.
NOTIC: [8] Undefined offset: 3 G:\php\bazipaipan\Application\Home\Common\function.php 第 537 行.
SQL: select mzhu from tb_shengnianzx  where id=9 [ RunTime:0.000872s ]
SQL: select * from tb_shixizx where id=7 [ RunTime:0.000957s ]
SQL: select wchang from tb_zhuxingmwsx where id=2 [ RunTime:0.001177s ]
SQL: select wqu from tb_zhuxingmwsx where id=8 [ RunTime:0.001095s ]
NOTIC: [8] Undefined offset: 8 G:\php\bazipaipan\Application\Home\Common\function.php 第 552 行.
NOTIC: [8] Undefined offset: 3 G:\php\bazipaipan\Application\Home\Common\function.php 第 554 行.
NOTIC: [8] Undefined offset: 10 G:\php\bazipaipan\Application\Home\Common\function.php 第 558 行.
NOTIC: [8] Undefined offset: 6 G:\php\bazipaipan\Application\Home\Common\function.php 第 560 行.
SQL: select * from tb_shengniangx where id=2 [ RunTime:0.001000s ]
SQL: select qyang from tb_zhuxingmwsx where id=2 [ RunTime:0.000916s ]
NOTIC: [8] Undefined offset: 2 G:\php\bazipaipan\Application\Home\Common\function.php 第 568 行.
SQL: select tluo from tb_zhuxingmwsx where id=0 [ RunTime:0.000947s ]
NOTIC: [8] Undefined offset: 0 G:\php\bazipaipan\Application\Home\Common\function.php 第 571 行.
NOTIC: [8] Undefined offset: 0 G:\php\bazipaipan\Application\Home\Common\function.php 第 571 行.
NOTIC: [8] Undefined offset: 6 G:\php\bazipaipan\Application\Home\Common\function.php 第 573 行.
NOTIC: [8] Undefined offset: 6 G:\php\bazipaipan\Application\Home\Common\function.php 第 573 行.
NOTIC: [8] Undefined offset: 10 G:\php\bazipaipan\Application\Home\Common\function.php 第 575 行.
NOTIC: [8] Undefined offset: 10 G:\php\bazipaipan\Application\Home\Common\function.php 第 575 行.
NOTIC: [8] Undefined offset: 1 G:\php\bazipaipan\Application\Home\Common\function.php 第 577 行.
NOTIC: [8] Undefined offset: 1 G:\php\bazipaipan\Application\Home\Common\function.php 第 577 行.
NOTIC: [8] Undefined offset: 4 G:\php\bazipaipan\Application\Home\Common\function.php 第 583 行.
NOTIC: [8] Undefined offset: 7 G:\php\bazipaipan\Application\Home\Common\function.php 第 591 行.
SQL: select hmw from tb_huoxing where id=7 [ RunTime:0.001110s ]
SQL: select hxing from tb_zhuxingmwsx where id=1 [ RunTime:0.000881s ]
NOTIC: [8] Undefined offset: 1 G:\php\bazipaipan\Application\Home\Common\function.php 第 746 行.
SQL: select hmw from tb_lingxing where id=7 [ RunTime:0.000888s ]
SQL: select lxing from tb_zhuxingmwsx where id=2 [ RunTime:0.000863s ]
NOTIC: [8] Undefined offset: 2 G:\php\bazipaipan\Application\Home\Common\function.php 第 764 行.
NOTIC: [8] Undefined offset: 6 G:\php\bazipaipan\Application\Home\Common\function.php 第 772 行.
NOTIC: [8] Undefined offset: 4 G:\php\bazipaipan\Application\Home\Common\function.php 第 779 行.
NOTIC: [8] Undefined offset: 11 G:\php\bazipaipan\Application\Home\Common\function.php 第 785 行.
NOTIC: [8] Undefined offset: 5 G:\php\bazipaipan\Application\Home\Common\function.php 第 791 行.
SQL: select * from tb_sihua where id=2 [ RunTime:0.000915s ]
NOTIC: [8] Undefined offset: 7 G:\php\bazipaipan\Application\Home\Common\function.php 第 821 行.
NOTIC: [8] Undefined offset: 9 G:\php\bazipaipan\Application\Home\Common\function.php 第 828 行.
NOTIC: [8] Undefined offset: 6 G:\php\bazipaipan\Application\Home\Common\function.php 第 837 行.
NOTIC: [8] Undefined offset: 0 G:\php\bazipaipan\Application\Home\Common\function.php 第 851 行.
SQL: select * from tb_wedlock where name='壬午' [ RunTime:0.001188s ]
NOTIC: [8] Undefined offset: 4 G:\php\bazipaipan\Application\Home\Common\function.php 第 904 行.
NOTIC: [8] Undefined offset: 4 G:\php\bazipaipan\Application\Home\Common\function.php 第 905 行.
NOTIC: [8] Undefined offset: 4 G:\php\bazipaipan\Application\Home\Common\function.php 第 908 行.
INFO: [ view_parse ] --START--
INFO: [ template_filter ] --START--
INFO: Run Behavior\ContentReplaceBehavior [ RunTime:0.000202s ]
INFO: [ template_filter ] --END-- [ RunTime:0.000265s ]
INFO: Run Behavior\ParseTemplateBehavior [ RunTime:0.019856s ]
INFO: [ view_parse ] --END-- [ RunTime:0.019926s ]
INFO: [ view_filter ] --START--
INFO: Run Behavior\WriteHtmlCacheBehavior [ RunTime:0.000457s ]
INFO: [ view_filter ] --END-- [ RunTime:0.000512s ]
INFO: [ app_end ] --START--
INFO: Run Behavior\ShowPageTraceBehavior [ RunTime:0.000853s ]
INFO: [ app_end ] --END-- [ RunTime:0.000943s ]

