[ 2018-07-03T11:29:06+08:00 ] ::1 /bazipaipan/
INFO: [ app_init ] --START--
INFO: Run Behavior\BuildLiteBehavior [ RunTime:0.000021s ]
INFO: [ app_init ] --END-- [ RunTime:0.002481s ]
INFO: [ app_begin ] --START--
INFO: Run Behavior\ReadHtmlCacheBehavior [ RunTime:0.002348s ]
INFO: [ app_begin ] --END-- [ RunTime:0.002472s ]
NOTIC: [8192] mysql_connect(): The mysql extension is deprecated and will be removed in the future: use mysqli or PDO instead G:\php\bazipaipan\ThinkPHP\Library\Think\Session\Driver\Db.class.php 第 95 行.
NOTIC: [8] Undefined index: uid G:\php\bazipaipan\Application\Home\Controller\IndexController.class.php 第 8 行.
INFO: [ view_parse ] --START--
INFO: [ template_filter ] --START--
INFO: Run Behavior\ContentReplaceBehavior [ RunTime:0.000711s ]
INFO: [ template_filter ] --END-- [ RunTime:0.000928s ]
INFO: Run Behavior\ParseTemplateBehavior [ RunTime:0.085257s ]
INFO: [ view_parse ] --END-- [ RunTime:0.085332s ]
INFO: [ view_filter ] --START--
INFO: Run Behavior\WriteHtmlCacheBehavior [ RunTime:0.006032s ]
INFO: [ view_filter ] --END-- [ RunTime:0.006096s ]
INFO: [ app_end ] --START--
INFO: Run Behavior\ShowPageTraceBehavior [ RunTime:0.009597s ]
INFO: [ app_end ] --END-- [ RunTime:0.009714s ]

[ 2018-07-03T11:29:14+08:00 ] ::1 /bazipaipan/?uid=123456
INFO: [ app_init ] --START--
INFO: Run Behavior\BuildLiteBehavior [ RunTime:0.000020s ]
INFO: [ app_init ] --END-- [ RunTime:0.000629s ]
INFO: [ app_begin ] --START--
INFO: Run Behavior\ReadHtmlCacheBehavior [ RunTime:0.001579s ]
INFO: [ app_begin ] --END-- [ RunTime:0.001701s ]
NOTIC: [8192] mysql_connect(): The mysql extension is deprecated and will be removed in the future: use mysqli or PDO instead G:\php\bazipaipan\ThinkPHP\Library\Think\Session\Driver\Db.class.php 第 95 行.
INFO: [ view_parse ] --START--
INFO: [ template_filter ] --START--
INFO: Run Behavior\ContentReplaceBehavior [ RunTime:0.000177s ]
INFO: [ template_filter ] --END-- [ RunTime:0.000257s ]
INFO: Run Behavior\ParseTemplateBehavior [ RunTime:0.023257s ]
INFO: [ view_parse ] --END-- [ RunTime:0.023363s ]
INFO: [ view_filter ] --START--
INFO: Run Behavior\WriteHtmlCacheBehavior [ RunTime:0.000868s ]
INFO: [ view_filter ] --END-- [ RunTime:0.000942s ]
INFO: [ app_end ] --START--
INFO: Run Behavior\ShowPageTraceBehavior [ RunTime:0.001111s ]
INFO: [ app_end ] --END-- [ RunTime:0.001218s ]

[ 2018-07-03T13:49:39+08:00 ] ::1 /bazipaipan/index.php/Home/Index/pp_msg?arrnumber=0
INFO: [ app_init ] --START--
INFO: Run Behavior\BuildLiteBehavior [ RunTime:0.000021s ]
INFO: [ app_init ] --END-- [ RunTime:0.001180s ]
INFO: [ app_begin ] --START--
INFO: Run Behavior\ReadHtmlCacheBehavior [ RunTime:0.001305s ]
INFO: [ app_begin ] --END-- [ RunTime:0.001512s ]
NOTIC: [8192] mysql_connect(): The mysql extension is deprecated and will be removed in the future: use mysqli or PDO instead G:\php\bazipaipan\ThinkPHP\Library\Think\Session\Driver\Db.class.php 第 95 行.
NOTIC: [8] Undefined index: birthday G:\php\bazipaipan\Application\Home\Controller\IndexController.class.php 第 34 行.
INFO: [ view_parse ] --START--
INFO: [ template_filter ] --START--
INFO: Run Behavior\ContentReplaceBehavior [ RunTime:0.000190s ]
INFO: [ template_filter ] --END-- [ RunTime:0.000259s ]
NOTIC: [8] Undefined variable: sizhu G:\php\bazipaipan\Application\Runtime\Cache\Home\b360e53b419313ee4f0ee4f423ddb5c8.php 第 175 行.
NOTIC: [8] Undefined variable: sizhu G:\php\bazipaipan\Application\Runtime\Cache\Home\b360e53b419313ee4f0ee4f423ddb5c8.php 第 175 行.
NOTIC: [8] Undefined variable: arryysz G:\php\bazipaipan\Application\Runtime\Cache\Home\b360e53b419313ee4f0ee4f423ddb5c8.php 第 175 行.
NOTIC: [8] Undefined variable: arryysz G:\php\bazipaipan\Application\Runtime\Cache\Home\b360e53b419313ee4f0ee4f423ddb5c8.php 第 175 行.
NOTIC: [8] Undefined variable: arryysz G:\php\bazipaipan\Application\Runtime\Cache\Home\b360e53b419313ee4f0ee4f423ddb5c8.php 第 175 行.
NOTIC: [8] Undefined variable: arryysz G:\php\bazipaipan\Application\Runtime\Cache\Home\b360e53b419313ee4f0ee4f423ddb5c8.php 第 175 行.
NOTIC: [8] Undefined variable: nianzhuss G:\php\bazipaipan\Application\Runtime\Cache\Home\b360e53b419313ee4f0ee4f423ddb5c8.php 第 189 行.
NOTIC: [8] Undefined variable: nianzhuss G:\php\bazipaipan\Application\Runtime\Cache\Home\b360e53b419313ee4f0ee4f423ddb5c8.php 第 190 行.
NOTIC: [8] Undefined variable: nianzhuss G:\php\bazipaipan\Application\Runtime\Cache\Home\b360e53b419313ee4f0ee4f423ddb5c8.php 第 192 行.
NOTIC: [8] Undefined variable: sizhu G:\php\bazipaipan\Application\Runtime\Cache\Home\b360e53b419313ee4f0ee4f423ddb5c8.php 第 198 行.
NOTIC: [8] Undefined variable: sizhu G:\php\bazipaipan\Application\Runtime\Cache\Home\b360e53b419313ee4f0ee4f423ddb5c8.php 第 199 行.
NOTIC: [8] Undefined variable: sizhu G:\php\bazipaipan\Application\Runtime\Cache\Home\b360e53b419313ee4f0ee4f423ddb5c8.php 第 200 行.
NOTIC: [8] Undefined variable: sizhu G:\php\bazipaipan\Application\Runtime\Cache\Home\b360e53b419313ee4f0ee4f423ddb5c8.php 第 201 行.
NOTIC: [8] Undefined variable: sizhu G:\php\bazipaipan\Application\Runtime\Cache\Home\b360e53b419313ee4f0ee4f423ddb5c8.php 第 204 行.
NOTIC: [8] Undefined variable: sizhu G:\php\bazipaipan\Application\Runtime\Cache\Home\b360e53b419313ee4f0ee4f423ddb5c8.php 第 205 行.
NOTIC: [8] Undefined variable: sizhu G:\php\bazipaipan\Application\Runtime\Cache\Home\b360e53b419313ee4f0ee4f423ddb5c8.php 第 206 行.
NOTIC: [8] Undefined variable: sizhu G:\php\bazipaipan\Application\Runtime\Cache\Home\b360e53b419313ee4f0ee4f423ddb5c8.php 第 207 行.
NOTIC: [8] Undefined variable: canggan G:\php\bazipaipan\Application\Runtime\Cache\Home\b360e53b419313ee4f0ee4f423ddb5c8.php 第 213 行.
NOTIC: [8] Undefined variable: canggan G:\php\bazipaipan\Application\Runtime\Cache\Home\b360e53b419313ee4f0ee4f423ddb5c8.php 第 214 行.
NOTIC: [8] Undefined variable: canggan G:\php\bazipaipan\Application\Runtime\Cache\Home\b360e53b419313ee4f0ee4f423ddb5c8.php 第 215 行.
NOTIC: [8] Undefined variable: canggan G:\php\bazipaipan\Application\Runtime\Cache\Home\b360e53b419313ee4f0ee4f423ddb5c8.php 第 216 行.
NOTIC: [8] Undefined variable: zhishen G:\php\bazipaipan\Application\Runtime\Cache\Home\b360e53b419313ee4f0ee4f423ddb5c8.php 第 220 行.
NOTIC: [8] Undefined variable: zhishen G:\php\bazipaipan\Application\Runtime\Cache\Home\b360e53b419313ee4f0ee4f423ddb5c8.php 第 220 行.
NOTIC: [8] Undefined variable: zhishen G:\php\bazipaipan\Application\Runtime\Cache\Home\b360e53b419313ee4f0ee4f423ddb5c8.php 第 220 行.
NOTIC: [8] Undefined variable: zhishen G:\php\bazipaipan\Application\Runtime\Cache\Home\b360e53b419313ee4f0ee4f423ddb5c8.php 第 221 行.
NOTIC: [8] Undefined variable: zhishen G:\php\bazipaipan\Application\Runtime\Cache\Home\b360e53b419313ee4f0ee4f423ddb5c8.php 第 221 行.
NOTIC: [8] Undefined variable: zhishen G:\php\bazipaipan\Application\Runtime\Cache\Home\b360e53b419313ee4f0ee4f423ddb5c8.php 第 221 行.
NOTIC: [8] Undefined variable: zhishen G:\php\bazipaipan\Application\Runtime\Cache\Home\b360e53b419313ee4f0ee4f423ddb5c8.php 第 222 行.
NOTIC: [8] Undefined variable: zhishen G:\php\bazipaipan\Application\Runtime\Cache\Home\b360e53b419313ee4f0ee4f423ddb5c8.php 第 222 行.
NOTIC: [8] Undefined variable: zhishen G:\php\bazipaipan\Application\Runtime\Cache\Home\b360e53b419313ee4f0ee4f423ddb5c8.php 第 222 行.
NOTIC: [8] Undefined variable: zhishen G:\php\bazipaipan\Application\Runtime\Cache\Home\b360e53b419313ee4f0ee4f423ddb5c8.php 第 223 行.
NOTIC: [8] Undefined variable: zhishen G:\php\bazipaipan\Application\Runtime\Cache\Home\b360e53b419313ee4f0ee4f423ddb5c8.php 第 223 行.
NOTIC: [8] Undefined variable: zhishen G:\php\bazipaipan\Application\Runtime\Cache\Home\b360e53b419313ee4f0ee4f423ddb5c8.php 第 223 行.
NOTIC: [8] Undefined variable: sizhuny G:\php\bazipaipan\Application\Runtime\Cache\Home\b360e53b419313ee4f0ee4f423ddb5c8.php 第 227 行.
NOTIC: [8] Undefined variable: sizhuny G:\php\bazipaipan\Application\Runtime\Cache\Home\b360e53b419313ee4f0ee4f423ddb5c8.php 第 228 行.
NOTIC: [8] Undefined variable: sizhuny G:\php\bazipaipan\Application\Runtime\Cache\Home\b360e53b419313ee4f0ee4f423ddb5c8.php 第 229 行.
NOTIC: [8] Undefined variable: sizhuny G:\php\bazipaipan\Application\Runtime\Cache\Home\b360e53b419313ee4f0ee4f423ddb5c8.php 第 230 行.
NOTIC: [8] Undefined variable: bzdishi G:\php\bazipaipan\Application\Runtime\Cache\Home\b360e53b419313ee4f0ee4f423ddb5c8.php 第 234 行.
NOTIC: [8] Undefined variable: bzdishi G:\php\bazipaipan\Application\Runtime\Cache\Home\b360e53b419313ee4f0ee4f423ddb5c8.php 第 235 行.
NOTIC: [8] Undefined variable: bzdishi G:\php\bazipaipan\Application\Runtime\Cache\Home\b360e53b419313ee4f0ee4f423ddb5c8.php 第 236 行.
NOTIC: [8] Undefined variable: bzdishi G:\php\bazipaipan\Application\Runtime\Cache\Home\b360e53b419313ee4f0ee4f423ddb5c8.php 第 237 行.
NOTIC: [8] Undefined variable: wxsqs G:\php\bazipaipan\Application\Runtime\Cache\Home\b360e53b419313ee4f0ee4f423ddb5c8.php 第 243 行.
NOTIC: [8] Undefined variable: taiyuan G:\php\bazipaipan\Application\Runtime\Cache\Home\b360e53b419313ee4f0ee4f423ddb5c8.php 第 249 行.
NOTIC: [8] Undefined variable: rikong G:\php\bazipaipan\Application\Runtime\Cache\Home\b360e53b419313ee4f0ee4f423ddb5c8.php 第 250 行.
NOTIC: [8] Undefined variable: jieqiname G:\php\bazipaipan\Application\Runtime\Cache\Home\b360e53b419313ee4f0ee4f423ddb5c8.php 第 253 行.
NOTIC: [8] Undefined variable: jieqiname G:\php\bazipaipan\Application\Runtime\Cache\Home\b360e53b419313ee4f0ee4f423ddb5c8.php 第 253 行.
NOTIC: [8] Undefined variable: dayunx G:\php\bazipaipan\Application\Runtime\Cache\Home\b360e53b419313ee4f0ee4f423ddb5c8.php 第 254 行.
NOTIC: [8] Undefined variable: dayuny G:\php\bazipaipan\Application\Runtime\Cache\Home\b360e53b419313ee4f0ee4f423ddb5c8.php 第 254 行.
NOTIC: [8] Undefined variable: dayun G:\php\bazipaipan\Application\Runtime\Cache\Home\b360e53b419313ee4f0ee4f423ddb5c8.php 第 261 行.
NOTIC: [8] Undefined variable: dayun G:\php\bazipaipan\Application\Runtime\Cache\Home\b360e53b419313ee4f0ee4f423ddb5c8.php 第 262 行.
NOTIC: [8] Undefined variable: dayun G:\php\bazipaipan\Application\Runtime\Cache\Home\b360e53b419313ee4f0ee4f423ddb5c8.php 第 263 行.
NOTIC: [8] Undefined variable: dayun G:\php\bazipaipan\Application\Runtime\Cache\Home\b360e53b419313ee4f0ee4f423ddb5c8.php 第 264 行.
NOTIC: [8] Undefined variable: dayun G:\php\bazipaipan\Application\Runtime\Cache\Home\b360e53b419313ee4f0ee4f423ddb5c8.php 第 265 行.
NOTIC: [8] Undefined variable: dayun G:\php\bazipaipan\Application\Runtime\Cache\Home\b360e53b419313ee4f0ee4f423ddb5c8.php 第 266 行.
NOTIC: [8] Undefined variable: dayun G:\php\bazipaipan\Application\Runtime\Cache\Home\b360e53b419313ee4f0ee4f423ddb5c8.php 第 267 行.
NOTIC: [8] Undefined variable: dayun G:\php\bazipaipan\Application\Runtime\Cache\Home\b360e53b419313ee4f0ee4f423ddb5c8.php 第 268 行.
NOTIC: [8] Undefined variable: dayungz G:\php\bazipaipan\Application\Runtime\Cache\Home\b360e53b419313ee4f0ee4f423ddb5c8.php 第 271 行.
NOTIC: [8] Undefined variable: dayungz G:\php\bazipaipan\Application\Runtime\Cache\Home\b360e53b419313ee4f0ee4f423ddb5c8.php 第 271 行.
NOTIC: [8] Undefined variable: dayungz G:\php\bazipaipan\Application\Runtime\Cache\Home\b360e53b419313ee4f0ee4f423ddb5c8.php 第 272 行.
NOTIC: [8] Undefined variable: dayungz G:\php\bazipaipan\Application\Runtime\Cache\Home\b360e53b419313ee4f0ee4f423ddb5c8.php 第 272 行.
NOTIC: [8] Undefined variable: dayungz G:\php\bazipaipan\Application\Runtime\Cache\Home\b360e53b419313ee4f0ee4f423ddb5c8.php 第 273 行.
NOTIC: [8] Undefined variable: dayungz G:\php\bazipaipan\Application\Runtime\Cache\Home\b360e53b419313ee4f0ee4f423ddb5c8.php 第 273 行.
NOTIC: [8] Undefined variable: dayungz G:\php\bazipaipan\Application\Runtime\Cache\Home\b360e53b419313ee4f0ee4f423ddb5c8.php 第 274 行.
NOTIC: [8] Undefined variable: dayungz G:\php\bazipaipan\Application\Runtime\Cache\Home\b360e53b419313ee4f0ee4f423ddb5c8.php 第 274 行.
NOTIC: [8] Undefined variable: dayungz G:\php\bazipaipan\Application\Runtime\Cache\Home\b360e53b419313ee4f0ee4f423ddb5c8.php 第 275 行.
NOTIC: [8] Undefined variable: dayungz G:\php\bazipaipan\Application\Runtime\Cache\Home\b360e53b419313ee4f0ee4f423ddb5c8.php 第 275 行.
NOTIC: [8] Undefined variable: dayungz G:\php\bazipaipan\Application\Runtime\Cache\Home\b360e53b419313ee4f0ee4f423ddb5c8.php 第 276 行.
NOTIC: [8] Undefined variable: dayungz G:\php\bazipaipan\Application\Runtime\Cache\Home\b360e53b419313ee4f0ee4f423ddb5c8.php 第 276 行.
NOTIC: [8] Undefined variable: dayungz G:\php\bazipaipan\Application\Runtime\Cache\Home\b360e53b419313ee4f0ee4f423ddb5c8.php 第 277 行.
NOTIC: [8] Undefined variable: dayungz G:\php\bazipaipan\Application\Runtime\Cache\Home\b360e53b419313ee4f0ee4f423ddb5c8.php 第 277 行.
NOTIC: [8] Undefined variable: dayungz G:\php\bazipaipan\Application\Runtime\Cache\Home\b360e53b419313ee4f0ee4f423ddb5c8.php 第 278 行.
NOTIC: [8] Undefined variable: dayungz G:\php\bazipaipan\Application\Runtime\Cache\Home\b360e53b419313ee4f0ee4f423ddb5c8.php 第 278 行.
INFO: Run Behavior\ParseTemplateBehavior [ RunTime:0.029375s ]
INFO: [ view_parse ] --END-- [ RunTime:0.029451s ]
INFO: [ view_filter ] --START--
INFO: Run Behavior\WriteHtmlCacheBehavior [ RunTime:0.014729s ]
INFO: [ view_filter ] --END-- [ RunTime:0.014808s ]
INFO: [ app_end ] --START--
INFO: Run Behavior\ShowPageTraceBehavior [ RunTime:0.001316s ]
INFO: [ app_end ] --END-- [ RunTime:0.001423s ]

[ 2018-07-03T13:49:47+08:00 ] ::1 /bazipaipan/index.php/Home/Index/pp_msg?arrnumber=0
INFO: [ app_init ] --START--
INFO: Run Behavior\BuildLiteBehavior [ RunTime:0.000019s ]
INFO: [ app_init ] --END-- [ RunTime:0.000585s ]
INFO: [ app_begin ] --START--
INFO: Run Behavior\ReadHtmlCacheBehavior [ RunTime:0.001039s ]
INFO: [ app_begin ] --END-- [ RunTime:0.001138s ]
NOTIC: [8192] mysql_connect(): The mysql extension is deprecated and will be removed in the future: use mysqli or PDO instead G:\php\bazipaipan\ThinkPHP\Library\Think\Session\Driver\Db.class.php 第 95 行.
NOTIC: [8] Undefined index: birthday G:\php\bazipaipan\Application\Home\Controller\IndexController.class.php 第 34 行.
INFO: [ view_parse ] --START--
INFO: [ template_filter ] --START--
INFO: Run Behavior\ContentReplaceBehavior [ RunTime:0.000196s ]
INFO: [ template_filter ] --END-- [ RunTime:0.000267s ]
NOTIC: [8] Undefined variable: sizhu G:\php\bazipaipan\Application\Runtime\Cache\Home\b360e53b419313ee4f0ee4f423ddb5c8.php 第 175 行.
NOTIC: [8] Undefined variable: sizhu G:\php\bazipaipan\Application\Runtime\Cache\Home\b360e53b419313ee4f0ee4f423ddb5c8.php 第 175 行.
NOTIC: [8] Undefined variable: arryysz G:\php\bazipaipan\Application\Runtime\Cache\Home\b360e53b419313ee4f0ee4f423ddb5c8.php 第 175 行.
NOTIC: [8] Undefined variable: arryysz G:\php\bazipaipan\Application\Runtime\Cache\Home\b360e53b419313ee4f0ee4f423ddb5c8.php 第 175 行.
NOTIC: [8] Undefined variable: arryysz G:\php\bazipaipan\Application\Runtime\Cache\Home\b360e53b419313ee4f0ee4f423ddb5c8.php 第 175 行.
NOTIC: [8] Undefined variable: arryysz G:\php\bazipaipan\Application\Runtime\Cache\Home\b360e53b419313ee4f0ee4f423ddb5c8.php 第 175 行.
NOTIC: [8] Undefined variable: nianzhuss G:\php\bazipaipan\Application\Runtime\Cache\Home\b360e53b419313ee4f0ee4f423ddb5c8.php 第 189 行.
NOTIC: [8] Undefined variable: nianzhuss G:\php\bazipaipan\Application\Runtime\Cache\Home\b360e53b419313ee4f0ee4f423ddb5c8.php 第 190 行.
NOTIC: [8] Undefined variable: nianzhuss G:\php\bazipaipan\Application\Runtime\Cache\Home\b360e53b419313ee4f0ee4f423ddb5c8.php 第 192 行.
NOTIC: [8] Undefined variable: sizhu G:\php\bazipaipan\Application\Runtime\Cache\Home\b360e53b419313ee4f0ee4f423ddb5c8.php 第 198 行.
NOTIC: [8] Undefined variable: sizhu G:\php\bazipaipan\Application\Runtime\Cache\Home\b360e53b419313ee4f0ee4f423ddb5c8.php 第 199 行.
NOTIC: [8] Undefined variable: sizhu G:\php\bazipaipan\Application\Runtime\Cache\Home\b360e53b419313ee4f0ee4f423ddb5c8.php 第 200 行.
NOTIC: [8] Undefined variable: sizhu G:\php\bazipaipan\Application\Runtime\Cache\Home\b360e53b419313ee4f0ee4f423ddb5c8.php 第 201 行.
NOTIC: [8] Undefined variable: sizhu G:\php\bazipaipan\Application\Runtime\Cache\Home\b360e53b419313ee4f0ee4f423ddb5c8.php 第 204 行.
NOTIC: [8] Undefined variable: sizhu G:\php\bazipaipan\Application\Runtime\Cache\Home\b360e53b419313ee4f0ee4f423ddb5c8.php 第 205 行.
NOTIC: [8] Undefined variable: sizhu G:\php\bazipaipan\Application\Runtime\Cache\Home\b360e53b419313ee4f0ee4f423ddb5c8.php 第 206 行.
NOTIC: [8] Undefined variable: sizhu G:\php\bazipaipan\Application\Runtime\Cache\Home\b360e53b419313ee4f0ee4f423ddb5c8.php 第 207 行.
NOTIC: [8] Undefined variable: canggan G:\php\bazipaipan\Application\Runtime\Cache\Home\b360e53b419313ee4f0ee4f423ddb5c8.php 第 213 行.
NOTIC: [8] Undefined variable: canggan G:\php\bazipaipan\Application\Runtime\Cache\Home\b360e53b419313ee4f0ee4f423ddb5c8.php 第 214 行.
NOTIC: [8] Undefined variable: canggan G:\php\bazipaipan\Application\Runtime\Cache\Home\b360e53b419313ee4f0ee4f423ddb5c8.php 第 215 行.
NOTIC: [8] Undefined variable: canggan G:\php\bazipaipan\Application\Runtime\Cache\Home\b360e53b419313ee4f0ee4f423ddb5c8.php 第 216 行.
NOTIC: [8] Undefined variable: zhishen G:\php\bazipaipan\Application\Runtime\Cache\Home\b360e53b419313ee4f0ee4f423ddb5c8.php 第 220 行.
NOTIC: [8] Undefined variable: zhishen G:\php\bazipaipan\Application\Runtime\Cache\Home\b360e53b419313ee4f0ee4f423ddb5c8.php 第 220 行.
NOTIC: [8] Undefined variable: zhishen G:\php\bazipaipan\Application\Runtime\Cache\Home\b360e53b419313ee4f0ee4f423ddb5c8.php 第 220 行.
NOTIC: [8] Undefined variable: zhishen G:\php\bazipaipan\Application\Runtime\Cache\Home\b360e53b419313ee4f0ee4f423ddb5c8.php 第 221 行.
NOTIC: [8] Undefined variable: zhishen G:\php\bazipaipan\Application\Runtime\Cache\Home\b360e53b419313ee4f0ee4f423ddb5c8.php 第 221 行.
NOTIC: [8] Undefined variable: zhishen G:\php\bazipaipan\Application\Runtime\Cache\Home\b360e53b419313ee4f0ee4f423ddb5c8.php 第 221 行.
NOTIC: [8] Undefined variable: zhishen G:\php\bazipaipan\Application\Runtime\Cache\Home\b360e53b419313ee4f0ee4f423ddb5c8.php 第 222 行.
NOTIC: [8] Undefined variable: zhishen G:\php\bazipaipan\Application\Runtime\Cache\Home\b360e53b419313ee4f0ee4f423ddb5c8.php 第 222 行.
NOTIC: [8] Undefined variable: zhishen G:\php\bazipaipan\Application\Runtime\Cache\Home\b360e53b419313ee4f0ee4f423ddb5c8.php 第 222 行.
NOTIC: [8] Undefined variable: zhishen G:\php\bazipaipan\Application\Runtime\Cache\Home\b360e53b419313ee4f0ee4f423ddb5c8.php 第 223 行.
NOTIC: [8] Undefined variable: zhishen G:\php\bazipaipan\Application\Runtime\Cache\Home\b360e53b419313ee4f0ee4f423ddb5c8.php 第 223 行.
NOTIC: [8] Undefined variable: zhishen G:\php\bazipaipan\Application\Runtime\Cache\Home\b360e53b419313ee4f0ee4f423ddb5c8.php 第 223 行.
NOTIC: [8] Undefined variable: sizhuny G:\php\bazipaipan\Application\Runtime\Cache\Home\b360e53b419313ee4f0ee4f423ddb5c8.php 第 227 行.
NOTIC: [8] Undefined variable: sizhuny G:\php\bazipaipan\Application\Runtime\Cache\Home\b360e53b419313ee4f0ee4f423ddb5c8.php 第 228 行.
NOTIC: [8] Undefined variable: sizhuny G:\php\bazipaipan\Application\Runtime\Cache\Home\b360e53b419313ee4f0ee4f423ddb5c8.php 第 229 行.
NOTIC: [8] Undefined variable: sizhuny G:\php\bazipaipan\Application\Runtime\Cache\Home\b360e53b419313ee4f0ee4f423ddb5c8.php 第 230 行.
NOTIC: [8] Undefined variable: bzdishi G:\php\bazipaipan\Application\Runtime\Cache\Home\b360e53b419313ee4f0ee4f423ddb5c8.php 第 234 行.
NOTIC: [8] Undefined variable: bzdishi G:\php\bazipaipan\Application\Runtime\Cache\Home\b360e53b419313ee4f0ee4f423ddb5c8.php 第 235 行.
NOTIC: [8] Undefined variable: bzdishi G:\php\bazipaipan\Application\Runtime\Cache\Home\b360e53b419313ee4f0ee4f423ddb5c8.php 第 236 行.
NOTIC: [8] Undefined variable: bzdishi G:\php\bazipaipan\Application\Runtime\Cache\Home\b360e53b419313ee4f0ee4f423ddb5c8.php 第 237 行.
NOTIC: [8] Undefined variable: wxsqs G:\php\bazipaipan\Application\Runtime\Cache\Home\b360e53b419313ee4f0ee4f423ddb5c8.php 第 243 行.
NOTIC: [8] Undefined variable: taiyuan G:\php\bazipaipan\Application\Runtime\Cache\Home\b360e53b419313ee4f0ee4f423ddb5c8.php 第 249 行.
NOTIC: [8] Undefined variable: rikong G:\php\bazipaipan\Application\Runtime\Cache\Home\b360e53b419313ee4f0ee4f423ddb5c8.php 第 250 行.
NOTIC: [8] Undefined variable: jieqiname G:\php\bazipaipan\Application\Runtime\Cache\Home\b360e53b419313ee4f0ee4f423ddb5c8.php 第 253 行.
NOTIC: [8] Undefined variable: jieqiname G:\php\bazipaipan\Application\Runtime\Cache\Home\b360e53b419313ee4f0ee4f423ddb5c8.php 第 253 行.
NOTIC: [8] Undefined variable: dayunx G:\php\bazipaipan\Application\Runtime\Cache\Home\b360e53b419313ee4f0ee4f423ddb5c8.php 第 254 行.
NOTIC: [8] Undefined variable: dayuny G:\php\bazipaipan\Application\Runtime\Cache\Home\b360e53b419313ee4f0ee4f423ddb5c8.php 第 254 行.
NOTIC: [8] Undefined variable: dayun G:\php\bazipaipan\Application\Runtime\Cache\Home\b360e53b419313ee4f0ee4f423ddb5c8.php 第 261 行.
NOTIC: [8] Undefined variable: dayun G:\php\bazipaipan\Application\Runtime\Cache\Home\b360e53b419313ee4f0ee4f423ddb5c8.php 第 262 行.
NOTIC: [8] Undefined variable: dayun G:\php\bazipaipan\Application\Runtime\Cache\Home\b360e53b419313ee4f0ee4f423ddb5c8.php 第 263 行.
NOTIC: [8] Undefined variable: dayun G:\php\bazipaipan\Application\Runtime\Cache\Home\b360e53b419313ee4f0ee4f423ddb5c8.php 第 264 行.
NOTIC: [8] Undefined variable: dayun G:\php\bazipaipan\Application\Runtime\Cache\Home\b360e53b419313ee4f0ee4f423ddb5c8.php 第 265 行.
NOTIC: [8] Undefined variable: dayun G:\php\bazipaipan\Application\Runtime\Cache\Home\b360e53b419313ee4f0ee4f423ddb5c8.php 第 266 行.
NOTIC: [8] Undefined variable: dayun G:\php\bazipaipan\Application\Runtime\Cache\Home\b360e53b419313ee4f0ee4f423ddb5c8.php 第 267 行.
NOTIC: [8] Undefined variable: dayun G:\php\bazipaipan\Application\Runtime\Cache\Home\b360e53b419313ee4f0ee4f423ddb5c8.php 第 268 行.
NOTIC: [8] Undefined variable: dayungz G:\php\bazipaipan\Application\Runtime\Cache\Home\b360e53b419313ee4f0ee4f423ddb5c8.php 第 271 行.
NOTIC: [8] Undefined variable: dayungz G:\php\bazipaipan\Application\Runtime\Cache\Home\b360e53b419313ee4f0ee4f423ddb5c8.php 第 271 行.
NOTIC: [8] Undefined variable: dayungz G:\php\bazipaipan\Application\Runtime\Cache\Home\b360e53b419313ee4f0ee4f423ddb5c8.php 第 272 行.
NOTIC: [8] Undefined variable: dayungz G:\php\bazipaipan\Application\Runtime\Cache\Home\b360e53b419313ee4f0ee4f423ddb5c8.php 第 272 行.
NOTIC: [8] Undefined variable: dayungz G:\php\bazipaipan\Application\Runtime\Cache\Home\b360e53b419313ee4f0ee4f423ddb5c8.php 第 273 行.
NOTIC: [8] Undefined variable: dayungz G:\php\bazipaipan\Application\Runtime\Cache\Home\b360e53b419313ee4f0ee4f423ddb5c8.php 第 273 行.
NOTIC: [8] Undefined variable: dayungz G:\php\bazipaipan\Application\Runtime\Cache\Home\b360e53b419313ee4f0ee4f423ddb5c8.php 第 274 行.
NOTIC: [8] Undefined variable: dayungz G:\php\bazipaipan\Application\Runtime\Cache\Home\b360e53b419313ee4f0ee4f423ddb5c8.php 第 274 行.
NOTIC: [8] Undefined variable: dayungz G:\php\bazipaipan\Application\Runtime\Cache\Home\b360e53b419313ee4f0ee4f423ddb5c8.php 第 275 行.
NOTIC: [8] Undefined variable: dayungz G:\php\bazipaipan\Application\Runtime\Cache\Home\b360e53b419313ee4f0ee4f423ddb5c8.php 第 275 行.
NOTIC: [8] Undefined variable: dayungz G:\php\bazipaipan\Application\Runtime\Cache\Home\b360e53b419313ee4f0ee4f423ddb5c8.php 第 276 行.
NOTIC: [8] Undefined variable: dayungz G:\php\bazipaipan\Application\Runtime\Cache\Home\b360e53b419313ee4f0ee4f423ddb5c8.php 第 276 行.
NOTIC: [8] Undefined variable: dayungz G:\php\bazipaipan\Application\Runtime\Cache\Home\b360e53b419313ee4f0ee4f423ddb5c8.php 第 277 行.
NOTIC: [8] Undefined variable: dayungz G:\php\bazipaipan\Application\Runtime\Cache\Home\b360e53b419313ee4f0ee4f423ddb5c8.php 第 277 行.
NOTIC: [8] Undefined variable: dayungz G:\php\bazipaipan\Application\Runtime\Cache\Home\b360e53b419313ee4f0ee4f423ddb5c8.php 第 278 行.
NOTIC: [8] Undefined variable: dayungz G:\php\bazipaipan\Application\Runtime\Cache\Home\b360e53b419313ee4f0ee4f423ddb5c8.php 第 278 行.
INFO: Run Behavior\ParseTemplateBehavior [ RunTime:0.017290s ]
INFO: [ view_parse ] --END-- [ RunTime:0.017365s ]
INFO: [ view_filter ] --START--
INFO: Run Behavior\WriteHtmlCacheBehavior [ RunTime:0.000768s ]
INFO: [ view_filter ] --END-- [ RunTime:0.000835s ]
INFO: [ app_end ] --START--
INFO: Run Behavior\ShowPageTraceBehavior [ RunTime:0.001915s ]
INFO: [ app_end ] --END-- [ RunTime:0.002006s ]

[ 2018-07-03T13:50:22+08:00 ] ::1 /bazipaipan/index.php/Home/Index/index
INFO: [ app_init ] --START--
INFO: Run Behavior\BuildLiteBehavior [ RunTime:0.000020s ]
INFO: [ app_init ] --END-- [ RunTime:0.000552s ]
INFO: [ app_begin ] --START--
INFO: Run Behavior\ReadHtmlCacheBehavior [ RunTime:0.000858s ]
INFO: [ app_begin ] --END-- [ RunTime:0.000965s ]
NOTIC: [8192] mysql_connect(): The mysql extension is deprecated and will be removed in the future: use mysqli or PDO instead G:\php\bazipaipan\ThinkPHP\Library\Think\Session\Driver\Db.class.php 第 95 行.
NOTIC: [8] Undefined index: uid G:\php\bazipaipan\Application\Home\Controller\IndexController.class.php 第 8 行.
NOTIC: [8] Undefined variable: arrdata G:\php\bazipaipan\Application\Home\Controller\IndexController.class.php 第 29 行.
NOTIC: [8] Undefined variable: arrdata G:\php\bazipaipan\Application\Home\Controller\IndexController.class.php 第 30 行.
INFO: [ view_parse ] --START--
INFO: [ template_filter ] --START--
INFO: Run Behavior\ContentReplaceBehavior [ RunTime:0.000194s ]
INFO: [ template_filter ] --END-- [ RunTime:0.000274s ]
INFO: Run Behavior\ParseTemplateBehavior [ RunTime:0.037060s ]
INFO: [ view_parse ] --END-- [ RunTime:0.037158s ]
INFO: [ view_filter ] --START--
INFO: Run Behavior\WriteHtmlCacheBehavior [ RunTime:0.000617s ]
INFO: [ view_filter ] --END-- [ RunTime:0.000679s ]
INFO: [ app_end ] --START--
INFO: Run Behavior\ShowPageTraceBehavior [ RunTime:0.000997s ]
INFO: [ app_end ] --END-- [ RunTime:0.001081s ]

[ 2018-07-03T13:50:34+08:00 ] ::1 /bazipaipan/index.php/Home/Index/index?uid=123456
INFO: [ app_init ] --START--
INFO: Run Behavior\BuildLiteBehavior [ RunTime:0.000018s ]
INFO: [ app_init ] --END-- [ RunTime:0.000474s ]
INFO: [ app_begin ] --START--
INFO: Run Behavior\ReadHtmlCacheBehavior [ RunTime:0.000610s ]
INFO: [ app_begin ] --END-- [ RunTime:0.000721s ]
NOTIC: [8192] mysql_connect(): The mysql extension is deprecated and will be removed in the future: use mysqli or PDO instead G:\php\bazipaipan\ThinkPHP\Library\Think\Session\Driver\Db.class.php 第 95 行.
INFO: [ view_parse ] --START--
INFO: [ template_filter ] --START--
INFO: Run Behavior\ContentReplaceBehavior [ RunTime:0.000338s ]
INFO: [ template_filter ] --END-- [ RunTime:0.000439s ]
INFO: Run Behavior\ParseTemplateBehavior [ RunTime:0.026879s ]
INFO: [ view_parse ] --END-- [ RunTime:0.027090s ]
INFO: [ view_filter ] --START--
INFO: Run Behavior\WriteHtmlCacheBehavior [ RunTime:0.000542s ]
INFO: [ view_filter ] --END-- [ RunTime:0.000629s ]
INFO: [ app_end ] --START--
INFO: Run Behavior\ShowPageTraceBehavior [ RunTime:0.001005s ]
INFO: [ app_end ] --END-- [ RunTime:0.001115s ]

[ 2018-07-03T13:50:40+08:00 ] ::1 /bazipaipan/index.php/Home/Index/pp_msg?arrnumber=0
INFO: [ app_init ] --START--
INFO: Run Behavior\BuildLiteBehavior [ RunTime:0.000022s ]
INFO: [ app_init ] --END-- [ RunTime:0.000605s ]
INFO: [ app_begin ] --START--
INFO: Run Behavior\ReadHtmlCacheBehavior [ RunTime:0.000661s ]
INFO: [ app_begin ] --END-- [ RunTime:0.000751s ]
NOTIC: [8192] mysql_connect(): The mysql extension is deprecated and will be removed in the future: use mysqli or PDO instead G:\php\bazipaipan\ThinkPHP\Library\Think\Session\Driver\Db.class.php 第 95 行.
NOTIC: [8] Undefined index: birthday G:\php\bazipaipan\Application\Home\Controller\IndexController.class.php 第 34 行.
NOTIC: [8192] mysql_connect(): The mysql extension is deprecated and will be removed in the future: use mysqli or PDO instead G:\php\bazipaipan\ThinkPHP\Library\Think\Db\Driver\Mysql.class.php 第 52 行.
SQL: select yin from tb_zw_msgong where id=3 [ RunTime:0.015703s ]
SQL: select ny from tb_wedlock where name='辛酉' [ RunTime:0.009966s ]
SQL: select ny from tb_wedlock where name='壬辰' [ RunTime:0.001039s ]
SQL: select ny from tb_wedlock where name='丙子' [ RunTime:0.001007s ]
SQL: select ny from tb_wedlock where name='庚寅' [ RunTime:0.001095s ]
SQL: select xin from tb_shishen where id=3 [ RunTime:0.014362s ]
SQL: select ren from tb_shishen where id=3 [ RunTime:0.000759s ]
SQL: select geng from tb_shishen where id=3 [ RunTime:0.000747s ]
SQL: select you from tb_dizhi_shishen where id=3 [ RunTime:0.007357s ]
SQL: select chen from tb_dizhi_shishen where id=3 [ RunTime:0.000955s ]
SQL: select zi from tb_dizhi_shishen where id=3 [ RunTime:0.000740s ]
SQL: select yin from tb_dizhi_shishen where id=3 [ RunTime:0.000716s ]
SQL: select you,chen,zi,yin from tb_dizhi_shishen where id=11 [ RunTime:0.000777s ]
SQL: select name from tb_bz_wangshuai where bing='酉' [ RunTime:0.008839s ]
SQL: select name from tb_bz_wangshuai where bing='辰' [ RunTime:0.000960s ]
SQL: select name from tb_bz_wangshuai where bing='子' [ RunTime:0.000791s ]
SQL: select name from tb_bz_wangshuai where bing='寅' [ RunTime:0.000764s ]
SQL: select xin from tb_shishen where id=3 [ RunTime:0.000830s ]
SQL: select geng from tb_shishen where id=3 [ RunTime:0.000767s ]
SQL: select ji from tb_shishen where id=3 [ RunTime:0.000779s ]
SQL: select wu from tb_shishen where id=3 [ RunTime:0.000803s ]
SQL: select ding from tb_shishen where id=3 [ RunTime:0.000812s ]
SQL: select bing from tb_shishen where id=3 [ RunTime:0.000804s ]
SQL: select yi from tb_shishen where id=3 [ RunTime:0.000842s ]
SQL: select jia from tb_shishen where id=3 [ RunTime:0.000768s ]
SQL: select * from tb_wuxingju where id=24 [ RunTime:0.014833s ]
SQL: select zwei from tb_zhuxingmwsx where id=7 [ RunTime:0.009492s ]
SQL: select lzhen from tb_zhuxingmwsx where id=11 [ RunTime:0.000819s ]
SQL: select ttong from tb_zhuxingmwsx where id=2 [ RunTime:0.000767s ]
SQL: select wuqu from tb_zhuxingmwsx where id=3 [ RunTime:0.000758s ]
SQL: select tyang from tb_zhuxingmwsx where id=4 [ RunTime:0.000721s ]
SQL: select tji from tb_zhuxingmwsx where id=6 [ RunTime:0.000736s ]
SQL: select tfu from tb_zhuxingmwsx where id=5 [ RunTime:0.000712s ]
SQL: select tyin from tb_zhuxingmwsx where id=6 [ RunTime:0.000842s ]
SQL: select tlang from tb_zhuxingmwsx where id=7 [ RunTime:0.000714s ]
SQL: select jmen from tb_zhuxingmwsx where id=8 [ RunTime:0.000744s ]
SQL: select txiang from tb_zhuxingmwsx where id=9 [ RunTime:0.000815s ]
SQL: select tliang from tb_zhuxingmwsx where id=10 [ RunTime:0.000747s ]
SQL: select qsha from tb_zhuxingmwsx where id=11 [ RunTime:0.000737s ]
SQL: select pjun from tb_zhuxingmwsx where id=3 [ RunTime:0.000732s ]
SQL: select * from tb_shengyuezx where id=3 [ RunTime:0.004994s ]
NOTIC: [8] Undefined offset: 6 G:\php\bazipaipan\Application\Home\Common\function.php 第 476 行.
NOTIC: [8] Undefined offset: 8 G:\php\bazipaipan\Application\Home\Common\function.php 第 478 行.
NOTIC: [8] Undefined offset: 9 G:\php\bazipaipan\Application\Home\Common\function.php 第 480 行.
NOTIC: [8] Undefined offset: 1 G:\php\bazipaipan\Application\Home\Common\function.php 第 482 行.
NOTIC: [8] Undefined offset: 2 G:\php\bazipaipan\Application\Home\Common\function.php 第 484 行.
SQL: select * from tb_shengnianzx where id=10 [ RunTime:0.002557s ]
NOTIC: [8] Undefined offset: 1 G:\php\bazipaipan\Application\Home\Common\function.php 第 494 行.
NOTIC: [8] Undefined offset: 7 G:\php\bazipaipan\Application\Home\Common\function.php 第 496 行.
NOTIC: [8] Undefined offset: 4 G:\php\bazipaipan\Application\Home\Common\function.php 第 498 行.
NOTIC: [8] Undefined offset: 11 G:\php\bazipaipan\Application\Home\Common\function.php 第 502 行.
NOTIC: [8] Undefined offset: 9 G:\php\bazipaipan\Application\Home\Common\function.php 第 506 行.
NOTIC: [8] Undefined offset: 5 G:\php\bazipaipan\Application\Home\Common\function.php 第 508 行.
NOTIC: [8] Undefined offset: 3 G:\php\bazipaipan\Application\Home\Common\function.php 第 510 行.
NOTIC: [8] Undefined offset: 0 G:\php\bazipaipan\Application\Home\Common\function.php 第 512 行.
SQL: select * from tb_shixizx where hour=4 [ RunTime:0.014041s ]
SQL: select wchang from tb_zhuxingmwsx where id=6 [ RunTime:0.000862s ]
SQL: select wqu from tb_zhuxingmwsx where id=4 [ RunTime:0.000820s ]
NOTIC: [8] Undefined offset: 4 G:\php\bazipaipan\Application\Home\Common\function.php 第 536 行.
NOTIC: [8] Undefined offset: 7 G:\php\bazipaipan\Application\Home\Common\function.php 第 538 行.
NOTIC: [8] Undefined offset: 11 G:\php\bazipaipan\Application\Home\Common\function.php 第 540 行.
NOTIC: [8] Undefined offset: 2 G:\php\bazipaipan\Application\Home\Common\function.php 第 544 行.
SQL: select * from tb_shengniangx where id=8 [ RunTime:0.010385s ]
SQL: select qyang from tb_zhuxingmwsx where id=8 [ RunTime:0.000872s ]
SQL: select tluo from tb_zhuxingmwsx where id=6 [ RunTime:0.000823s ]
NOTIC: [8] Undefined offset: 6 G:\php\bazipaipan\Application\Home\Common\function.php 第 555 行.
NOTIC: [8] Undefined offset: 0 G:\php\bazipaipan\Application\Home\Common\function.php 第 557 行.
NOTIC: [8] Undefined offset: 4 G:\php\bazipaipan\Application\Home\Common\function.php 第 559 行.
NOTIC: [8] Undefined offset: 7 G:\php\bazipaipan\Application\Home\Common\function.php 第 561 行.
NOTIC: [8] Undefined offset: 3 G:\php\bazipaipan\Application\Home\Common\function.php 第 563 行.
NOTIC: [8] Undefined index: zkong G:\php\bazipaipan\Application\Home\Common\function.php 第 566 行.
NOTIC: [8] Undefined index: fkong G:\php\bazipaipan\Application\Home\Common\function.php 第 568 行.
SQL: select syc from tb_huoxing where id=4 [ RunTime:0.008955s ]
SQL: select hxing from tb_zhuxingmwsx where id=4 [ RunTime:0.000786s ]
SQL: select syc from tb_lingxing where id=4 [ RunTime:0.002500s ]
SQL: select lxing from tb_zhuxingmwsx where id=11 [ RunTime:0.000862s ]
NOTIC: [8] Undefined offset: 11 G:\php\bazipaipan\Application\Home\Common\function.php 第 738 行.
NOTIC: [8] Undefined offset: 3 G:\php\bazipaipan\Application\Home\Common\function.php 第 746 行.
NOTIC: [8] Undefined offset: 5 G:\php\bazipaipan\Application\Home\Common\function.php 第 753 行.
NOTIC: [8] Undefined offset: 2 G:\php\bazipaipan\Application\Home\Common\function.php 第 759 行.
NOTIC: [8] Undefined offset: 9 G:\php\bazipaipan\Application\Home\Common\function.php 第 772 行.
NOTIC: [8] Undefined offset: 7 G:\php\bazipaipan\Application\Home\Common\function.php 第 775 行.
SQL: select * from tb_sihua where id=8 [ RunTime:0.011625s ]
NOTIC: [8] Undefined offset: 11 G:\php\bazipaipan\Application\Home\Common\function.php 第 795 行.
NOTIC: [8] Undefined offset: 1 G:\php\bazipaipan\Application\Home\Common\function.php 第 802 行.
NOTIC: [8] Undefined offset: 5 G:\php\bazipaipan\Application\Home\Common\function.php 第 824 行.
SQL: select * from tb_wedlock where name='丙子' [ RunTime:0.001034s ]
NOTIC: [8] Undefined offset: 0 G:\php\bazipaipan\Application\Home\Common\function.php 第 873 行.
NOTIC: [8] Undefined offset: 10 G:\php\bazipaipan\Application\Home\Common\function.php 第 873 行.
NOTIC: [8] Undefined offset: 0 G:\php\bazipaipan\Application\Home\Common\function.php 第 877 行.
NOTIC: [8] Undefined offset: 10 G:\php\bazipaipan\Application\Home\Common\function.php 第 877 行.
NOTIC: [8] Undefined offset: 10 G:\php\bazipaipan\Application\Home\Common\function.php 第 878 行.
INFO: [ view_parse ] --START--
INFO: [ template_filter ] --START--
INFO: Run Behavior\ContentReplaceBehavior [ RunTime:0.000167s ]
INFO: [ template_filter ] --END-- [ RunTime:0.000233s ]
INFO: Run Behavior\ParseTemplateBehavior [ RunTime:0.016746s ]
INFO: [ view_parse ] --END-- [ RunTime:0.016828s ]
INFO: [ view_filter ] --START--
INFO: Run Behavior\WriteHtmlCacheBehavior [ RunTime:0.000754s ]
INFO: [ view_filter ] --END-- [ RunTime:0.000819s ]
INFO: [ app_end ] --START--
INFO: Run Behavior\ShowPageTraceBehavior [ RunTime:0.000953s ]
INFO: [ app_end ] --END-- [ RunTime:0.001137s ]

[ 2018-07-03T13:50:42+08:00 ] ::1 /bazipaipan/index.php/Home/Index/generateImg
INFO: [ app_init ] --START--
INFO: Run Behavior\BuildLiteBehavior [ RunTime:0.000021s ]
INFO: [ app_init ] --END-- [ RunTime:0.000821s ]
INFO: [ app_begin ] --START--
INFO: Run Behavior\ReadHtmlCacheBehavior [ RunTime:0.000753s ]
INFO: [ app_begin ] --END-- [ RunTime:0.000849s ]
NOTIC: [8192] mysql_connect(): The mysql extension is deprecated and will be removed in the future: use mysqli or PDO instead G:\php\bazipaipan\ThinkPHP\Library\Think\Session\Driver\Db.class.php 第 95 行.
INFO: [ app_end ] --START--
INFO: Run Behavior\ShowPageTraceBehavior [ RunTime:0.000713s ]
INFO: [ app_end ] --END-- [ RunTime:0.000807s ]

[ 2018-07-03T13:50:45+08:00 ] ::1 /bazipaipan/index.php/Home/Index/pp_msg?arrnumber=0
INFO: [ app_init ] --START--
INFO: Run Behavior\BuildLiteBehavior [ RunTime:0.000022s ]
INFO: [ app_init ] --END-- [ RunTime:0.000777s ]
INFO: [ app_begin ] --START--
INFO: Run Behavior\ReadHtmlCacheBehavior [ RunTime:0.001139s ]
INFO: [ app_begin ] --END-- [ RunTime:0.001240s ]
NOTIC: [8192] mysql_connect(): The mysql extension is deprecated and will be removed in the future: use mysqli or PDO instead G:\php\bazipaipan\ThinkPHP\Library\Think\Session\Driver\Db.class.php 第 95 行.
NOTIC: [8] Undefined index: birthday G:\php\bazipaipan\Application\Home\Controller\IndexController.class.php 第 34 行.
NOTIC: [8192] mysql_connect(): The mysql extension is deprecated and will be removed in the future: use mysqli or PDO instead G:\php\bazipaipan\ThinkPHP\Library\Think\Db\Driver\Mysql.class.php 第 52 行.
SQL: select yin from tb_zw_msgong where id=3 [ RunTime:0.000763s ]
SQL: select ny from tb_wedlock where name='辛酉' [ RunTime:0.000901s ]
SQL: select ny from tb_wedlock where name='壬辰' [ RunTime:0.001165s ]
SQL: select ny from tb_wedlock where name='丙子' [ RunTime:0.001083s ]
SQL: select ny from tb_wedlock where name='庚寅' [ RunTime:0.001067s ]
SQL: select xin from tb_shishen where id=3 [ RunTime:0.000717s ]
SQL: select ren from tb_shishen where id=3 [ RunTime:0.000729s ]
SQL: select geng from tb_shishen where id=3 [ RunTime:0.000758s ]
SQL: select you from tb_dizhi_shishen where id=3 [ RunTime:0.000746s ]
SQL: select chen from tb_dizhi_shishen where id=3 [ RunTime:0.000817s ]
SQL: select zi from tb_dizhi_shishen where id=3 [ RunTime:0.000975s ]
SQL: select yin from tb_dizhi_shishen where id=3 [ RunTime:0.000887s ]
SQL: select you,chen,zi,yin from tb_dizhi_shishen where id=11 [ RunTime:0.000830s ]
SQL: select name from tb_bz_wangshuai where bing='酉' [ RunTime:0.000768s ]
SQL: select name from tb_bz_wangshuai where bing='辰' [ RunTime:0.000792s ]
SQL: select name from tb_bz_wangshuai where bing='子' [ RunTime:0.000753s ]
SQL: select name from tb_bz_wangshuai where bing='寅' [ RunTime:0.000753s ]
SQL: select xin from tb_shishen where id=3 [ RunTime:0.001142s ]
SQL: select geng from tb_shishen where id=3 [ RunTime:0.001347s ]
SQL: select ji from tb_shishen where id=3 [ RunTime:0.001271s ]
SQL: select wu from tb_shishen where id=3 [ RunTime:0.000849s ]
SQL: select ding from tb_shishen where id=3 [ RunTime:0.001039s ]
SQL: select bing from tb_shishen where id=3 [ RunTime:0.001069s ]
SQL: select yi from tb_shishen where id=3 [ RunTime:0.000870s ]
SQL: select jia from tb_shishen where id=3 [ RunTime:0.000888s ]
SQL: select * from tb_wuxingju where id=24 [ RunTime:0.000871s ]
SQL: select zwei from tb_zhuxingmwsx where id=7 [ RunTime:0.000916s ]
SQL: select lzhen from tb_zhuxingmwsx where id=11 [ RunTime:0.000800s ]
SQL: select ttong from tb_zhuxingmwsx where id=2 [ RunTime:0.000782s ]
SQL: select wuqu from tb_zhuxingmwsx where id=3 [ RunTime:0.000888s ]
SQL: select tyang from tb_zhuxingmwsx where id=4 [ RunTime:0.000940s ]
SQL: select tji from tb_zhuxingmwsx where id=6 [ RunTime:0.000917s ]
SQL: select tfu from tb_zhuxingmwsx where id=5 [ RunTime:0.001071s ]
SQL: select tyin from tb_zhuxingmwsx where id=6 [ RunTime:0.001042s ]
SQL: select tlang from tb_zhuxingmwsx where id=7 [ RunTime:0.001361s ]
SQL: select jmen from tb_zhuxingmwsx where id=8 [ RunTime:0.001164s ]
SQL: select txiang from tb_zhuxingmwsx where id=9 [ RunTime:0.000869s ]
SQL: select tliang from tb_zhuxingmwsx where id=10 [ RunTime:0.000948s ]
SQL: select qsha from tb_zhuxingmwsx where id=11 [ RunTime:0.000880s ]
SQL: select pjun from tb_zhuxingmwsx where id=3 [ RunTime:0.000802s ]
SQL: select * from tb_shengyuezx where id=3 [ RunTime:0.000982s ]
NOTIC: [8] Undefined offset: 6 G:\php\bazipaipan\Application\Home\Common\function.php 第 476 行.
NOTIC: [8] Undefined offset: 8 G:\php\bazipaipan\Application\Home\Common\function.php 第 478 行.
NOTIC: [8] Undefined offset: 9 G:\php\bazipaipan\Application\Home\Common\function.php 第 480 行.
NOTIC: [8] Undefined offset: 1 G:\php\bazipaipan\Application\Home\Common\function.php 第 482 行.
NOTIC: [8] Undefined offset: 2 G:\php\bazipaipan\Application\Home\Common\function.php 第 484 行.
SQL: select * from tb_shengnianzx where id=10 [ RunTime:0.001043s ]
NOTIC: [8] Undefined offset: 1 G:\php\bazipaipan\Application\Home\Common\function.php 第 494 行.
NOTIC: [8] Undefined offset: 7 G:\php\bazipaipan\Application\Home\Common\function.php 第 496 行.
NOTIC: [8] Undefined offset: 4 G:\php\bazipaipan\Application\Home\Common\function.php 第 498 行.
NOTIC: [8] Undefined offset: 11 G:\php\bazipaipan\Application\Home\Common\function.php 第 502 行.
NOTIC: [8] Undefined offset: 9 G:\php\bazipaipan\Application\Home\Common\function.php 第 506 行.
NOTIC: [8] Undefined offset: 5 G:\php\bazipaipan\Application\Home\Common\function.php 第 508 行.
NOTIC: [8] Undefined offset: 3 G:\php\bazipaipan\Application\Home\Common\function.php 第 510 行.
NOTIC: [8] Undefined offset: 0 G:\php\bazipaipan\Application\Home\Common\function.php 第 512 行.
SQL: select * from tb_shixizx where hour=4 [ RunTime:0.000868s ]
SQL: select wchang from tb_zhuxingmwsx where id=6 [ RunTime:0.000974s ]
SQL: select wqu from tb_zhuxingmwsx where id=4 [ RunTime:0.000879s ]
NOTIC: [8] Undefined offset: 4 G:\php\bazipaipan\Application\Home\Common\function.php 第 536 行.
NOTIC: [8] Undefined offset: 7 G:\php\bazipaipan\Application\Home\Common\function.php 第 538 行.
NOTIC: [8] Undefined offset: 11 G:\php\bazipaipan\Application\Home\Common\function.php 第 540 行.
NOTIC: [8] Undefined offset: 2 G:\php\bazipaipan\Application\Home\Common\function.php 第 544 行.
SQL: select * from tb_shengniangx where id=8 [ RunTime:0.000952s ]
SQL: select qyang from tb_zhuxingmwsx where id=8 [ RunTime:0.001502s ]
SQL: select tluo from tb_zhuxingmwsx where id=6 [ RunTime:0.000748s ]
NOTIC: [8] Undefined offset: 6 G:\php\bazipaipan\Application\Home\Common\function.php 第 555 行.
NOTIC: [8] Undefined offset: 0 G:\php\bazipaipan\Application\Home\Common\function.php 第 557 行.
NOTIC: [8] Undefined offset: 4 G:\php\bazipaipan\Application\Home\Common\function.php 第 559 行.
NOTIC: [8] Undefined offset: 7 G:\php\bazipaipan\Application\Home\Common\function.php 第 561 行.
NOTIC: [8] Undefined offset: 3 G:\php\bazipaipan\Application\Home\Common\function.php 第 563 行.
NOTIC: [8] Undefined index: zkong G:\php\bazipaipan\Application\Home\Common\function.php 第 566 行.
NOTIC: [8] Undefined index: fkong G:\php\bazipaipan\Application\Home\Common\function.php 第 568 行.
SQL: select syc from tb_huoxing where id=4 [ RunTime:0.000794s ]
SQL: select hxing from tb_zhuxingmwsx where id=4 [ RunTime:0.000902s ]
SQL: select syc from tb_lingxing where id=4 [ RunTime:0.000785s ]
SQL: select lxing from tb_zhuxingmwsx where id=11 [ RunTime:0.000840s ]
NOTIC: [8] Undefined offset: 11 G:\php\bazipaipan\Application\Home\Common\function.php 第 738 行.
NOTIC: [8] Undefined offset: 3 G:\php\bazipaipan\Application\Home\Common\function.php 第 746 行.
NOTIC: [8] Undefined offset: 5 G:\php\bazipaipan\Application\Home\Common\function.php 第 753 行.
NOTIC: [8] Undefined offset: 2 G:\php\bazipaipan\Application\Home\Common\function.php 第 759 行.
NOTIC: [8] Undefined offset: 9 G:\php\bazipaipan\Application\Home\Common\function.php 第 772 行.
NOTIC: [8] Undefined offset: 7 G:\php\bazipaipan\Application\Home\Common\function.php 第 775 行.
SQL: select * from tb_sihua where id=8 [ RunTime:0.000875s ]
NOTIC: [8] Undefined offset: 11 G:\php\bazipaipan\Application\Home\Common\function.php 第 795 行.
NOTIC: [8] Undefined offset: 1 G:\php\bazipaipan\Application\Home\Common\function.php 第 802 行.
NOTIC: [8] Undefined offset: 5 G:\php\bazipaipan\Application\Home\Common\function.php 第 824 行.
SQL: select * from tb_wedlock where name='丙子' [ RunTime:0.001016s ]
NOTIC: [8] Undefined offset: 0 G:\php\bazipaipan\Application\Home\Common\function.php 第 873 行.
NOTIC: [8] Undefined offset: 10 G:\php\bazipaipan\Application\Home\Common\function.php 第 873 行.
NOTIC: [8] Undefined offset: 0 G:\php\bazipaipan\Application\Home\Common\function.php 第 877 行.
NOTIC: [8] Undefined offset: 10 G:\php\bazipaipan\Application\Home\Common\function.php 第 877 行.
NOTIC: [8] Undefined offset: 10 G:\php\bazipaipan\Application\Home\Common\function.php 第 878 行.
INFO: [ view_parse ] --START--
INFO: [ template_filter ] --START--
INFO: Run Behavior\ContentReplaceBehavior [ RunTime:0.000262s ]
INFO: [ template_filter ] --END-- [ RunTime:0.000354s ]
INFO: Run Behavior\ParseTemplateBehavior [ RunTime:0.016080s ]
INFO: [ view_parse ] --END-- [ RunTime:0.016167s ]
INFO: [ view_filter ] --START--
INFO: Run Behavior\WriteHtmlCacheBehavior [ RunTime:0.000403s ]
INFO: [ view_filter ] --END-- [ RunTime:0.000462s ]
INFO: [ app_end ] --START--
INFO: Run Behavior\ShowPageTraceBehavior [ RunTime:0.000789s ]
INFO: [ app_end ] --END-- [ RunTime:0.000888s ]

[ 2018-07-03T13:50:52+08:00 ] ::1 /bazipaipan/index.php/Home/Index/bz_fenxi
INFO: [ app_init ] --START--
INFO: Run Behavior\BuildLiteBehavior [ RunTime:0.000023s ]
INFO: [ app_init ] --END-- [ RunTime:0.000569s ]
INFO: [ app_begin ] --START--
INFO: Run Behavior\ReadHtmlCacheBehavior [ RunTime:0.000796s ]
INFO: [ app_begin ] --END-- [ RunTime:0.000882s ]
NOTIC: [8192] mysql_connect(): The mysql extension is deprecated and will be removed in the future: use mysqli or PDO instead G:\php\bazipaipan\ThinkPHP\Library\Think\Session\Driver\Db.class.php 第 95 行.
INFO: [ view_parse ] --START--
INFO: [ template_filter ] --START--
INFO: Run Behavior\ContentReplaceBehavior [ RunTime:0.000099s ]
INFO: [ template_filter ] --END-- [ RunTime:0.000176s ]
INFO: Run Behavior\ParseTemplateBehavior [ RunTime:0.043783s ]
INFO: [ view_parse ] --END-- [ RunTime:0.043885s ]
INFO: [ view_filter ] --START--
INFO: Run Behavior\WriteHtmlCacheBehavior [ RunTime:0.000565s ]
INFO: [ view_filter ] --END-- [ RunTime:0.000625s ]
INFO: [ app_end ] --START--
INFO: Run Behavior\ShowPageTraceBehavior [ RunTime:0.000816s ]
INFO: [ app_end ] --END-- [ RunTime:0.000886s ]

[ 2018-07-03T13:50:58+08:00 ] ::1 /bazipaipan/index.php/Home/Index/end_suo
INFO: [ app_init ] --START--
INFO: Run Behavior\BuildLiteBehavior [ RunTime:0.000020s ]
INFO: [ app_init ] --END-- [ RunTime:0.000604s ]
INFO: [ app_begin ] --START--
INFO: Run Behavior\ReadHtmlCacheBehavior [ RunTime:0.000805s ]
INFO: [ app_begin ] --END-- [ RunTime:0.000928s ]
NOTIC: [8192] mysql_connect(): The mysql extension is deprecated and will be removed in the future: use mysqli or PDO instead G:\php\bazipaipan\ThinkPHP\Library\Think\Session\Driver\Db.class.php 第 95 行.
NOTIC: [8192] mysql_connect(): The mysql extension is deprecated and will be removed in the future: use mysqli or PDO instead G:\php\bazipaipan\ThinkPHP\Library\Think\Db\Driver\Mysql.class.php 第 52 行.
SQL: select yin from tb_zw_msgong where id=3 [ RunTime:0.000768s ]
SQL: select ny from tb_wedlock where name='辛酉' [ RunTime:0.001051s ]
SQL: select ny from tb_wedlock where name='壬辰' [ RunTime:0.000992s ]
SQL: select ny from tb_wedlock where name='丙子' [ RunTime:0.000867s ]
SQL: select ny from tb_wedlock where name='庚寅' [ RunTime:0.000925s ]
SQL: select xin from tb_shishen where id=3 [ RunTime:0.001045s ]
SQL: select ren from tb_shishen where id=3 [ RunTime:0.000833s ]
SQL: select geng from tb_shishen where id=3 [ RunTime:0.000749s ]
SQL: select you from tb_dizhi_shishen where id=3 [ RunTime:0.000773s ]
SQL: select chen from tb_dizhi_shishen where id=3 [ RunTime:0.000740s ]
SQL: select zi from tb_dizhi_shishen where id=3 [ RunTime:0.000766s ]
SQL: select yin from tb_dizhi_shishen where id=3 [ RunTime:0.000788s ]
SQL: select you,chen,zi,yin from tb_dizhi_shishen where id=11 [ RunTime:0.000778s ]
SQL: select name from tb_bz_wangshuai where bing='酉' [ RunTime:0.000740s ]
SQL: select name from tb_bz_wangshuai where bing='辰' [ RunTime:0.000943s ]
SQL: select name from tb_bz_wangshuai where bing='子' [ RunTime:0.000967s ]
SQL: select name from tb_bz_wangshuai where bing='寅' [ RunTime:0.000967s ]
SQL: select xin from tb_shishen where id=3 [ RunTime:0.001759s ]
SQL: select geng from tb_shishen where id=3 [ RunTime:0.000952s ]
SQL: select ji from tb_shishen where id=3 [ RunTime:0.000796s ]
SQL: select wu from tb_shishen where id=3 [ RunTime:0.000792s ]
SQL: select ding from tb_shishen where id=3 [ RunTime:0.000871s ]
SQL: select bing from tb_shishen where id=3 [ RunTime:0.000805s ]
SQL: select yi from tb_shishen where id=3 [ RunTime:0.000793s ]
SQL: select jia from tb_shishen where id=3 [ RunTime:0.000814s ]
SQL: select * from tb_wuxingju where id=24 [ RunTime:0.000893s ]
SQL: select zwei from tb_zhuxingmwsx where id=7 [ RunTime:0.000809s ]
SQL: select lzhen from tb_zhuxingmwsx where id=11 [ RunTime:0.000840s ]
SQL: select ttong from tb_zhuxingmwsx where id=2 [ RunTime:0.000809s ]
SQL: select wuqu from tb_zhuxingmwsx where id=3 [ RunTime:0.000781s ]
SQL: select tyang from tb_zhuxingmwsx where id=4 [ RunTime:0.000905s ]
SQL: select tji from tb_zhuxingmwsx where id=6 [ RunTime:0.000824s ]
SQL: select tfu from tb_zhuxingmwsx where id=5 [ RunTime:0.000866s ]
SQL: select tyin from tb_zhuxingmwsx where id=6 [ RunTime:0.001047s ]
SQL: select tlang from tb_zhuxingmwsx where id=7 [ RunTime:0.000786s ]
SQL: select jmen from tb_zhuxingmwsx where id=8 [ RunTime:0.000775s ]
SQL: select txiang from tb_zhuxingmwsx where id=9 [ RunTime:0.000786s ]
SQL: select tliang from tb_zhuxingmwsx where id=10 [ RunTime:0.000734s ]
SQL: select qsha from tb_zhuxingmwsx where id=11 [ RunTime:0.000783s ]
SQL: select pjun from tb_zhuxingmwsx where id=3 [ RunTime:0.000742s ]
SQL: select * from tb_shengyuezx where id=3 [ RunTime:0.000817s ]
NOTIC: [8] Undefined offset: 6 G:\php\bazipaipan\Application\Home\Common\function.php 第 476 行.
NOTIC: [8] Undefined offset: 8 G:\php\bazipaipan\Application\Home\Common\function.php 第 478 行.
NOTIC: [8] Undefined offset: 9 G:\php\bazipaipan\Application\Home\Common\function.php 第 480 行.
NOTIC: [8] Undefined offset: 1 G:\php\bazipaipan\Application\Home\Common\function.php 第 482 行.
NOTIC: [8] Undefined offset: 2 G:\php\bazipaipan\Application\Home\Common\function.php 第 484 行.
SQL: select * from tb_shengnianzx where id=10 [ RunTime:0.000869s ]
NOTIC: [8] Undefined offset: 1 G:\php\bazipaipan\Application\Home\Common\function.php 第 494 行.
NOTIC: [8] Undefined offset: 7 G:\php\bazipaipan\Application\Home\Common\function.php 第 496 行.
NOTIC: [8] Undefined offset: 4 G:\php\bazipaipan\Application\Home\Common\function.php 第 498 行.
NOTIC: [8] Undefined offset: 11 G:\php\bazipaipan\Application\Home\Common\function.php 第 502 行.
NOTIC: [8] Undefined offset: 9 G:\php\bazipaipan\Application\Home\Common\function.php 第 506 行.
NOTIC: [8] Undefined offset: 5 G:\php\bazipaipan\Application\Home\Common\function.php 第 508 行.
NOTIC: [8] Undefined offset: 3 G:\php\bazipaipan\Application\Home\Common\function.php 第 510 行.
NOTIC: [8] Undefined offset: 0 G:\php\bazipaipan\Application\Home\Common\function.php 第 512 行.
SQL: select * from tb_shixizx where hour=4 [ RunTime:0.000824s ]
SQL: select wchang from tb_zhuxingmwsx where id=6 [ RunTime:0.000823s ]
SQL: select wqu from tb_zhuxingmwsx where id=4 [ RunTime:0.000933s ]
NOTIC: [8] Undefined offset: 4 G:\php\bazipaipan\Application\Home\Common\function.php 第 536 行.
NOTIC: [8] Undefined offset: 7 G:\php\bazipaipan\Application\Home\Common\function.php 第 538 行.
NOTIC: [8] Undefined offset: 11 G:\php\bazipaipan\Application\Home\Common\function.php 第 540 行.
NOTIC: [8] Undefined offset: 2 G:\php\bazipaipan\Application\Home\Common\function.php 第 544 行.
SQL: select * from tb_shengniangx where id=8 [ RunTime:0.000947s ]
SQL: select qyang from tb_zhuxingmwsx where id=8 [ RunTime:0.000896s ]
SQL: select tluo from tb_zhuxingmwsx where id=6 [ RunTime:0.000782s ]
NOTIC: [8] Undefined offset: 6 G:\php\bazipaipan\Application\Home\Common\function.php 第 555 行.
NOTIC: [8] Undefined offset: 0 G:\php\bazipaipan\Application\Home\Common\function.php 第 557 行.
NOTIC: [8] Undefined offset: 4 G:\php\bazipaipan\Application\Home\Common\function.php 第 559 行.
NOTIC: [8] Undefined offset: 7 G:\php\bazipaipan\Application\Home\Common\function.php 第 561 行.
NOTIC: [8] Undefined offset: 3 G:\php\bazipaipan\Application\Home\Common\function.php 第 563 行.
NOTIC: [8] Undefined index: zkong G:\php\bazipaipan\Application\Home\Common\function.php 第 566 行.
NOTIC: [8] Undefined index: fkong G:\php\bazipaipan\Application\Home\Common\function.php 第 568 行.
SQL: select syc from tb_huoxing where id=4 [ RunTime:0.000801s ]
SQL: select hxing from tb_zhuxingmwsx where id=4 [ RunTime:0.000889s ]
SQL: select syc from tb_lingxing where id=4 [ RunTime:0.000776s ]
SQL: select lxing from tb_zhuxingmwsx where id=11 [ RunTime:0.000760s ]
NOTIC: [8] Undefined offset: 11 G:\php\bazipaipan\Application\Home\Common\function.php 第 738 行.
NOTIC: [8] Undefined offset: 3 G:\php\bazipaipan\Application\Home\Common\function.php 第 746 行.
NOTIC: [8] Undefined offset: 5 G:\php\bazipaipan\Application\Home\Common\function.php 第 753 行.
NOTIC: [8] Undefined offset: 2 G:\php\bazipaipan\Application\Home\Common\function.php 第 759 行.
NOTIC: [8] Undefined offset: 9 G:\php\bazipaipan\Application\Home\Common\function.php 第 772 行.
NOTIC: [8] Undefined offset: 7 G:\php\bazipaipan\Application\Home\Common\function.php 第 775 行.
SQL: select * from tb_sihua where id=8 [ RunTime:0.000773s ]
NOTIC: [8] Undefined offset: 11 G:\php\bazipaipan\Application\Home\Common\function.php 第 795 行.
NOTIC: [8] Undefined offset: 1 G:\php\bazipaipan\Application\Home\Common\function.php 第 802 行.
NOTIC: [8] Undefined offset: 5 G:\php\bazipaipan\Application\Home\Common\function.php 第 824 行.
SQL: select * from tb_wedlock where name='丙子' [ RunTime:0.000990s ]
NOTIC: [8] Undefined offset: 0 G:\php\bazipaipan\Application\Home\Common\function.php 第 873 行.
NOTIC: [8] Undefined offset: 10 G:\php\bazipaipan\Application\Home\Common\function.php 第 873 行.
NOTIC: [8] Undefined offset: 0 G:\php\bazipaipan\Application\Home\Common\function.php 第 877 行.
NOTIC: [8] Undefined offset: 10 G:\php\bazipaipan\Application\Home\Common\function.php 第 877 行.
NOTIC: [8] Undefined offset: 10 G:\php\bazipaipan\Application\Home\Common\function.php 第 878 行.
SQL: select * from tb_liunian where name='辛酉' [ RunTime:0.032935s ]
SQL: select * from tb_fortune where name='鸡' [ RunTime:0.029564s ]
SQL: select * from tb_fortune where namegz='丙' [ RunTime:0.001139s ]
SQL: select * from tb_taohua_luck where id=2 [ RunTime:0.015325s ]
SQL: select * from tb_taohua_luck where id=7 [ RunTime:0.001413s ]
SQL: select * from tb_taohua_luck where id=9 [ RunTime:0.000771s ]
SQL: select name,image0,namesh1,image1,namesh2,image2,dizhi1,dizhi2 from tb_fortune where name='鸡' [ RunTime:0.000985s ]
INFO: [ view_parse ] --START--
INFO: [ template_filter ] --START--
INFO: Run Behavior\ContentReplaceBehavior [ RunTime:0.000109s ]
INFO: [ template_filter ] --END-- [ RunTime:0.000176s ]
INFO: Run Behavior\ParseTemplateBehavior [ RunTime:0.030680s ]
INFO: [ view_parse ] --END-- [ RunTime:0.030763s ]
INFO: [ view_filter ] --START--
INFO: Run Behavior\WriteHtmlCacheBehavior [ RunTime:0.000563s ]
INFO: [ view_filter ] --END-- [ RunTime:0.000626s ]
INFO: [ app_end ] --START--
INFO: Run Behavior\ShowPageTraceBehavior [ RunTime:0.001109s ]
INFO: [ app_end ] --END-- [ RunTime:0.001192s ]

[ 2018-07-03T13:51:15+08:00 ] ::1 /bazipaipan/index.php/Home/Index/shiye_fx
INFO: [ app_init ] --START--
INFO: Run Behavior\BuildLiteBehavior [ RunTime:0.000018s ]
INFO: [ app_init ] --END-- [ RunTime:0.000504s ]
INFO: [ app_begin ] --START--
INFO: Run Behavior\ReadHtmlCacheBehavior [ RunTime:0.000587s ]
INFO: [ app_begin ] --END-- [ RunTime:0.000674s ]
NOTIC: [8192] mysql_connect(): The mysql extension is deprecated and will be removed in the future: use mysqli or PDO instead G:\php\bazipaipan\ThinkPHP\Library\Think\Session\Driver\Db.class.php 第 95 行.
NOTIC: [8192] mysql_connect(): The mysql extension is deprecated and will be removed in the future: use mysqli or PDO instead G:\php\bazipaipan\ThinkPHP\Library\Think\Db\Driver\Mysql.class.php 第 52 行.
SQL: select id,status from sm_h5test where place='123456405650' [ RunTime:0.000827s ]
NOTIC: [8] Undefined offset: 0 G:\php\bazipaipan\Application\Home\Controller\IndexController.class.php 第 240 行.
SQL: insert into sm_h5test (ordernum,price,username,typeid,sex,status,datetype,year,month,day,hour,paykind,place,date_remark,ip)values(
                                              'BZPP201888912135114','68','测试',20,1,-1,0,1981,04,28,4,-1,'123456sy405650','123456','::1') [ RunTime:0.023889s ]
NOTIC: [2] mysql_num_rows() expects parameter 1 to be resource, boolean given G:\php\bazipaipan\ThinkPHP\Library\Think\Db\Driver\Mysql.class.php 第 106 行.
INFO: [ view_parse ] --START--
INFO: [ template_filter ] --START--
INFO: Run Behavior\ContentReplaceBehavior [ RunTime:0.000113s ]
INFO: [ template_filter ] --END-- [ RunTime:0.000175s ]
NOTIC: [8] Undefined variable: wxlogin G:\php\bazipaipan\Application\Runtime\Cache\Home\512ec458ee3dfac396edaa6c792a455c.php 第 227 行.
INFO: Run Behavior\ParseTemplateBehavior [ RunTime:0.043458s ]
INFO: [ view_parse ] --END-- [ RunTime:0.043527s ]
INFO: [ view_filter ] --START--
INFO: Run Behavior\WriteHtmlCacheBehavior [ RunTime:0.000387s ]
INFO: [ view_filter ] --END-- [ RunTime:0.000443s ]
INFO: [ app_end ] --START--
INFO: Run Behavior\ShowPageTraceBehavior [ RunTime:0.000747s ]
INFO: [ app_end ] --END-- [ RunTime:0.000826s ]

[ 2018-07-03T13:51:32+08:00 ] ::1 /bazipaipan/index.php/Home/Index/shiye_fx
INFO: [ app_init ] --START--
INFO: Run Behavior\BuildLiteBehavior [ RunTime:0.000019s ]
INFO: [ app_init ] --END-- [ RunTime:0.000554s ]
INFO: [ app_begin ] --START--
INFO: Run Behavior\ReadHtmlCacheBehavior [ RunTime:0.000781s ]
INFO: [ app_begin ] --END-- [ RunTime:0.000867s ]
NOTIC: [8192] mysql_connect(): The mysql extension is deprecated and will be removed in the future: use mysqli or PDO instead G:\php\bazipaipan\ThinkPHP\Library\Think\Session\Driver\Db.class.php 第 95 行.
NOTIC: [8192] mysql_connect(): The mysql extension is deprecated and will be removed in the future: use mysqli or PDO instead G:\php\bazipaipan\ThinkPHP\Library\Think\Db\Driver\Mysql.class.php 第 52 行.
SQL: select id,status from sm_h5test where place='123456405650' [ RunTime:0.000897s ]
NOTIC: [8] Undefined offset: 0 G:\php\bazipaipan\Application\Home\Controller\IndexController.class.php 第 240 行.
SQL: insert into sm_h5test (ordernum,price,username,typeid,sex,status,datetype,year,month,day,hour,paykind,place,date_remark,ip)values(
                                              'BZPP201871138135131','68','测试',20,1,-1,0,1981,04,28,4,-1,'123456sy405650','123456','::1') [ RunTime:0.026562s ]
NOTIC: [2] mysql_num_rows() expects parameter 1 to be resource, boolean given G:\php\bazipaipan\ThinkPHP\Library\Think\Db\Driver\Mysql.class.php 第 106 行.
INFO: [ view_parse ] --START--
INFO: [ template_filter ] --START--
INFO: Run Behavior\ContentReplaceBehavior [ RunTime:0.000110s ]
INFO: [ template_filter ] --END-- [ RunTime:0.000172s ]
NOTIC: [8] Undefined variable: wxlogin G:\php\bazipaipan\Application\Runtime\Cache\Home\512ec458ee3dfac396edaa6c792a455c.php 第 227 行.
INFO: Run Behavior\ParseTemplateBehavior [ RunTime:0.009790s ]
INFO: [ view_parse ] --END-- [ RunTime:0.009852s ]
INFO: [ view_filter ] --START--
INFO: Run Behavior\WriteHtmlCacheBehavior [ RunTime:0.000620s ]
INFO: [ view_filter ] --END-- [ RunTime:0.000689s ]
INFO: [ app_end ] --START--
INFO: Run Behavior\ShowPageTraceBehavior [ RunTime:0.000989s ]
INFO: [ app_end ] --END-- [ RunTime:0.001067s ]

[ 2018-07-03T13:52:52+08:00 ] ::1 /bazipaipan/index.php/Home/Index/shiye_fx
INFO: [ app_init ] --START--
INFO: Run Behavior\BuildLiteBehavior [ RunTime:0.000020s ]
INFO: [ app_init ] --END-- [ RunTime:0.000612s ]
INFO: [ app_begin ] --START--
INFO: Run Behavior\ReadHtmlCacheBehavior [ RunTime:0.002913s ]
INFO: [ app_begin ] --END-- [ RunTime:0.003063s ]
NOTIC: [8192] mysql_connect(): The mysql extension is deprecated and will be removed in the future: use mysqli or PDO instead G:\php\bazipaipan\ThinkPHP\Library\Think\Session\Driver\Db.class.php 第 95 行.
NOTIC: [8192] mysql_connect(): The mysql extension is deprecated and will be removed in the future: use mysqli or PDO instead G:\php\bazipaipan\ThinkPHP\Library\Think\Db\Driver\Mysql.class.php 第 52 行.
SQL: select id,status from sm_h5test where place='123456405650' [ RunTime:0.000946s ]
NOTIC: [8] Undefined offset: 0 G:\php\bazipaipan\Application\Home\Controller\IndexController.class.php 第 240 行.
SQL: insert into sm_h5test (ordernum,price,username,typeid,sex,status,datetype,year,month,day,hour,paykind,place,date_remark,ip)values(
                                              'BZPP201887567135251','68','测试',20,1,-1,0,1981,04,28,4,-1,'123456405650','123456','::1') [ RunTime:0.044104s ]
NOTIC: [2] mysql_num_rows() expects parameter 1 to be resource, boolean given G:\php\bazipaipan\ThinkPHP\Library\Think\Db\Driver\Mysql.class.php 第 106 行.
INFO: [ view_parse ] --START--
INFO: [ template_filter ] --START--
INFO: Run Behavior\ContentReplaceBehavior [ RunTime:0.000124s ]
INFO: [ template_filter ] --END-- [ RunTime:0.000198s ]
NOTIC: [8] Undefined variable: wxlogin G:\php\bazipaipan\Application\Runtime\Cache\Home\512ec458ee3dfac396edaa6c792a455c.php 第 227 行.
INFO: Run Behavior\ParseTemplateBehavior [ RunTime:0.010064s ]
INFO: [ view_parse ] --END-- [ RunTime:0.010144s ]
INFO: [ view_filter ] --START--
INFO: Run Behavior\WriteHtmlCacheBehavior [ RunTime:0.000578s ]
INFO: [ view_filter ] --END-- [ RunTime:0.000654s ]
INFO: [ app_end ] --START--
INFO: Run Behavior\ShowPageTraceBehavior [ RunTime:0.000898s ]
INFO: [ app_end ] --END-- [ RunTime:0.000976s ]

[ 2018-07-03T13:52:58+08:00 ] ::1 /bazipaipan/index.php/Home/Index/shiye_fx
INFO: [ app_init ] --START--
INFO: Run Behavior\BuildLiteBehavior [ RunTime:0.000018s ]
INFO: [ app_init ] --END-- [ RunTime:0.000472s ]
INFO: [ app_begin ] --START--
INFO: Run Behavior\ReadHtmlCacheBehavior [ RunTime:0.000637s ]
INFO: [ app_begin ] --END-- [ RunTime:0.000723s ]
NOTIC: [8192] mysql_connect(): The mysql extension is deprecated and will be removed in the future: use mysqli or PDO instead G:\php\bazipaipan\ThinkPHP\Library\Think\Session\Driver\Db.class.php 第 95 行.
NOTIC: [8192] mysql_connect(): The mysql extension is deprecated and will be removed in the future: use mysqli or PDO instead G:\php\bazipaipan\ThinkPHP\Library\Think\Db\Driver\Mysql.class.php 第 52 行.
SQL: select id,status from sm_h5test where place='123456405650' [ RunTime:0.000794s ]
SQL: update sm_h5test set ordernum='BZPP201881651135256' where place='123456405650' [ RunTime:0.030511s ]
NOTIC: [2] mysql_num_rows() expects parameter 1 to be resource, boolean given G:\php\bazipaipan\ThinkPHP\Library\Think\Db\Driver\Mysql.class.php 第 106 行.
INFO: [ view_parse ] --START--
INFO: [ template_filter ] --START--
INFO: Run Behavior\ContentReplaceBehavior [ RunTime:0.000115s ]
INFO: [ template_filter ] --END-- [ RunTime:0.000181s ]
NOTIC: [8] Undefined variable: wxlogin G:\php\bazipaipan\Application\Runtime\Cache\Home\512ec458ee3dfac396edaa6c792a455c.php 第 227 行.
INFO: Run Behavior\ParseTemplateBehavior [ RunTime:0.009479s ]
INFO: [ view_parse ] --END-- [ RunTime:0.009613s ]
INFO: [ view_filter ] --START--
INFO: Run Behavior\WriteHtmlCacheBehavior [ RunTime:0.000429s ]
INFO: [ view_filter ] --END-- [ RunTime:0.000489s ]
INFO: [ app_end ] --START--
INFO: Run Behavior\ShowPageTraceBehavior [ RunTime:0.000778s ]
INFO: [ app_end ] --END-- [ RunTime:0.000855s ]

[ 2018-07-03T13:53:07+08:00 ] ::1 /bazipaipan/index.php/Home/Index/bazi_my
INFO: [ app_init ] --START--
INFO: Run Behavior\BuildLiteBehavior [ RunTime:0.000020s ]
INFO: [ app_init ] --END-- [ RunTime:0.000522s ]
INFO: [ app_begin ] --START--
INFO: Run Behavior\ReadHtmlCacheBehavior [ RunTime:0.000640s ]
INFO: [ app_begin ] --END-- [ RunTime:0.000739s ]
NOTIC: [8192] mysql_connect(): The mysql extension is deprecated and will be removed in the future: use mysqli or PDO instead G:\php\bazipaipan\ThinkPHP\Library\Think\Session\Driver\Db.class.php 第 95 行.
NOTIC: [8192] mysql_connect(): The mysql extension is deprecated and will be removed in the future: use mysqli or PDO instead G:\php\bazipaipan\ThinkPHP\Library\Think\Db\Driver\Mysql.class.php 第 52 行.
SQL: select id,status from sm_h5test where place='123456405650' [ RunTime:0.000826s ]
SQL: update sm_h5test set ordernum='BZPP201872611135306' where place='123456405650' [ RunTime:0.036055s ]
NOTIC: [2] mysql_num_rows() expects parameter 1 to be resource, boolean given G:\php\bazipaipan\ThinkPHP\Library\Think\Db\Driver\Mysql.class.php 第 106 行.
INFO: [ view_parse ] --START--
INFO: [ template_filter ] --START--
INFO: Run Behavior\ContentReplaceBehavior [ RunTime:0.000146s ]
INFO: [ template_filter ] --END-- [ RunTime:0.000233s ]
NOTIC: [8] Undefined variable: wxlogin G:\php\bazipaipan\Application\Runtime\Cache\Home\512ec458ee3dfac396edaa6c792a455c.php 第 227 行.
INFO: Run Behavior\ParseTemplateBehavior [ RunTime:0.009152s ]
INFO: [ view_parse ] --END-- [ RunTime:0.009231s ]
INFO: [ view_filter ] --START--
INFO: Run Behavior\WriteHtmlCacheBehavior [ RunTime:0.000979s ]
INFO: [ view_filter ] --END-- [ RunTime:0.001089s ]
INFO: [ app_end ] --START--
INFO: Run Behavior\ShowPageTraceBehavior [ RunTime:0.000915s ]
INFO: [ app_end ] --END-- [ RunTime:0.001039s ]

[ 2018-07-03T13:53:14+08:00 ] ::1 /bazipaipan/index.php/Home/Index/caiyun_fx
INFO: [ app_init ] --START--
INFO: Run Behavior\BuildLiteBehavior [ RunTime:0.000021s ]
INFO: [ app_init ] --END-- [ RunTime:0.000559s ]
INFO: [ app_begin ] --START--
INFO: Run Behavior\ReadHtmlCacheBehavior [ RunTime:0.000709s ]
INFO: [ app_begin ] --END-- [ RunTime:0.000811s ]
NOTIC: [8192] mysql_connect(): The mysql extension is deprecated and will be removed in the future: use mysqli or PDO instead G:\php\bazipaipan\ThinkPHP\Library\Think\Session\Driver\Db.class.php 第 95 行.
NOTIC: [8192] mysql_connect(): The mysql extension is deprecated and will be removed in the future: use mysqli or PDO instead G:\php\bazipaipan\ThinkPHP\Library\Think\Db\Driver\Mysql.class.php 第 52 行.
SQL: select id,status from sm_h5test where place='123456405650' [ RunTime:0.000802s ]
SQL: update sm_h5test set ordernum='BZPP201890980135313' where place='123456405650' [ RunTime:0.027469s ]
NOTIC: [2] mysql_num_rows() expects parameter 1 to be resource, boolean given G:\php\bazipaipan\ThinkPHP\Library\Think\Db\Driver\Mysql.class.php 第 106 行.
INFO: [ view_parse ] --START--
INFO: [ template_filter ] --START--
INFO: Run Behavior\ContentReplaceBehavior [ RunTime:0.000112s ]
INFO: [ template_filter ] --END-- [ RunTime:0.000174s ]
NOTIC: [8] Undefined variable: wxlogin G:\php\bazipaipan\Application\Runtime\Cache\Home\512ec458ee3dfac396edaa6c792a455c.php 第 227 行.
INFO: Run Behavior\ParseTemplateBehavior [ RunTime:0.008518s ]
INFO: [ view_parse ] --END-- [ RunTime:0.008579s ]
INFO: [ view_filter ] --START--
INFO: Run Behavior\WriteHtmlCacheBehavior [ RunTime:0.000433s ]
INFO: [ view_filter ] --END-- [ RunTime:0.000501s ]
INFO: [ app_end ] --START--
INFO: Run Behavior\ShowPageTraceBehavior [ RunTime:0.000758s ]
INFO: [ app_end ] --END-- [ RunTime:0.000853s ]

[ 2018-07-03T13:53:22+08:00 ] ::1 /bazipaipan/index.php/Home/Index/hunlian_fx
INFO: [ app_init ] --START--
INFO: Run Behavior\BuildLiteBehavior [ RunTime:0.000019s ]
INFO: [ app_init ] --END-- [ RunTime:0.000579s ]
INFO: [ app_begin ] --START--
INFO: Run Behavior\ReadHtmlCacheBehavior [ RunTime:0.000775s ]
INFO: [ app_begin ] --END-- [ RunTime:0.000865s ]
NOTIC: [8192] mysql_connect(): The mysql extension is deprecated and will be removed in the future: use mysqli or PDO instead G:\php\bazipaipan\ThinkPHP\Library\Think\Session\Driver\Db.class.php 第 95 行.
NOTIC: [8192] mysql_connect(): The mysql extension is deprecated and will be removed in the future: use mysqli or PDO instead G:\php\bazipaipan\ThinkPHP\Library\Think\Db\Driver\Mysql.class.php 第 52 行.
SQL: select id,status from sm_h5test where place='123456405650' [ RunTime:0.001077s ]
SQL: update sm_h5test set ordernum='BZPP201848597135321' where place='123456405650' [ RunTime:0.028900s ]
NOTIC: [2] mysql_num_rows() expects parameter 1 to be resource, boolean given G:\php\bazipaipan\ThinkPHP\Library\Think\Db\Driver\Mysql.class.php 第 106 行.
INFO: [ view_parse ] --START--
INFO: [ template_filter ] --START--
INFO: Run Behavior\ContentReplaceBehavior [ RunTime:0.000116s ]
INFO: [ template_filter ] --END-- [ RunTime:0.000184s ]
NOTIC: [8] Undefined variable: wxlogin G:\php\bazipaipan\Application\Runtime\Cache\Home\512ec458ee3dfac396edaa6c792a455c.php 第 227 行.
INFO: Run Behavior\ParseTemplateBehavior [ RunTime:0.009698s ]
INFO: [ view_parse ] --END-- [ RunTime:0.009782s ]
INFO: [ view_filter ] --START--
INFO: Run Behavior\WriteHtmlCacheBehavior [ RunTime:0.000425s ]
INFO: [ view_filter ] --END-- [ RunTime:0.000487s ]
INFO: [ app_end ] --START--
INFO: Run Behavior\ShowPageTraceBehavior [ RunTime:0.000882s ]
INFO: [ app_end ] --END-- [ RunTime:0.000967s ]

[ 2018-07-03T13:53:29+08:00 ] ::1 /bazipaipan/index.php/Home/Index/jiankang_fx
INFO: [ app_init ] --START--
INFO: Run Behavior\BuildLiteBehavior [ RunTime:0.000017s ]
INFO: [ app_init ] --END-- [ RunTime:0.000558s ]
INFO: [ app_begin ] --START--
INFO: Run Behavior\ReadHtmlCacheBehavior [ RunTime:0.000621s ]
INFO: [ app_begin ] --END-- [ RunTime:0.000704s ]
NOTIC: [8192] mysql_connect(): The mysql extension is deprecated and will be removed in the future: use mysqli or PDO instead G:\php\bazipaipan\ThinkPHP\Library\Think\Session\Driver\Db.class.php 第 95 行.
NOTIC: [8192] mysql_connect(): The mysql extension is deprecated and will be removed in the future: use mysqli or PDO instead G:\php\bazipaipan\ThinkPHP\Library\Think\Db\Driver\Mysql.class.php 第 52 行.
SQL: select id,status from sm_h5test where place='123456405650' [ RunTime:0.000762s ]
SQL: update sm_h5test set ordernum='BZPP201843404135328' where place='123456405650' [ RunTime:0.025526s ]
NOTIC: [2] mysql_num_rows() expects parameter 1 to be resource, boolean given G:\php\bazipaipan\ThinkPHP\Library\Think\Db\Driver\Mysql.class.php 第 106 行.
INFO: [ view_parse ] --START--
INFO: [ template_filter ] --START--
INFO: Run Behavior\ContentReplaceBehavior [ RunTime:0.000110s ]
INFO: [ template_filter ] --END-- [ RunTime:0.000170s ]
NOTIC: [8] Undefined variable: wxlogin G:\php\bazipaipan\Application\Runtime\Cache\Home\512ec458ee3dfac396edaa6c792a455c.php 第 227 行.
INFO: Run Behavior\ParseTemplateBehavior [ RunTime:0.009368s ]
INFO: [ view_parse ] --END-- [ RunTime:0.009428s ]
INFO: [ view_filter ] --START--
INFO: Run Behavior\WriteHtmlCacheBehavior [ RunTime:0.000369s ]
INFO: [ view_filter ] --END-- [ RunTime:0.000427s ]
INFO: [ app_end ] --START--
INFO: Run Behavior\ShowPageTraceBehavior [ RunTime:0.000715s ]
INFO: [ app_end ] --END-- [ RunTime:0.000798s ]

[ 2018-07-03T13:53:35+08:00 ] ::1 /bazipaipan/index.php/Home/Index/jiankang_fx
INFO: [ app_init ] --START--
INFO: Run Behavior\BuildLiteBehavior [ RunTime:0.000024s ]
INFO: [ app_init ] --END-- [ RunTime:0.000634s ]
INFO: [ app_begin ] --START--
INFO: Run Behavior\ReadHtmlCacheBehavior [ RunTime:0.000611s ]
INFO: [ app_begin ] --END-- [ RunTime:0.000695s ]
NOTIC: [8192] mysql_connect(): The mysql extension is deprecated and will be removed in the future: use mysqli or PDO instead G:\php\bazipaipan\ThinkPHP\Library\Think\Session\Driver\Db.class.php 第 95 行.
NOTIC: [8192] mysql_connect(): The mysql extension is deprecated and will be removed in the future: use mysqli or PDO instead G:\php\bazipaipan\ThinkPHP\Library\Think\Db\Driver\Mysql.class.php 第 52 行.
SQL: select id,status from sm_h5test where place='123456405650' [ RunTime:0.000824s ]
SQL: update sm_h5test set ordernum='BZPP201877922135334' where place='123456405650' [ RunTime:0.032305s ]
NOTIC: [2] mysql_num_rows() expects parameter 1 to be resource, boolean given G:\php\bazipaipan\ThinkPHP\Library\Think\Db\Driver\Mysql.class.php 第 106 行.
INFO: [ view_parse ] --START--
INFO: [ template_filter ] --START--
INFO: Run Behavior\ContentReplaceBehavior [ RunTime:0.000113s ]
INFO: [ template_filter ] --END-- [ RunTime:0.000175s ]
NOTIC: [8] Undefined variable: wxlogin G:\php\bazipaipan\Application\Runtime\Cache\Home\512ec458ee3dfac396edaa6c792a455c.php 第 227 行.
INFO: Run Behavior\ParseTemplateBehavior [ RunTime:0.008349s ]
INFO: [ view_parse ] --END-- [ RunTime:0.008409s ]
INFO: [ view_filter ] --START--
INFO: Run Behavior\WriteHtmlCacheBehavior [ RunTime:0.000367s ]
INFO: [ view_filter ] --END-- [ RunTime:0.000423s ]
INFO: [ app_end ] --START--
INFO: Run Behavior\ShowPageTraceBehavior [ RunTime:0.000733s ]
INFO: [ app_end ] --END-- [ RunTime:0.000813s ]

[ 2018-07-03T14:12:30+08:00 ] ::1 /bazipaipan/index.php/Home/Index/jiankang_fx
INFO: [ app_init ] --START--
INFO: Run Behavior\BuildLiteBehavior [ RunTime:0.000026s ]
INFO: [ app_init ] --END-- [ RunTime:0.000575s ]
INFO: [ app_begin ] --START--
INFO: Run Behavior\ReadHtmlCacheBehavior [ RunTime:0.000751s ]
INFO: [ app_begin ] --END-- [ RunTime:0.000839s ]
NOTIC: [8192] mysql_connect(): The mysql extension is deprecated and will be removed in the future: use mysqli or PDO instead G:\php\bazipaipan\ThinkPHP\Library\Think\Session\Driver\Db.class.php 第 95 行.
NOTIC: [8192] mysql_connect(): The mysql extension is deprecated and will be removed in the future: use mysqli or PDO instead G:\php\bazipaipan\ThinkPHP\Library\Think\Db\Driver\Mysql.class.php 第 52 行.
SQL: select id,status from sm_h5test where place='123456405650' [ RunTime:0.000848s ]
SQL: update sm_h5test set ordernum='BZPP201827346141229' where place='123456405650' [ RunTime:0.024041s ]
NOTIC: [2] mysql_num_rows() expects parameter 1 to be resource, boolean given G:\php\bazipaipan\ThinkPHP\Library\Think\Db\Driver\Mysql.class.php 第 106 行.
INFO: [ view_parse ] --START--
INFO: [ template_filter ] --START--
INFO: Run Behavior\ContentReplaceBehavior [ RunTime:0.000112s ]
INFO: [ template_filter ] --END-- [ RunTime:0.000174s ]
NOTIC: [8] Undefined variable: wxlogin G:\php\bazipaipan\Application\Runtime\Cache\Home\512ec458ee3dfac396edaa6c792a455c.php 第 227 行.
INFO: Run Behavior\ParseTemplateBehavior [ RunTime:0.009407s ]
INFO: [ view_parse ] --END-- [ RunTime:0.009484s ]
INFO: [ view_filter ] --START--
INFO: Run Behavior\WriteHtmlCacheBehavior [ RunTime:0.000595s ]
INFO: [ view_filter ] --END-- [ RunTime:0.000665s ]
INFO: [ app_end ] --START--
INFO: Run Behavior\ShowPageTraceBehavior [ RunTime:0.001450s ]
INFO: [ app_end ] --END-- [ RunTime:0.002278s ]

[ 2018-07-03T14:12:38+08:00 ] ::1 /bazipaipan/index.php/Home/Index/caiyun_fx
INFO: [ app_init ] --START--
INFO: Run Behavior\BuildLiteBehavior [ RunTime:0.000018s ]
INFO: [ app_init ] --END-- [ RunTime:0.000582s ]
INFO: [ app_begin ] --START--
INFO: Run Behavior\ReadHtmlCacheBehavior [ RunTime:0.000882s ]
INFO: [ app_begin ] --END-- [ RunTime:0.000986s ]
NOTIC: [8192] mysql_connect(): The mysql extension is deprecated and will be removed in the future: use mysqli or PDO instead G:\php\bazipaipan\ThinkPHP\Library\Think\Session\Driver\Db.class.php 第 95 行.
NOTIC: [8192] mysql_connect(): The mysql extension is deprecated and will be removed in the future: use mysqli or PDO instead G:\php\bazipaipan\ThinkPHP\Library\Think\Db\Driver\Mysql.class.php 第 52 行.
SQL: select id,status from sm_h5test where place='123456405650' [ RunTime:0.000840s ]
SQL: update sm_h5test set ordernum='BZPP201819094141237' where place='123456405650' [ RunTime:0.026745s ]
NOTIC: [2] mysql_num_rows() expects parameter 1 to be resource, boolean given G:\php\bazipaipan\ThinkPHP\Library\Think\Db\Driver\Mysql.class.php 第 106 行.
INFO: [ view_parse ] --START--
INFO: [ template_filter ] --START--
INFO: Run Behavior\ContentReplaceBehavior [ RunTime:0.000118s ]
INFO: [ template_filter ] --END-- [ RunTime:0.000185s ]
NOTIC: [8] Undefined variable: wxlogin G:\php\bazipaipan\Application\Runtime\Cache\Home\512ec458ee3dfac396edaa6c792a455c.php 第 227 行.
INFO: Run Behavior\ParseTemplateBehavior [ RunTime:0.010840s ]
INFO: [ view_parse ] --END-- [ RunTime:0.010926s ]
INFO: [ view_filter ] --START--
INFO: Run Behavior\WriteHtmlCacheBehavior [ RunTime:0.000825s ]
INFO: [ view_filter ] --END-- [ RunTime:0.000899s ]
INFO: [ app_end ] --START--
INFO: Run Behavior\ShowPageTraceBehavior [ RunTime:0.001220s ]
INFO: [ app_end ] --END-- [ RunTime:0.001306s ]

[ 2018-07-03T14:13:51+08:00 ] ::1 /bazipaipan/index.php/Home/Zhifu/paywxshiye
INFO: [ app_init ] --START--
INFO: Run Behavior\BuildLiteBehavior [ RunTime:0.000023s ]
INFO: [ app_init ] --END-- [ RunTime:0.000745s ]
INFO: [ app_begin ] --START--
INFO: Run Behavior\ReadHtmlCacheBehavior [ RunTime:0.001633s ]
INFO: [ app_begin ] --END-- [ RunTime:0.001745s ]
NOTIC: [8192] mysql_connect(): The mysql extension is deprecated and will be removed in the future: use mysqli or PDO instead G:\php\bazipaipan\ThinkPHP\Library\Think\Session\Driver\Db.class.php 第 95 行.
NOTIC: [8192] mysql_connect(): The mysql extension is deprecated and will be removed in the future: use mysqli or PDO instead G:\php\bazipaipan\ThinkPHP\Library\Think\Db\Driver\Mysql.class.php 第 52 行.
SQL: select * from sm_h5test where ordernum='BZPP201819094141237' and status=-1 [ RunTime:0.001278s ]
SQL: update sm_h5test set ordernum='BZPP201882624141351' where id='150' [ RunTime:0.030513s ]
NOTIC: [2] mysql_num_rows() expects parameter 1 to be resource, boolean given G:\php\bazipaipan\ThinkPHP\Library\Think\Db\Driver\Mysql.class.php 第 106 行.
NOTIC: [8] Undefined index: mweb_url G:\php\bazipaipan\Application\Home\Controller\ZhifuController.class.php 第 117 行.
INFO: [ app_end ] --START--
INFO: Run Behavior\ShowPageTraceBehavior [ RunTime:0.001870s ]
INFO: [ app_end ] --END-- [ RunTime:0.002021s ]

