[ 2018-10-17T17:56:16+08:00 ] ::1 /bazipaipan/?uid=123456
INFO: [ app_init ] --START--
INFO: Run Behavior\BuildLiteBehavior [ RunTime:0.000021s ]
INFO: [ app_init ] --END-- [ RunTime:0.001734s ]
INFO: [ app_begin ] --START--
INFO: Run Behavior\ReadHtmlCacheBehavior [ RunTime:0.002065s ]
INFO: [ app_begin ] --END-- [ RunTime:0.002144s ]
NOTIC: [8192] mysql_connect(): The mysql extension is deprecated and will be removed in the future: use mysqli or PDO instead G:\php\bazipaipan\ThinkPHP\Library\Think\Session\Driver\Db.class.php 第 95 行.
INFO: [ view_parse ] --START--
INFO: [ template_filter ] --START--
INFO: Run Behavior\ContentReplaceBehavior [ RunTime:0.000207s ]
INFO: [ template_filter ] --END-- [ RunTime:0.000267s ]
INFO: Run Behavior\ParseTemplateBehavior [ RunTime:0.092820s ]
INFO: [ view_parse ] --END-- [ RunTime:0.092907s ]
INFO: [ view_filter ] --START--
INFO: Run Behavior\WriteHtmlCacheBehavior [ RunTime:0.001032s ]
INFO: [ view_filter ] --END-- [ RunTime:0.001087s ]
INFO: [ app_end ] --START--
INFO: Run Behavior\ShowPageTraceBehavior [ RunTime:0.001870s ]
INFO: [ app_end ] --END-- [ RunTime:0.001953s ]

[ 2018-10-17T17:56:47+08:00 ] ::1 /bazipaipan/index.php/Home/Index/msgs
INFO: [ app_init ] --START--
INFO: Run Behavior\BuildLiteBehavior [ RunTime:0.000013s ]
INFO: [ app_init ] --END-- [ RunTime:0.000091s ]
INFO: [ app_begin ] --START--
INFO: Run Behavior\ReadHtmlCacheBehavior [ RunTime:0.000091s ]
INFO: [ app_begin ] --END-- [ RunTime:0.000138s ]
NOTIC: [8192] mysql_connect(): The mysql extension is deprecated and will be removed in the future: use mysqli or PDO instead G:\php\bazipaipan\ThinkPHP\Library\Think\Session\Driver\Db.class.php 第 95 行.
INFO: [ view_parse ] --START--
INFO: [ template_filter ] --START--
INFO: Run Behavior\ContentReplaceBehavior [ RunTime:0.000091s ]
INFO: [ template_filter ] --END-- [ RunTime:0.000142s ]
INFO: Run Behavior\ParseTemplateBehavior [ RunTime:0.040291s ]
INFO: [ view_parse ] --END-- [ RunTime:0.040362s ]
INFO: [ view_filter ] --START--
INFO: Run Behavior\WriteHtmlCacheBehavior [ RunTime:0.000105s ]
INFO: [ view_filter ] --END-- [ RunTime:0.000138s ]
INFO: [ app_end ] --START--
INFO: Run Behavior\ShowPageTraceBehavior [ RunTime:0.000070s ]
INFO: [ app_end ] --END-- [ RunTime:0.000107s ]

[ 2018-10-17T17:56:54+08:00 ] ::1 /bazipaipan/index.php/Home/Index/moren?moren=1&id=651439
INFO: [ app_init ] --START--
INFO: Run Behavior\BuildLiteBehavior [ RunTime:0.000013s ]
INFO: [ app_init ] --END-- [ RunTime:0.000133s ]
INFO: [ app_begin ] --START--
INFO: Run Behavior\ReadHtmlCacheBehavior [ RunTime:0.000091s ]
INFO: [ app_begin ] --END-- [ RunTime:0.000139s ]
NOTIC: [8192] mysql_connect(): The mysql extension is deprecated and will be removed in the future: use mysqli or PDO instead G:\php\bazipaipan\ThinkPHP\Library\Think\Session\Driver\Db.class.php 第 95 行.

[ 2018-10-17T17:56:55+08:00 ] ::1 /bazipaipan/index.php/Home/Index/index
INFO: [ app_init ] --START--
INFO: Run Behavior\BuildLiteBehavior [ RunTime:0.000013s ]
INFO: [ app_init ] --END-- [ RunTime:0.000084s ]
INFO: [ app_begin ] --START--
INFO: Run Behavior\ReadHtmlCacheBehavior [ RunTime:0.000098s ]
INFO: [ app_begin ] --END-- [ RunTime:0.000149s ]
NOTIC: [8192] mysql_connect(): The mysql extension is deprecated and will be removed in the future: use mysqli or PDO instead G:\php\bazipaipan\ThinkPHP\Library\Think\Session\Driver\Db.class.php 第 95 行.
NOTIC: [8] Undefined index: uid G:\php\bazipaipan\Application\Home\Controller\IndexController.class.php 第 8 行.
INFO: [ view_parse ] --START--
INFO: [ template_filter ] --START--
INFO: Run Behavior\ContentReplaceBehavior [ RunTime:0.000168s ]
INFO: [ template_filter ] --END-- [ RunTime:0.000234s ]
INFO: Run Behavior\ParseTemplateBehavior [ RunTime:0.006600s ]
INFO: [ view_parse ] --END-- [ RunTime:0.006663s ]
INFO: [ view_filter ] --START--
INFO: Run Behavior\WriteHtmlCacheBehavior [ RunTime:0.000103s ]
INFO: [ view_filter ] --END-- [ RunTime:0.000136s ]
INFO: [ app_end ] --START--
INFO: Run Behavior\ShowPageTraceBehavior [ RunTime:0.000170s ]
INFO: [ app_end ] --END-- [ RunTime:0.000237s ]

[ 2018-10-17T18:00:52+08:00 ] ::1 /bazipaipan/index.php/Home/Index/pp_msg?arrnumber=0
INFO: [ app_init ] --START--
INFO: Run Behavior\BuildLiteBehavior [ RunTime:0.000018s ]
INFO: [ app_init ] --END-- [ RunTime:0.000352s ]
INFO: [ app_begin ] --START--
INFO: Run Behavior\ReadHtmlCacheBehavior [ RunTime:0.000264s ]
INFO: [ app_begin ] --END-- [ RunTime:0.000339s ]
NOTIC: [8192] mysql_connect(): The mysql extension is deprecated and will be removed in the future: use mysqli or PDO instead G:\php\bazipaipan\ThinkPHP\Library\Think\Session\Driver\Db.class.php 第 95 行.
NOTIC: [8] Undefined index: birthday G:\php\bazipaipan\Application\Home\Controller\IndexController.class.php 第 34 行.
NOTIC: [8192] mysql_connect(): The mysql extension is deprecated and will be removed in the future: use mysqli or PDO instead G:\php\bazipaipan\ThinkPHP\Library\Think\Db\Driver\Mysql.class.php 第 52 行.
SQL: select zi from tb_zw_msgong where id=9 [ RunTime:0.003238s ]
SQL: select ny from tb_wedlock where name='戊戌' [ RunTime:0.002195s ]
SQL: select ny from tb_wedlock where name='壬戌' [ RunTime:0.001021s ]
SQL: select ny from tb_wedlock where name='壬午' [ RunTime:0.001041s ]
SQL: select ny from tb_wedlock where name='庚子' [ RunTime:0.001117s ]
SQL: select wu from tb_shishen where id=9 [ RunTime:0.001872s ]
SQL: select ren from tb_shishen where id=9 [ RunTime:0.001008s ]
SQL: select geng from tb_shishen where id=9 [ RunTime:0.001220s ]
SQL: select xu from tb_dizhi_shishen where id=9 [ RunTime:0.002757s ]
SQL: select xu from tb_dizhi_shishen where id=9 [ RunTime:0.001343s ]
SQL: select wu from tb_dizhi_shishen where id=9 [ RunTime:0.001351s ]
SQL: select zi from tb_dizhi_shishen where id=9 [ RunTime:0.001642s ]
SQL: select xu,xu,wu,zi from tb_dizhi_shishen where id=11 [ RunTime:0.001063s ]
SQL: select name from tb_bz_wangshuai where ren='戌' [ RunTime:0.001761s ]
SQL: select name from tb_bz_wangshuai where ren='戌' [ RunTime:0.000980s ]
SQL: select name from tb_bz_wangshuai where ren='午' [ RunTime:0.001226s ]
SQL: select name from tb_bz_wangshuai where ren='子' [ RunTime:0.000984s ]
SQL: select * from tb_24jieqi where year='2018' [ RunTime:0.001904s ]
NOTIC: [8] Undefined offset: 0 G:\php\bazipaipan\Application\Common\Common\function.php 第 54 行.
SQL: select gui from tb_shishen where id=9 [ RunTime:0.001781s ]
SQL: select jia from tb_shishen where id=9 [ RunTime:0.002204s ]
SQL: select yi from tb_shishen where id=9 [ RunTime:0.001021s ]
SQL: select bing from tb_shishen where id=9 [ RunTime:0.000905s ]
SQL: select ding from tb_shishen where id=9 [ RunTime:0.001089s ]
SQL: select wu from tb_shishen where id=9 [ RunTime:0.000904s ]
SQL: select ji from tb_shishen where id=9 [ RunTime:0.000894s ]
SQL: select geng from tb_shishen where id=9 [ RunTime:0.001031s ]
SQL: select * from tb_wuxingju where id=9 [ RunTime:0.001934s ]
SQL: select zwei from tb_zhuxingmwsx where id=3 [ RunTime:0.001842s ]
SQL: select lzhen from tb_zhuxingmwsx where id=7 [ RunTime:0.000872s ]
SQL: select ttong from tb_zhuxingmwsx where id=10 [ RunTime:0.000956s ]
SQL: select wuqu from tb_zhuxingmwsx where id=11 [ RunTime:0.001057s ]
SQL: select tyang from tb_zhuxingmwsx where id=0 [ RunTime:0.001100s ]
SQL: select tji from tb_zhuxingmwsx where id=2 [ RunTime:0.000885s ]
SQL: select tfu from tb_zhuxingmwsx where id=9 [ RunTime:0.000865s ]
SQL: select tyin from tb_zhuxingmwsx where id=10 [ RunTime:0.000866s ]
SQL: select tlang from tb_zhuxingmwsx where id=11 [ RunTime:0.000863s ]
SQL: select jmen from tb_zhuxingmwsx where id=0 [ RunTime:0.000858s ]
SQL: select txiang from tb_zhuxingmwsx where id=1 [ RunTime:0.000856s ]
SQL: select tliang from tb_zhuxingmwsx where id=2 [ RunTime:0.000891s ]
SQL: select qsha from tb_zhuxingmwsx where id=3 [ RunTime:0.000871s ]
SQL: select pjun from tb_zhuxingmwsx where id=7 [ RunTime:0.000979s ]
SQL: select * from tb_shengyuezx where id=9 [ RunTime:0.001897s ]
NOTIC: [8] Undefined offset: 0 G:\php\bazipaipan\Application\Home\Common\function.php 第 490 行.
NOTIC: [8] Undefined offset: 0 G:\php\bazipaipan\Application\Home\Common\function.php 第 490 行.
NOTIC: [8] Undefined offset: 8 G:\php\bazipaipan\Application\Home\Common\function.php 第 492 行.
NOTIC: [8] Undefined offset: 3 G:\php\bazipaipan\Application\Home\Common\function.php 第 494 行.
NOTIC: [8] Undefined offset: 7 G:\php\bazipaipan\Application\Home\Common\function.php 第 496 行.
NOTIC: [8] Undefined offset: 2 G:\php\bazipaipan\Application\Home\Common\function.php 第 502 行.
SQL: select * from tb_shengnianzx where id=11 [ RunTime:0.002160s ]
NOTIC: [8] Undefined offset: 2 G:\php\bazipaipan\Application\Home\Common\function.php 第 512 行.
NOTIC: [8] Undefined offset: 6 G:\php\bazipaipan\Application\Home\Common\function.php 第 516 行.
NOTIC: [8] Undefined offset: 5 G:\php\bazipaipan\Application\Home\Common\function.php 第 518 行.
NOTIC: [8] Undefined offset: 3 G:\php\bazipaipan\Application\Home\Common\function.php 第 520 行.
NOTIC: [8] Undefined offset: 0 G:\php\bazipaipan\Application\Home\Common\function.php 第 522 行.
NOTIC: [8] Undefined offset: 10 G:\php\bazipaipan\Application\Home\Common\function.php 第 524 行.
NOTIC: [8] Undefined offset: 11 G:\php\bazipaipan\Application\Home\Common\function.php 第 530 行.
NOTIC: [8] Undefined offset: 8 G:\php\bazipaipan\Application\Home\Common\function.php 第 534 行.
NOTIC: [8] Undefined offset: 1 G:\php\bazipaipan\Application\Home\Common\function.php 第 536 行.
NOTIC: [8] Undefined offset: 6 G:\php\bazipaipan\Application\Home\Common\function.php 第 540 行.
SQL: select mzhu from tb_shengnianzx  where id=11 [ RunTime:0.000893s ]
SQL: select * from tb_shixizx where id=1 [ RunTime:0.001818s ]
SQL: select wchang from tb_zhuxingmwsx where id=8 [ RunTime:0.000854s ]
NOTIC: [8] Undefined offset: 8 G:\php\bazipaipan\Application\Home\Common\function.php 第 552 行.
SQL: select wqu from tb_zhuxingmwsx where id=2 [ RunTime:0.000854s ]
NOTIC: [8] Undefined offset: 2 G:\php\bazipaipan\Application\Home\Common\function.php 第 555 行.
NOTIC: [8] Undefined offset: 2 G:\php\bazipaipan\Application\Home\Common\function.php 第 555 行.
NOTIC: [8] Undefined offset: 9 G:\php\bazipaipan\Application\Home\Common\function.php 第 557 行.
NOTIC: [8] Undefined offset: 4 G:\php\bazipaipan\Application\Home\Common\function.php 第 561 行.
NOTIC: [8] Undefined offset: 0 G:\php\bazipaipan\Application\Home\Common\function.php 第 563 行.
SQL: select * from tb_shengniangx where id=5 [ RunTime:0.001754s ]
SQL: select qyang from tb_zhuxingmwsx where id=4 [ RunTime:0.000875s ]
NOTIC: [8] Undefined offset: 4 G:\php\bazipaipan\Application\Home\Common\function.php 第 571 行.
SQL: select tluo from tb_zhuxingmwsx where id=2 [ RunTime:0.000853s ]
NOTIC: [8] Undefined offset: 2 G:\php\bazipaipan\Application\Home\Common\function.php 第 574 行.
NOTIC: [8] Undefined offset: 2 G:\php\bazipaipan\Application\Home\Common\function.php 第 574 行.
NOTIC: [8] Undefined offset: 5 G:\php\bazipaipan\Application\Home\Common\function.php 第 576 行.
NOTIC: [8] Undefined offset: 5 G:\php\bazipaipan\Application\Home\Common\function.php 第 576 行.
NOTIC: [8] Undefined offset: 11 G:\php\bazipaipan\Application\Home\Common\function.php 第 578 行.
NOTIC: [8] Undefined offset: 11 G:\php\bazipaipan\Application\Home\Common\function.php 第 578 行.
NOTIC: [8] Undefined offset: 3 G:\php\bazipaipan\Application\Home\Common\function.php 第 580 行.
NOTIC: [8] Undefined offset: 3 G:\php\bazipaipan\Application\Home\Common\function.php 第 580 行.
NOTIC: [8] Undefined offset: 1 G:\php\bazipaipan\Application\Home\Common\function.php 第 582 行.
NOTIC: [8] Undefined offset: 10 G:\php\bazipaipan\Application\Home\Common\function.php 第 586 行.
SQL: select ywx from tb_huoxing where id=1 [ RunTime:0.001643s ]
SQL: select hxing from tb_zhuxingmwsx where id=11 [ RunTime:0.000854s ]
NOTIC: [8] Undefined offset: 11 G:\php\bazipaipan\Application\Home\Common\function.php 第 749 行.
SQL: select ywx from tb_lingxing where id=1 [ RunTime:0.001687s ]
SQL: select lxing from tb_zhuxingmwsx where id=1 [ RunTime:0.000859s ]
NOTIC: [8] Undefined offset: 1 G:\php\bazipaipan\Application\Home\Common\function.php 第 767 行.
NOTIC: [8] Undefined offset: 1 G:\php\bazipaipan\Application\Home\Common\function.php 第 767 行.
NOTIC: [8] Undefined offset: 6 G:\php\bazipaipan\Application\Home\Common\function.php 第 775 行.
NOTIC: [8] Undefined offset: -8 G:\php\bazipaipan\Application\Home\Common\function.php 第 782 行.
NOTIC: [8] Undefined offset: 9 G:\php\bazipaipan\Application\Home\Common\function.php 第 788 行.
NOTIC: [8] Undefined offset: 3 G:\php\bazipaipan\Application\Home\Common\function.php 第 794 行.
SQL: select * from tb_sihua where id=5 [ RunTime:0.001934s ]
NOTIC: [8] Undefined offset: 2 G:\php\bazipaipan\Application\Home\Common\function.php 第 824 行.
NOTIC: [8] Undefined offset: 6 G:\php\bazipaipan\Application\Home\Common\function.php 第 831 行.
NOTIC: [8] Undefined offset: 5 G:\php\bazipaipan\Application\Home\Common\function.php 第 840 行.
NOTIC: [8] Undefined offset: 0 G:\php\bazipaipan\Application\Home\Common\function.php 第 854 行.
SQL: select * from tb_wedlock where name='壬午' [ RunTime:0.001187s ]
NOTIC: [8] Undefined offset: 6 G:\php\bazipaipan\Application\Home\Common\function.php 第 907 行.
NOTIC: [8] Undefined offset: 6 G:\php\bazipaipan\Application\Home\Common\function.php 第 911 行.
NOTIC: [8] Undefined offset: 6 G:\php\bazipaipan\Application\Home\Common\function.php 第 912 行.
INFO: [ view_parse ] --START--
INFO: [ template_filter ] --START--
INFO: Run Behavior\ContentReplaceBehavior [ RunTime:0.000169s ]
INFO: [ template_filter ] --END-- [ RunTime:0.000223s ]
INFO: Run Behavior\ParseTemplateBehavior [ RunTime:0.020168s ]
INFO: [ view_parse ] --END-- [ RunTime:0.020242s ]
INFO: [ view_filter ] --START--
INFO: Run Behavior\WriteHtmlCacheBehavior [ RunTime:0.000348s ]
INFO: [ view_filter ] --END-- [ RunTime:0.000392s ]
INFO: [ app_end ] --START--
INFO: Run Behavior\ShowPageTraceBehavior [ RunTime:0.000283s ]
INFO: [ app_end ] --END-- [ RunTime:0.000329s ]

[ 2018-10-17T18:00:55+08:00 ] ::1 /bazipaipan/index.php/Home/Index/generateImg
INFO: [ app_init ] --START--
INFO: Run Behavior\BuildLiteBehavior [ RunTime:0.000021s ]
INFO: [ app_init ] --END-- [ RunTime:0.000140s ]
INFO: [ app_begin ] --START--
INFO: Run Behavior\ReadHtmlCacheBehavior [ RunTime:0.000225s ]
INFO: [ app_begin ] --END-- [ RunTime:0.000297s ]
NOTIC: [8192] mysql_connect(): The mysql extension is deprecated and will be removed in the future: use mysqli or PDO instead G:\php\bazipaipan\ThinkPHP\Library\Think\Session\Driver\Db.class.php 第 95 行.
INFO: [ app_end ] --START--
INFO: Run Behavior\ShowPageTraceBehavior [ RunTime:0.000142s ]
INFO: [ app_end ] --END-- [ RunTime:0.000227s ]

[ 2018-10-17T18:00:57+08:00 ] ::1 /bazipaipan/index.php/Home/Index/pp_msg?arrnumber=0
INFO: [ app_init ] --START--
INFO: Run Behavior\BuildLiteBehavior [ RunTime:0.000015s ]
INFO: [ app_init ] --END-- [ RunTime:0.000167s ]
INFO: [ app_begin ] --START--
INFO: Run Behavior\ReadHtmlCacheBehavior [ RunTime:0.000104s ]
INFO: [ app_begin ] --END-- [ RunTime:0.000170s ]
NOTIC: [8192] mysql_connect(): The mysql extension is deprecated and will be removed in the future: use mysqli or PDO instead G:\php\bazipaipan\ThinkPHP\Library\Think\Session\Driver\Db.class.php 第 95 行.
NOTIC: [8] Undefined index: birthday G:\php\bazipaipan\Application\Home\Controller\IndexController.class.php 第 34 行.
NOTIC: [8192] mysql_connect(): The mysql extension is deprecated and will be removed in the future: use mysqli or PDO instead G:\php\bazipaipan\ThinkPHP\Library\Think\Db\Driver\Mysql.class.php 第 52 行.
SQL: select zi from tb_zw_msgong where id=9 [ RunTime:0.000921s ]
SQL: select ny from tb_wedlock where name='戊戌' [ RunTime:0.001025s ]
SQL: select ny from tb_wedlock where name='壬戌' [ RunTime:0.001038s ]
SQL: select ny from tb_wedlock where name='壬午' [ RunTime:0.001086s ]
SQL: select ny from tb_wedlock where name='庚子' [ RunTime:0.001961s ]
SQL: select wu from tb_shishen where id=9 [ RunTime:0.002402s ]
SQL: select ren from tb_shishen where id=9 [ RunTime:0.001541s ]
SQL: select geng from tb_shishen where id=9 [ RunTime:0.001496s ]
SQL: select xu from tb_dizhi_shishen where id=9 [ RunTime:0.001116s ]
SQL: select xu from tb_dizhi_shishen where id=9 [ RunTime:0.001139s ]
SQL: select wu from tb_dizhi_shishen where id=9 [ RunTime:0.001101s ]
SQL: select zi from tb_dizhi_shishen where id=9 [ RunTime:0.001111s ]
SQL: select xu,xu,wu,zi from tb_dizhi_shishen where id=11 [ RunTime:0.000931s ]
SQL: select name from tb_bz_wangshuai where ren='戌' [ RunTime:0.001140s ]
SQL: select name from tb_bz_wangshuai where ren='戌' [ RunTime:0.001021s ]
SQL: select name from tb_bz_wangshuai where ren='午' [ RunTime:0.001192s ]
SQL: select name from tb_bz_wangshuai where ren='子' [ RunTime:0.001208s ]
SQL: select * from tb_24jieqi where year='2018' [ RunTime:0.001342s ]
NOTIC: [8] Undefined offset: 0 G:\php\bazipaipan\Application\Common\Common\function.php 第 54 行.
SQL: select gui from tb_shishen where id=9 [ RunTime:0.000971s ]
SQL: select jia from tb_shishen where id=9 [ RunTime:0.000879s ]
SQL: select yi from tb_shishen where id=9 [ RunTime:0.000872s ]
SQL: select bing from tb_shishen where id=9 [ RunTime:0.000910s ]
SQL: select ding from tb_shishen where id=9 [ RunTime:0.000894s ]
SQL: select wu from tb_shishen where id=9 [ RunTime:0.000874s ]
SQL: select ji from tb_shishen where id=9 [ RunTime:0.000873s ]
SQL: select geng from tb_shishen where id=9 [ RunTime:0.000873s ]
SQL: select * from tb_wuxingju where id=9 [ RunTime:0.000898s ]
SQL: select zwei from tb_zhuxingmwsx where id=3 [ RunTime:0.000845s ]
SQL: select lzhen from tb_zhuxingmwsx where id=7 [ RunTime:0.000854s ]
SQL: select ttong from tb_zhuxingmwsx where id=10 [ RunTime:0.000940s ]
SQL: select wuqu from tb_zhuxingmwsx where id=11 [ RunTime:0.000854s ]
SQL: select tyang from tb_zhuxingmwsx where id=0 [ RunTime:0.000843s ]
SQL: select tji from tb_zhuxingmwsx where id=2 [ RunTime:0.000849s ]
SQL: select tfu from tb_zhuxingmwsx where id=9 [ RunTime:0.000982s ]
SQL: select tyin from tb_zhuxingmwsx where id=10 [ RunTime:0.001067s ]
SQL: select tlang from tb_zhuxingmwsx where id=11 [ RunTime:0.000865s ]
SQL: select jmen from tb_zhuxingmwsx where id=0 [ RunTime:0.000866s ]
SQL: select txiang from tb_zhuxingmwsx where id=1 [ RunTime:0.000906s ]
SQL: select tliang from tb_zhuxingmwsx where id=2 [ RunTime:0.000867s ]
SQL: select qsha from tb_zhuxingmwsx where id=3 [ RunTime:0.000867s ]
SQL: select pjun from tb_zhuxingmwsx where id=7 [ RunTime:0.000912s ]
SQL: select * from tb_shengyuezx where id=9 [ RunTime:0.000976s ]
NOTIC: [8] Undefined offset: 0 G:\php\bazipaipan\Application\Home\Common\function.php 第 490 行.
NOTIC: [8] Undefined offset: 0 G:\php\bazipaipan\Application\Home\Common\function.php 第 490 行.
NOTIC: [8] Undefined offset: 8 G:\php\bazipaipan\Application\Home\Common\function.php 第 492 行.
NOTIC: [8] Undefined offset: 3 G:\php\bazipaipan\Application\Home\Common\function.php 第 494 行.
NOTIC: [8] Undefined offset: 7 G:\php\bazipaipan\Application\Home\Common\function.php 第 496 行.
NOTIC: [8] Undefined offset: 2 G:\php\bazipaipan\Application\Home\Common\function.php 第 502 行.
SQL: select * from tb_shengnianzx where id=11 [ RunTime:0.001016s ]
NOTIC: [8] Undefined offset: 2 G:\php\bazipaipan\Application\Home\Common\function.php 第 512 行.
NOTIC: [8] Undefined offset: 6 G:\php\bazipaipan\Application\Home\Common\function.php 第 516 行.
NOTIC: [8] Undefined offset: 5 G:\php\bazipaipan\Application\Home\Common\function.php 第 518 行.
NOTIC: [8] Undefined offset: 3 G:\php\bazipaipan\Application\Home\Common\function.php 第 520 行.
NOTIC: [8] Undefined offset: 0 G:\php\bazipaipan\Application\Home\Common\function.php 第 522 行.
NOTIC: [8] Undefined offset: 10 G:\php\bazipaipan\Application\Home\Common\function.php 第 524 行.
NOTIC: [8] Undefined offset: 11 G:\php\bazipaipan\Application\Home\Common\function.php 第 530 行.
NOTIC: [8] Undefined offset: 8 G:\php\bazipaipan\Application\Home\Common\function.php 第 534 行.
NOTIC: [8] Undefined offset: 1 G:\php\bazipaipan\Application\Home\Common\function.php 第 536 行.
NOTIC: [8] Undefined offset: 6 G:\php\bazipaipan\Application\Home\Common\function.php 第 540 行.
SQL: select mzhu from tb_shengnianzx  where id=11 [ RunTime:0.000834s ]
SQL: select * from tb_shixizx where id=1 [ RunTime:0.000868s ]
SQL: select wchang from tb_zhuxingmwsx where id=8 [ RunTime:0.000819s ]
NOTIC: [8] Undefined offset: 8 G:\php\bazipaipan\Application\Home\Common\function.php 第 552 行.
SQL: select wqu from tb_zhuxingmwsx where id=2 [ RunTime:0.000834s ]
NOTIC: [8] Undefined offset: 2 G:\php\bazipaipan\Application\Home\Common\function.php 第 555 行.
NOTIC: [8] Undefined offset: 2 G:\php\bazipaipan\Application\Home\Common\function.php 第 555 行.
NOTIC: [8] Undefined offset: 9 G:\php\bazipaipan\Application\Home\Common\function.php 第 557 行.
NOTIC: [8] Undefined offset: 4 G:\php\bazipaipan\Application\Home\Common\function.php 第 561 行.
NOTIC: [8] Undefined offset: 0 G:\php\bazipaipan\Application\Home\Common\function.php 第 563 行.
SQL: select * from tb_shengniangx where id=5 [ RunTime:0.000903s ]
SQL: select qyang from tb_zhuxingmwsx where id=4 [ RunTime:0.000924s ]
NOTIC: [8] Undefined offset: 4 G:\php\bazipaipan\Application\Home\Common\function.php 第 571 行.
SQL: select tluo from tb_zhuxingmwsx where id=2 [ RunTime:0.000896s ]
NOTIC: [8] Undefined offset: 2 G:\php\bazipaipan\Application\Home\Common\function.php 第 574 行.
NOTIC: [8] Undefined offset: 2 G:\php\bazipaipan\Application\Home\Common\function.php 第 574 行.
NOTIC: [8] Undefined offset: 5 G:\php\bazipaipan\Application\Home\Common\function.php 第 576 行.
NOTIC: [8] Undefined offset: 5 G:\php\bazipaipan\Application\Home\Common\function.php 第 576 行.
NOTIC: [8] Undefined offset: 11 G:\php\bazipaipan\Application\Home\Common\function.php 第 578 行.
NOTIC: [8] Undefined offset: 11 G:\php\bazipaipan\Application\Home\Common\function.php 第 578 行.
NOTIC: [8] Undefined offset: 3 G:\php\bazipaipan\Application\Home\Common\function.php 第 580 行.
NOTIC: [8] Undefined offset: 3 G:\php\bazipaipan\Application\Home\Common\function.php 第 580 行.
NOTIC: [8] Undefined offset: 1 G:\php\bazipaipan\Application\Home\Common\function.php 第 582 行.
NOTIC: [8] Undefined offset: 10 G:\php\bazipaipan\Application\Home\Common\function.php 第 586 行.
SQL: select ywx from tb_huoxing where id=1 [ RunTime:0.000949s ]
SQL: select hxing from tb_zhuxingmwsx where id=11 [ RunTime:0.002269s ]
NOTIC: [8] Undefined offset: 11 G:\php\bazipaipan\Application\Home\Common\function.php 第 749 行.
SQL: select ywx from tb_lingxing where id=1 [ RunTime:0.002779s ]
SQL: select lxing from tb_zhuxingmwsx where id=1 [ RunTime:0.001581s ]
NOTIC: [8] Undefined offset: 1 G:\php\bazipaipan\Application\Home\Common\function.php 第 767 行.
NOTIC: [8] Undefined offset: 1 G:\php\bazipaipan\Application\Home\Common\function.php 第 767 行.
NOTIC: [8] Undefined offset: 6 G:\php\bazipaipan\Application\Home\Common\function.php 第 775 行.
NOTIC: [8] Undefined offset: -8 G:\php\bazipaipan\Application\Home\Common\function.php 第 782 行.
NOTIC: [8] Undefined offset: 9 G:\php\bazipaipan\Application\Home\Common\function.php 第 788 行.
NOTIC: [8] Undefined offset: 3 G:\php\bazipaipan\Application\Home\Common\function.php 第 794 行.
SQL: select * from tb_sihua where id=5 [ RunTime:0.001257s ]
NOTIC: [8] Undefined offset: 2 G:\php\bazipaipan\Application\Home\Common\function.php 第 824 行.
NOTIC: [8] Undefined offset: 6 G:\php\bazipaipan\Application\Home\Common\function.php 第 831 行.
NOTIC: [8] Undefined offset: 5 G:\php\bazipaipan\Application\Home\Common\function.php 第 840 行.
NOTIC: [8] Undefined offset: 0 G:\php\bazipaipan\Application\Home\Common\function.php 第 854 行.
SQL: select * from tb_wedlock where name='壬午' [ RunTime:0.001177s ]
NOTIC: [8] Undefined offset: 6 G:\php\bazipaipan\Application\Home\Common\function.php 第 907 行.
NOTIC: [8] Undefined offset: 6 G:\php\bazipaipan\Application\Home\Common\function.php 第 911 行.
NOTIC: [8] Undefined offset: 6 G:\php\bazipaipan\Application\Home\Common\function.php 第 912 行.
INFO: [ view_parse ] --START--
INFO: [ template_filter ] --START--
INFO: Run Behavior\ContentReplaceBehavior [ RunTime:0.000236s ]
INFO: [ template_filter ] --END-- [ RunTime:0.000291s ]
INFO: Run Behavior\ParseTemplateBehavior [ RunTime:0.016017s ]
INFO: [ view_parse ] --END-- [ RunTime:0.016087s ]
INFO: [ view_filter ] --START--
INFO: Run Behavior\WriteHtmlCacheBehavior [ RunTime:0.000113s ]
INFO: [ view_filter ] --END-- [ RunTime:0.000146s ]
INFO: [ app_end ] --START--
INFO: Run Behavior\ShowPageTraceBehavior [ RunTime:0.000098s ]
INFO: [ app_end ] --END-- [ RunTime:0.000141s ]

[ 2018-10-17T18:01:12+08:00 ] ::1 /bazipaipan/index.php/Home/Index/pp_msg?arrnumber=0
INFO: [ app_init ] --START--
INFO: Run Behavior\BuildLiteBehavior [ RunTime:0.000013s ]
INFO: [ app_init ] --END-- [ RunTime:0.000134s ]
INFO: [ app_begin ] --START--
INFO: Run Behavior\ReadHtmlCacheBehavior [ RunTime:0.000134s ]
INFO: [ app_begin ] --END-- [ RunTime:0.000207s ]
NOTIC: [8192] mysql_connect(): The mysql extension is deprecated and will be removed in the future: use mysqli or PDO instead G:\php\bazipaipan\ThinkPHP\Library\Think\Session\Driver\Db.class.php 第 95 行.
NOTIC: [8] Undefined index: birthday G:\php\bazipaipan\Application\Home\Controller\IndexController.class.php 第 34 行.
NOTIC: [8192] mysql_connect(): The mysql extension is deprecated and will be removed in the future: use mysqli or PDO instead G:\php\bazipaipan\ThinkPHP\Library\Think\Db\Driver\Mysql.class.php 第 52 行.
SQL: select zi from tb_zw_msgong where id=9 [ RunTime:0.001067s ]
SQL: select ny from tb_wedlock where name='戊戌' [ RunTime:0.001370s ]
SQL: select ny from tb_wedlock where name='壬戌' [ RunTime:0.001239s ]
SQL: select ny from tb_wedlock where name='壬午' [ RunTime:0.001433s ]
SQL: select ny from tb_wedlock where name='庚子' [ RunTime:0.001172s ]
SQL: select wu from tb_shishen where id=9 [ RunTime:0.001027s ]
SQL: select ren from tb_shishen where id=9 [ RunTime:0.000956s ]
SQL: select geng from tb_shishen where id=9 [ RunTime:0.000909s ]
SQL: select xu from tb_dizhi_shishen where id=9 [ RunTime:0.001000s ]
SQL: select xu from tb_dizhi_shishen where id=9 [ RunTime:0.000875s ]
SQL: select wu from tb_dizhi_shishen where id=9 [ RunTime:0.000983s ]
SQL: select zi from tb_dizhi_shishen where id=9 [ RunTime:0.000953s ]
SQL: select xu,xu,wu,zi from tb_dizhi_shishen where id=11 [ RunTime:0.001006s ]
SQL: select name from tb_bz_wangshuai where ren='戌' [ RunTime:0.001091s ]
SQL: select name from tb_bz_wangshuai where ren='戌' [ RunTime:0.001262s ]
SQL: select name from tb_bz_wangshuai where ren='午' [ RunTime:0.001024s ]
SQL: select name from tb_bz_wangshuai where ren='子' [ RunTime:0.001098s ]
SQL: select * from tb_24jieqi where year='2018' [ RunTime:0.001096s ]
NOTIC: [8] Undefined offset: 0 G:\php\bazipaipan\Application\Common\Common\function.php 第 54 行.
SQL: select gui from tb_shishen where id=9 [ RunTime:0.000905s ]
SQL: select jia from tb_shishen where id=9 [ RunTime:0.000881s ]
SQL: select yi from tb_shishen where id=9 [ RunTime:0.000841s ]
SQL: select bing from tb_shishen where id=9 [ RunTime:0.000867s ]
SQL: select ding from tb_shishen where id=9 [ RunTime:0.000999s ]
SQL: select wu from tb_shishen where id=9 [ RunTime:0.000902s ]
SQL: select ji from tb_shishen where id=9 [ RunTime:0.000914s ]
SQL: select geng from tb_shishen where id=9 [ RunTime:0.001088s ]
SQL: select * from tb_wuxingju where id=9 [ RunTime:0.001162s ]
SQL: select zwei from tb_zhuxingmwsx where id=3 [ RunTime:0.001067s ]
SQL: select lzhen from tb_zhuxingmwsx where id=7 [ RunTime:0.000918s ]
SQL: select ttong from tb_zhuxingmwsx where id=10 [ RunTime:0.001031s ]
SQL: select wuqu from tb_zhuxingmwsx where id=11 [ RunTime:0.000950s ]
SQL: select tyang from tb_zhuxingmwsx where id=0 [ RunTime:0.000947s ]
SQL: select tji from tb_zhuxingmwsx where id=2 [ RunTime:0.000969s ]
SQL: select tfu from tb_zhuxingmwsx where id=9 [ RunTime:0.001005s ]
SQL: select tyin from tb_zhuxingmwsx where id=10 [ RunTime:0.001055s ]
SQL: select tlang from tb_zhuxingmwsx where id=11 [ RunTime:0.001098s ]
SQL: select jmen from tb_zhuxingmwsx where id=0 [ RunTime:0.001063s ]
SQL: select txiang from tb_zhuxingmwsx where id=1 [ RunTime:0.001119s ]
SQL: select tliang from tb_zhuxingmwsx where id=2 [ RunTime:0.001043s ]
SQL: select qsha from tb_zhuxingmwsx where id=3 [ RunTime:0.001069s ]
SQL: select pjun from tb_zhuxingmwsx where id=7 [ RunTime:0.001083s ]
SQL: select * from tb_shengyuezx where id=9 [ RunTime:0.001067s ]
NOTIC: [8] Undefined offset: 0 G:\php\bazipaipan\Application\Home\Common\function.php 第 490 行.
NOTIC: [8] Undefined offset: 0 G:\php\bazipaipan\Application\Home\Common\function.php 第 490 行.
NOTIC: [8] Undefined offset: 8 G:\php\bazipaipan\Application\Home\Common\function.php 第 492 行.
NOTIC: [8] Undefined offset: 3 G:\php\bazipaipan\Application\Home\Common\function.php 第 494 行.
NOTIC: [8] Undefined offset: 7 G:\php\bazipaipan\Application\Home\Common\function.php 第 496 行.
NOTIC: [8] Undefined offset: 2 G:\php\bazipaipan\Application\Home\Common\function.php 第 502 行.
SQL: select * from tb_shengnianzx where id=11 [ RunTime:0.001273s ]
NOTIC: [8] Undefined offset: 2 G:\php\bazipaipan\Application\Home\Common\function.php 第 512 行.
NOTIC: [8] Undefined offset: 6 G:\php\bazipaipan\Application\Home\Common\function.php 第 516 行.
NOTIC: [8] Undefined offset: 5 G:\php\bazipaipan\Application\Home\Common\function.php 第 518 行.
NOTIC: [8] Undefined offset: 3 G:\php\bazipaipan\Application\Home\Common\function.php 第 520 行.
NOTIC: [8] Undefined offset: 0 G:\php\bazipaipan\Application\Home\Common\function.php 第 522 行.
NOTIC: [8] Undefined offset: 10 G:\php\bazipaipan\Application\Home\Common\function.php 第 524 行.
NOTIC: [8] Undefined offset: 11 G:\php\bazipaipan\Application\Home\Common\function.php 第 530 行.
NOTIC: [8] Undefined offset: 8 G:\php\bazipaipan\Application\Home\Common\function.php 第 534 行.
NOTIC: [8] Undefined offset: 1 G:\php\bazipaipan\Application\Home\Common\function.php 第 536 行.
NOTIC: [8] Undefined offset: 6 G:\php\bazipaipan\Application\Home\Common\function.php 第 540 行.
SQL: select mzhu from tb_shengnianzx  where id=11 [ RunTime:0.000959s ]
SQL: select * from tb_shixizx where id=1 [ RunTime:0.000895s ]
SQL: select wchang from tb_zhuxingmwsx where id=8 [ RunTime:0.000875s ]
NOTIC: [8] Undefined offset: 8 G:\php\bazipaipan\Application\Home\Common\function.php 第 552 行.
SQL: select wqu from tb_zhuxingmwsx where id=2 [ RunTime:0.000868s ]
NOTIC: [8] Undefined offset: 2 G:\php\bazipaipan\Application\Home\Common\function.php 第 555 行.
NOTIC: [8] Undefined offset: 2 G:\php\bazipaipan\Application\Home\Common\function.php 第 555 行.
NOTIC: [8] Undefined offset: 9 G:\php\bazipaipan\Application\Home\Common\function.php 第 557 行.
NOTIC: [8] Undefined offset: 4 G:\php\bazipaipan\Application\Home\Common\function.php 第 561 行.
NOTIC: [8] Undefined offset: 0 G:\php\bazipaipan\Application\Home\Common\function.php 第 563 行.
SQL: select * from tb_shengniangx where id=5 [ RunTime:0.000899s ]
SQL: select qyang from tb_zhuxingmwsx where id=4 [ RunTime:0.000891s ]
NOTIC: [8] Undefined offset: 4 G:\php\bazipaipan\Application\Home\Common\function.php 第 571 行.
SQL: select tluo from tb_zhuxingmwsx where id=2 [ RunTime:0.001326s ]
NOTIC: [8] Undefined offset: 2 G:\php\bazipaipan\Application\Home\Common\function.php 第 574 行.
NOTIC: [8] Undefined offset: 2 G:\php\bazipaipan\Application\Home\Common\function.php 第 574 行.
NOTIC: [8] Undefined offset: 5 G:\php\bazipaipan\Application\Home\Common\function.php 第 576 行.
NOTIC: [8] Undefined offset: 5 G:\php\bazipaipan\Application\Home\Common\function.php 第 576 行.
NOTIC: [8] Undefined offset: 11 G:\php\bazipaipan\Application\Home\Common\function.php 第 578 行.
NOTIC: [8] Undefined offset: 11 G:\php\bazipaipan\Application\Home\Common\function.php 第 578 行.
NOTIC: [8] Undefined offset: 3 G:\php\bazipaipan\Application\Home\Common\function.php 第 580 行.
NOTIC: [8] Undefined offset: 3 G:\php\bazipaipan\Application\Home\Common\function.php 第 580 行.
NOTIC: [8] Undefined offset: 1 G:\php\bazipaipan\Application\Home\Common\function.php 第 582 行.
NOTIC: [8] Undefined offset: 10 G:\php\bazipaipan\Application\Home\Common\function.php 第 586 行.
SQL: select ywx from tb_huoxing where id=1 [ RunTime:0.001108s ]
SQL: select hxing from tb_zhuxingmwsx where id=11 [ RunTime:0.001114s ]
NOTIC: [8] Undefined offset: 11 G:\php\bazipaipan\Application\Home\Common\function.php 第 749 行.
SQL: select ywx from tb_lingxing where id=1 [ RunTime:0.000992s ]
SQL: select lxing from tb_zhuxingmwsx where id=1 [ RunTime:0.000881s ]
NOTIC: [8] Undefined offset: 1 G:\php\bazipaipan\Application\Home\Common\function.php 第 767 行.
NOTIC: [8] Undefined offset: 1 G:\php\bazipaipan\Application\Home\Common\function.php 第 767 行.
NOTIC: [8] Undefined offset: 6 G:\php\bazipaipan\Application\Home\Common\function.php 第 775 行.
NOTIC: [8] Undefined offset: -8 G:\php\bazipaipan\Application\Home\Common\function.php 第 782 行.
NOTIC: [8] Undefined offset: 9 G:\php\bazipaipan\Application\Home\Common\function.php 第 788 行.
NOTIC: [8] Undefined offset: 3 G:\php\bazipaipan\Application\Home\Common\function.php 第 794 行.
SQL: select * from tb_sihua where id=5 [ RunTime:0.001041s ]
NOTIC: [8] Undefined offset: 2 G:\php\bazipaipan\Application\Home\Common\function.php 第 824 行.
NOTIC: [8] Undefined offset: 6 G:\php\bazipaipan\Application\Home\Common\function.php 第 831 行.
NOTIC: [8] Undefined offset: 5 G:\php\bazipaipan\Application\Home\Common\function.php 第 840 行.
NOTIC: [8] Undefined offset: 0 G:\php\bazipaipan\Application\Home\Common\function.php 第 854 行.
SQL: select * from tb_wedlock where name='壬午' [ RunTime:0.001629s ]
NOTIC: [8] Undefined offset: 6 G:\php\bazipaipan\Application\Home\Common\function.php 第 907 行.
NOTIC: [8] Undefined offset: 6 G:\php\bazipaipan\Application\Home\Common\function.php 第 911 行.
NOTIC: [8] Undefined offset: 6 G:\php\bazipaipan\Application\Home\Common\function.php 第 912 行.
INFO: [ view_parse ] --START--
INFO: [ template_filter ] --START--
INFO: Run Behavior\ContentReplaceBehavior [ RunTime:0.000201s ]
INFO: [ template_filter ] --END-- [ RunTime:0.000265s ]
INFO: Run Behavior\ParseTemplateBehavior [ RunTime:0.017814s ]
INFO: [ view_parse ] --END-- [ RunTime:0.017881s ]
INFO: [ view_filter ] --START--
INFO: Run Behavior\WriteHtmlCacheBehavior [ RunTime:0.000114s ]
INFO: [ view_filter ] --END-- [ RunTime:0.000148s ]
INFO: [ app_end ] --START--
INFO: Run Behavior\ShowPageTraceBehavior [ RunTime:0.000096s ]
INFO: [ app_end ] --END-- [ RunTime:0.000137s ]

[ 2018-10-17T18:01:17+08:00 ] ::1 /bazipaipan/index.php/Home/Index/bz_fenxi
INFO: [ app_init ] --START--
INFO: Run Behavior\BuildLiteBehavior [ RunTime:0.000021s ]
INFO: [ app_init ] --END-- [ RunTime:0.000161s ]
INFO: [ app_begin ] --START--
INFO: Run Behavior\ReadHtmlCacheBehavior [ RunTime:0.000118s ]
INFO: [ app_begin ] --END-- [ RunTime:0.000193s ]
NOTIC: [8192] mysql_connect(): The mysql extension is deprecated and will be removed in the future: use mysqli or PDO instead G:\php\bazipaipan\ThinkPHP\Library\Think\Session\Driver\Db.class.php 第 95 行.
INFO: [ view_parse ] --START--
INFO: [ template_filter ] --START--
INFO: Run Behavior\ContentReplaceBehavior [ RunTime:0.000318s ]
INFO: [ template_filter ] --END-- [ RunTime:0.000496s ]
INFO: Run Behavior\ParseTemplateBehavior [ RunTime:0.041972s ]
INFO: [ view_parse ] --END-- [ RunTime:0.042063s ]
INFO: [ view_filter ] --START--
INFO: Run Behavior\WriteHtmlCacheBehavior [ RunTime:0.000159s ]
INFO: [ view_filter ] --END-- [ RunTime:0.000211s ]
INFO: [ app_end ] --START--
INFO: Run Behavior\ShowPageTraceBehavior [ RunTime:0.000100s ]
INFO: [ app_end ] --END-- [ RunTime:0.000150s ]

[ 2018-10-17T18:01:30+08:00 ] ::1 /bazipaipan/index.php/Home/Index/bz_fenxi
INFO: [ app_init ] --START--
INFO: Run Behavior\BuildLiteBehavior [ RunTime:0.000017s ]
INFO: [ app_init ] --END-- [ RunTime:0.000141s ]
INFO: [ app_begin ] --START--
INFO: Run Behavior\ReadHtmlCacheBehavior [ RunTime:0.000105s ]
INFO: [ app_begin ] --END-- [ RunTime:0.000166s ]
NOTIC: [8192] mysql_connect(): The mysql extension is deprecated and will be removed in the future: use mysqli or PDO instead G:\php\bazipaipan\ThinkPHP\Library\Think\Session\Driver\Db.class.php 第 95 行.
INFO: [ view_parse ] --START--
INFO: [ template_filter ] --START--
INFO: Run Behavior\ContentReplaceBehavior [ RunTime:0.000173s ]
INFO: [ template_filter ] --END-- [ RunTime:0.000262s ]
INFO: Run Behavior\ParseTemplateBehavior [ RunTime:0.005405s ]
INFO: [ view_parse ] --END-- [ RunTime:0.005469s ]
INFO: [ view_filter ] --START--
INFO: Run Behavior\WriteHtmlCacheBehavior [ RunTime:0.000097s ]
INFO: [ view_filter ] --END-- [ RunTime:0.000130s ]
INFO: [ app_end ] --START--
INFO: Run Behavior\ShowPageTraceBehavior [ RunTime:0.000057s ]
INFO: [ app_end ] --END-- [ RunTime:0.000088s ]

[ 2018-10-17T18:01:35+08:00 ] ::1 /bazipaipan/index.php/Home/Index/bz_fenxi
INFO: [ app_init ] --START--
INFO: Run Behavior\BuildLiteBehavior [ RunTime:0.000013s ]
INFO: [ app_init ] --END-- [ RunTime:0.000118s ]
INFO: [ app_begin ] --START--
INFO: Run Behavior\ReadHtmlCacheBehavior [ RunTime:0.000140s ]
INFO: [ app_begin ] --END-- [ RunTime:0.000242s ]
NOTIC: [8192] mysql_connect(): The mysql extension is deprecated and will be removed in the future: use mysqli or PDO instead G:\php\bazipaipan\ThinkPHP\Library\Think\Session\Driver\Db.class.php 第 95 行.
INFO: [ view_parse ] --START--
INFO: [ template_filter ] --START--
INFO: Run Behavior\ContentReplaceBehavior [ RunTime:0.000093s ]
INFO: [ template_filter ] --END-- [ RunTime:0.000145s ]
INFO: Run Behavior\ParseTemplateBehavior [ RunTime:0.005400s ]
INFO: [ view_parse ] --END-- [ RunTime:0.005486s ]
INFO: [ view_filter ] --START--
INFO: Run Behavior\WriteHtmlCacheBehavior [ RunTime:0.000152s ]
INFO: [ view_filter ] --END-- [ RunTime:0.000187s ]
INFO: [ app_end ] --START--
INFO: Run Behavior\ShowPageTraceBehavior [ RunTime:0.000063s ]
INFO: [ app_end ] --END-- [ RunTime:0.000094s ]

[ 2018-10-17T18:01:40+08:00 ] ::1 /bazipaipan/index.php/Home/Index/bz_fenxi
INFO: [ app_init ] --START--
INFO: Run Behavior\BuildLiteBehavior [ RunTime:0.000014s ]
INFO: [ app_init ] --END-- [ RunTime:0.000156s ]
INFO: [ app_begin ] --START--
INFO: Run Behavior\ReadHtmlCacheBehavior [ RunTime:0.000089s ]
INFO: [ app_begin ] --END-- [ RunTime:0.000172s ]
NOTIC: [8192] mysql_connect(): The mysql extension is deprecated and will be removed in the future: use mysqli or PDO instead G:\php\bazipaipan\ThinkPHP\Library\Think\Session\Driver\Db.class.php 第 95 行.
INFO: [ view_parse ] --START--
INFO: [ template_filter ] --START--
INFO: Run Behavior\ContentReplaceBehavior [ RunTime:0.000098s ]
INFO: [ template_filter ] --END-- [ RunTime:0.000156s ]
INFO: Run Behavior\ParseTemplateBehavior [ RunTime:0.005531s ]
INFO: [ view_parse ] --END-- [ RunTime:0.005596s ]
INFO: [ view_filter ] --START--
INFO: Run Behavior\WriteHtmlCacheBehavior [ RunTime:0.000107s ]
INFO: [ view_filter ] --END-- [ RunTime:0.000138s ]
INFO: [ app_end ] --START--
INFO: Run Behavior\ShowPageTraceBehavior [ RunTime:0.000054s ]
INFO: [ app_end ] --END-- [ RunTime:0.000085s ]

[ 2018-10-17T18:02:05+08:00 ] ::1 /bazipaipan/index.php/Home/Index/bz_fenxi
INFO: [ app_init ] --START--
INFO: Run Behavior\BuildLiteBehavior [ RunTime:0.000016s ]
INFO: [ app_init ] --END-- [ RunTime:0.000263s ]
INFO: [ app_begin ] --START--
INFO: Run Behavior\ReadHtmlCacheBehavior [ RunTime:0.000126s ]
INFO: [ app_begin ] --END-- [ RunTime:0.000210s ]
NOTIC: [8192] mysql_connect(): The mysql extension is deprecated and will be removed in the future: use mysqli or PDO instead G:\php\bazipaipan\ThinkPHP\Library\Think\Session\Driver\Db.class.php 第 95 行.
INFO: [ view_parse ] --START--
INFO: [ template_filter ] --START--
INFO: Run Behavior\ContentReplaceBehavior [ RunTime:0.000132s ]
INFO: [ template_filter ] --END-- [ RunTime:0.000225s ]
INFO: Run Behavior\ParseTemplateBehavior [ RunTime:0.007099s ]
INFO: [ view_parse ] --END-- [ RunTime:0.007188s ]
INFO: [ view_filter ] --START--
INFO: Run Behavior\WriteHtmlCacheBehavior [ RunTime:0.000174s ]
INFO: [ view_filter ] --END-- [ RunTime:0.000209s ]
INFO: [ app_end ] --START--
INFO: Run Behavior\ShowPageTraceBehavior [ RunTime:0.000073s ]
INFO: [ app_end ] --END-- [ RunTime:0.000104s ]

