[ 2020-11-06T09:37:27+08:00 ] ::1 /bazipaipan/
INFO: [ app_init ] --START--
INFO: Run Behavior\BuildLiteBehavior [ RunTime:0.000018s ]
INFO: [ app_init ] --END-- [ RunTime:0.001060s ]
INFO: [ app_begin ] --START--
INFO: Run Behavior\ReadHtmlCacheBehavior [ RunTime:0.001405s ]
INFO: [ app_begin ] --END-- [ RunTime:0.001483s ]
NOTIC: [8192] mysql_connect(): The mysql extension is deprecated and will be removed in the future: use mysqli or PDO instead G:\php\bazipaipan\ThinkPHP\Library\Think\Session\Driver\Db.class.php 第 95 行.
NOTIC: [8] Undefined index: uid G:\php\bazipaipan\Application\Home\Controller\IndexController.class.php 第 8 行.
NOTIC: [8] Undefined variable: arrdata G:\php\bazipaipan\Application\Home\Controller\IndexController.class.php 第 29 行.
NOTIC: [8] Undefined variable: arrdata G:\php\bazipaipan\Application\Home\Controller\IndexController.class.php 第 30 行.
INFO: [ view_parse ] --START--
INFO: [ template_filter ] --START--
INFO: Run Behavior\ContentReplaceBehavior [ RunTime:0.000219s ]
INFO: [ template_filter ] --END-- [ RunTime:0.000294s ]
INFO: Run Behavior\ParseTemplateBehavior [ RunTime:0.063835s ]
INFO: [ view_parse ] --END-- [ RunTime:0.063911s ]
INFO: [ view_filter ] --START--
INFO: Run Behavior\WriteHtmlCacheBehavior [ RunTime:0.011305s ]
INFO: [ view_filter ] --END-- [ RunTime:0.011361s ]
INFO: [ app_end ] --START--
INFO: Run Behavior\ShowPageTraceBehavior [ RunTime:0.001300s ]
INFO: [ app_end ] --END-- [ RunTime:0.001376s ]

[ 2020-11-06T09:37:36+08:00 ] ::1 /bazipaipan/?uid=123456
INFO: [ app_init ] --START--
INFO: Run Behavior\BuildLiteBehavior [ RunTime:0.000017s ]
INFO: [ app_init ] --END-- [ RunTime:0.000508s ]
INFO: [ app_begin ] --START--
INFO: Run Behavior\ReadHtmlCacheBehavior [ RunTime:0.000648s ]
INFO: [ app_begin ] --END-- [ RunTime:0.000724s ]
NOTIC: [8192] mysql_connect(): The mysql extension is deprecated and will be removed in the future: use mysqli or PDO instead G:\php\bazipaipan\ThinkPHP\Library\Think\Session\Driver\Db.class.php 第 95 行.
INFO: [ view_parse ] --START--
INFO: [ template_filter ] --START--
INFO: Run Behavior\ContentReplaceBehavior [ RunTime:0.000293s ]
INFO: [ template_filter ] --END-- [ RunTime:0.000382s ]
INFO: Run Behavior\ParseTemplateBehavior [ RunTime:0.014857s ]
INFO: [ view_parse ] --END-- [ RunTime:0.015119s ]
INFO: [ view_filter ] --START--
INFO: Run Behavior\WriteHtmlCacheBehavior [ RunTime:0.000953s ]
INFO: [ view_filter ] --END-- [ RunTime:0.001127s ]
INFO: [ app_end ] --START--
INFO: Run Behavior\ShowPageTraceBehavior [ RunTime:0.001137s ]
INFO: [ app_end ] --END-- [ RunTime:0.001275s ]

[ 2020-11-06T09:45:49+08:00 ] ::1 /bazipaipan/index.php/Home/Index/pp_msg?arrnumber=0
INFO: [ app_init ] --START--
INFO: Run Behavior\BuildLiteBehavior [ RunTime:0.000017s ]
INFO: [ app_init ] --END-- [ RunTime:0.000631s ]
INFO: [ app_begin ] --START--
INFO: Run Behavior\ReadHtmlCacheBehavior [ RunTime:0.000629s ]
INFO: [ app_begin ] --END-- [ RunTime:0.000705s ]
NOTIC: [8192] mysql_connect(): The mysql extension is deprecated and will be removed in the future: use mysqli or PDO instead G:\php\bazipaipan\ThinkPHP\Library\Think\Session\Driver\Db.class.php 第 95 行.
NOTIC: [8] Undefined index: birthday G:\php\bazipaipan\Application\Home\Controller\IndexController.class.php 第 34 行.
NOTIC: [8192] mysql_connect(): The mysql extension is deprecated and will be removed in the future: use mysqli or PDO instead G:\php\bazipaipan\ThinkPHP\Library\Think\Db\Driver\Mysql.class.php 第 52 行.
SQL: select shen from tb_zw_msgong where id=2 [ RunTime:0.057391s ]
SQL: select ny from tb_wedlock where name='丁卯' [ RunTime:0.038590s ]
SQL: select ny from tb_wedlock where name='壬寅' [ RunTime:0.001027s ]
SQL: select ny from tb_wedlock where name='辛亥' [ RunTime:0.000828s ]
SQL: select ny from tb_wedlock where name='丙申' [ RunTime:0.000731s ]
SQL: select ding from tb_shishen where id=8 [ RunTime:0.027098s ]
SQL: select ren from tb_shishen where id=8 [ RunTime:0.000732s ]
SQL: select bing from tb_shishen where id=8 [ RunTime:0.000631s ]
SQL: select mao from tb_dizhi_shishen where id=8 [ RunTime:0.021939s ]
SQL: select yin from tb_dizhi_shishen where id=8 [ RunTime:0.000579s ]
SQL: select hai from tb_dizhi_shishen where id=8 [ RunTime:0.000675s ]
SQL: select shen from tb_dizhi_shishen where id=8 [ RunTime:0.000428s ]
SQL: select mao,yin,hai,shen from tb_dizhi_shishen where id=11 [ RunTime:0.000623s ]
SQL: select name from tb_bz_wangshuai where xin='卯' [ RunTime:0.008292s ]
SQL: select name from tb_bz_wangshuai where xin='寅' [ RunTime:0.000848s ]
SQL: select name from tb_bz_wangshuai where xin='亥' [ RunTime:0.000689s ]
SQL: select name from tb_bz_wangshuai where xin='申' [ RunTime:0.000958s ]
SQL: select * from tb_24jieqi where year='1987' [ RunTime:0.036860s ]
SQL: select * from tb_24jieqi where year='1987' [ RunTime:0.000840s ]
SQL: select xin from tb_shishen where id=8 [ RunTime:0.000598s ]
SQL: select geng from tb_shishen where id=8 [ RunTime:0.000575s ]
SQL: select ji from tb_shishen where id=8 [ RunTime:0.000589s ]
SQL: select wu from tb_shishen where id=8 [ RunTime:0.000611s ]
SQL: select ding from tb_shishen where id=8 [ RunTime:0.000519s ]
SQL: select bing from tb_shishen where id=8 [ RunTime:0.000489s ]
SQL: select yi from tb_shishen where id=8 [ RunTime:0.000521s ]
SQL: select jia from tb_shishen where id=8 [ RunTime:0.000516s ]
SQL: select * from tb_wuxingju where id=4 [ RunTime:0.013774s ]
SQL: select zwei from tb_zhuxingmwsx where id=1 [ RunTime:0.015337s ]
SQL: select lzhen from tb_zhuxingmwsx where id=5 [ RunTime:0.000491s ]
SQL: select ttong from tb_zhuxingmwsx where id=8 [ RunTime:0.000444s ]
SQL: select wuqu from tb_zhuxingmwsx where id=9 [ RunTime:0.000449s ]
SQL: select tyang from tb_zhuxingmwsx where id=10 [ RunTime:0.000505s ]
SQL: select tji from tb_zhuxingmwsx where id=0 [ RunTime:0.000564s ]
SQL: select tfu from tb_zhuxingmwsx where id=11 [ RunTime:0.000458s ]
SQL: select tyin from tb_zhuxingmwsx where id=0 [ RunTime:0.000603s ]
SQL: select tlang from tb_zhuxingmwsx where id=1 [ RunTime:0.000528s ]
SQL: select jmen from tb_zhuxingmwsx where id=2 [ RunTime:0.000449s ]
SQL: select txiang from tb_zhuxingmwsx where id=3 [ RunTime:0.000553s ]
SQL: select tliang from tb_zhuxingmwsx where id=4 [ RunTime:0.000441s ]
SQL: select qsha from tb_zhuxingmwsx where id=5 [ RunTime:0.000528s ]
SQL: select pjun from tb_zhuxingmwsx where id=9 [ RunTime:0.000456s ]
SQL: select * from tb_shengyuezx where id=2 [ RunTime:0.012682s ]
NOTIC: [8] Undefined offset: 7 G:\php\bazipaipan\Application\Home\Common\function.php 第 496 行.
NOTIC: [8] Undefined offset: 7 G:\php\bazipaipan\Application\Home\Common\function.php 第 496 行.
NOTIC: [8] Undefined offset: 10 G:\php\bazipaipan\Application\Home\Common\function.php 第 498 行.
NOTIC: [8] Undefined offset: 8 G:\php\bazipaipan\Application\Home\Common\function.php 第 500 行.
NOTIC: [8] Undefined offset: 0 G:\php\bazipaipan\Application\Home\Common\function.php 第 502 行.
NOTIC: [8] Undefined offset: 6 G:\php\bazipaipan\Application\Home\Common\function.php 第 506 行.
SQL: select * from tb_shengnianzx where id=4 [ RunTime:0.032480s ]
NOTIC: [8] Undefined offset: 7 G:\php\bazipaipan\Application\Home\Common\function.php 第 518 行.
NOTIC: [8] Undefined offset: 2 G:\php\bazipaipan\Application\Home\Common\function.php 第 520 行.
NOTIC: [8] Undefined offset: 1 G:\php\bazipaipan\Application\Home\Common\function.php 第 522 行.
NOTIC: [8] Undefined offset: 10 G:\php\bazipaipan\Application\Home\Common\function.php 第 524 行.
NOTIC: [8] Undefined offset: 5 G:\php\bazipaipan\Application\Home\Common\function.php 第 528 行.
NOTIC: [8] Undefined offset: 3 G:\php\bazipaipan\Application\Home\Common\function.php 第 532 行.
NOTIC: [8] Undefined offset: 11 G:\php\bazipaipan\Application\Home\Common\function.php 第 534 行.
NOTIC: [8] Undefined offset: 6 G:\php\bazipaipan\Application\Home\Common\function.php 第 544 行.
SQL: select mzhu from tb_shengnianzx  where id=8 [ RunTime:0.000597s ]
SQL: select * from tb_shixizx where id=9 [ RunTime:0.017304s ]
SQL: select wchang from tb_zhuxingmwsx where id=0 [ RunTime:0.000445s ]
NOTIC: [8] Undefined offset: 0 G:\php\bazipaipan\Application\Home\Common\function.php 第 558 行.
SQL: select wqu from tb_zhuxingmwsx where id=10 [ RunTime:0.000466s ]
NOTIC: [8] Undefined offset: 10 G:\php\bazipaipan\Application\Home\Common\function.php 第 561 行.
NOTIC: [8] Undefined offset: 10 G:\php\bazipaipan\Application\Home\Common\function.php 第 561 行.
NOTIC: [8] Undefined offset: 1 G:\php\bazipaipan\Application\Home\Common\function.php 第 563 行.
NOTIC: [8] Undefined offset: 5 G:\php\bazipaipan\Application\Home\Common\function.php 第 565 行.
NOTIC: [8] Undefined offset: 5 G:\php\bazipaipan\Application\Home\Common\function.php 第 565 行.
NOTIC: [8] Undefined offset: 8 G:\php\bazipaipan\Application\Home\Common\function.php 第 569 行.
SQL: select * from tb_shengniangx where id=4 [ RunTime:0.013271s ]
SQL: select qyang from tb_zhuxingmwsx where id=5 [ RunTime:0.000457s ]
SQL: select tluo from tb_zhuxingmwsx where id=3 [ RunTime:0.000443s ]
NOTIC: [8] Undefined offset: 3 G:\php\bazipaipan\Application\Home\Common\function.php 第 580 行.
NOTIC: [8] Undefined offset: 3 G:\php\bazipaipan\Application\Home\Common\function.php 第 580 行.
NOTIC: [8] Undefined offset: 7 G:\php\bazipaipan\Application\Home\Common\function.php 第 582 行.
NOTIC: [8] Undefined offset: 9 G:\php\bazipaipan\Application\Home\Common\function.php 第 584 行.
NOTIC: [8] Undefined offset: 9 G:\php\bazipaipan\Application\Home\Common\function.php 第 584 行.
NOTIC: [8] Undefined offset: 4 G:\php\bazipaipan\Application\Home\Common\function.php 第 586 行.
NOTIC: [8] Undefined offset: 4 G:\php\bazipaipan\Application\Home\Common\function.php 第 586 行.
NOTIC: [8] Undefined offset: 0 G:\php\bazipaipan\Application\Home\Common\function.php 第 590 行.
SQL: select hmw from tb_huoxing where id=9 [ RunTime:0.011741s ]
SQL: select hxing from tb_zhuxingmwsx where id=3 [ RunTime:0.000559s ]
SQL: select hmw from tb_lingxing where id=9 [ RunTime:0.009299s ]
SQL: select lxing from tb_zhuxingmwsx where id=4 [ RunTime:0.000528s ]
NOTIC: [8] Undefined offset: 4 G:\php\bazipaipan\Application\Home\Common\function.php 第 773 行.
NOTIC: [8] Undefined offset: 4 G:\php\bazipaipan\Application\Home\Common\function.php 第 773 行.
NOTIC: [8] Undefined offset: 6 G:\php\bazipaipan\Application\Home\Common\function.php 第 781 行.
NOTIC: [8] Undefined offset: 0 G:\php\bazipaipan\Application\Home\Common\function.php 第 794 行.
NOTIC: [8] Undefined offset: 2 G:\php\bazipaipan\Application\Home\Common\function.php 第 800 行.
NOTIC: [8] Undefined offset: 8 G:\php\bazipaipan\Application\Home\Common\function.php 第 807 行.
NOTIC: [8] Undefined offset: 10 G:\php\bazipaipan\Application\Home\Common\function.php 第 813 行.
SQL: select * from tb_sihua where id=4 [ RunTime:0.021120s ]
NOTIC: [8] Undefined offset: 6 G:\php\bazipaipan\Application\Home\Common\function.php 第 830 行.
NOTIC: [8] Undefined offset: 11 G:\php\bazipaipan\Application\Home\Common\function.php 第 837 行.
NOTIC: [8] Undefined offset: 2 G:\php\bazipaipan\Application\Home\Common\function.php 第 846 行.
NOTIC: [8] Undefined offset: 7 G:\php\bazipaipan\Application\Home\Common\function.php 第 860 行.
SQL: select * from tb_wedlock where name='辛亥' [ RunTime:0.000795s ]
NOTIC: [8] Undefined offset: 3 G:\php\bazipaipan\Application\Home\Common\function.php 第 917 行.
INFO: [ view_parse ] --START--
INFO: [ template_filter ] --START--
INFO: Run Behavior\ContentReplaceBehavior [ RunTime:0.000196s ]
INFO: [ template_filter ] --END-- [ RunTime:0.000252s ]
INFO: Run Behavior\ParseTemplateBehavior [ RunTime:0.094523s ]
INFO: [ view_parse ] --END-- [ RunTime:0.094590s ]
INFO: [ view_filter ] --START--
INFO: Run Behavior\WriteHtmlCacheBehavior [ RunTime:0.000572s ]
INFO: [ view_filter ] --END-- [ RunTime:0.000625s ]
INFO: [ app_end ] --START--
INFO: Run Behavior\ShowPageTraceBehavior [ RunTime:0.000820s ]
INFO: [ app_end ] --END-- [ RunTime:0.000891s ]

[ 2020-11-06T09:45:52+08:00 ] ::1 /bazipaipan/index.php/Home/Index/generateImg
INFO: [ app_init ] --START--
INFO: Run Behavior\BuildLiteBehavior [ RunTime:0.000021s ]
INFO: [ app_init ] --END-- [ RunTime:0.000691s ]
INFO: [ app_begin ] --START--
INFO: Run Behavior\ReadHtmlCacheBehavior [ RunTime:0.000732s ]
INFO: [ app_begin ] --END-- [ RunTime:0.000825s ]
NOTIC: [8192] mysql_connect(): The mysql extension is deprecated and will be removed in the future: use mysqli or PDO instead G:\php\bazipaipan\ThinkPHP\Library\Think\Session\Driver\Db.class.php 第 95 行.
INFO: [ app_end ] --START--
INFO: Run Behavior\ShowPageTraceBehavior [ RunTime:0.001795s ]
INFO: [ app_end ] --END-- [ RunTime:0.002004s ]

[ 2020-11-06T09:45:56+08:00 ] ::1 /bazipaipan/index.php/Home/Index/pp_msg?arrnumber=0
INFO: [ app_init ] --START--
INFO: Run Behavior\BuildLiteBehavior [ RunTime:0.000017s ]
INFO: [ app_init ] --END-- [ RunTime:0.000546s ]
INFO: [ app_begin ] --START--
INFO: Run Behavior\ReadHtmlCacheBehavior [ RunTime:0.000785s ]
INFO: [ app_begin ] --END-- [ RunTime:0.000882s ]
NOTIC: [8192] mysql_connect(): The mysql extension is deprecated and will be removed in the future: use mysqli or PDO instead G:\php\bazipaipan\ThinkPHP\Library\Think\Session\Driver\Db.class.php 第 95 行.
NOTIC: [8] Undefined index: birthday G:\php\bazipaipan\Application\Home\Controller\IndexController.class.php 第 34 行.
NOTIC: [8192] mysql_connect(): The mysql extension is deprecated and will be removed in the future: use mysqli or PDO instead G:\php\bazipaipan\ThinkPHP\Library\Think\Db\Driver\Mysql.class.php 第 52 行.
SQL: select shen from tb_zw_msgong where id=2 [ RunTime:0.000554s ]
SQL: select ny from tb_wedlock where name='丁卯' [ RunTime:0.000688s ]
SQL: select ny from tb_wedlock where name='壬寅' [ RunTime:0.000866s ]
SQL: select ny from tb_wedlock where name='辛亥' [ RunTime:0.000768s ]
SQL: select ny from tb_wedlock where name='丙申' [ RunTime:0.000780s ]
SQL: select ding from tb_shishen where id=8 [ RunTime:0.000596s ]
SQL: select ren from tb_shishen where id=8 [ RunTime:0.000523s ]
SQL: select bing from tb_shishen where id=8 [ RunTime:0.000530s ]
SQL: select mao from tb_dizhi_shishen where id=8 [ RunTime:0.000519s ]
SQL: select yin from tb_dizhi_shishen where id=8 [ RunTime:0.000562s ]
SQL: select hai from tb_dizhi_shishen where id=8 [ RunTime:0.000529s ]
SQL: select shen from tb_dizhi_shishen where id=8 [ RunTime:0.000570s ]
SQL: select mao,yin,hai,shen from tb_dizhi_shishen where id=11 [ RunTime:0.000550s ]
SQL: select name from tb_bz_wangshuai where xin='卯' [ RunTime:0.000531s ]
SQL: select name from tb_bz_wangshuai where xin='寅' [ RunTime:0.000582s ]
SQL: select name from tb_bz_wangshuai where xin='亥' [ RunTime:0.000579s ]
SQL: select name from tb_bz_wangshuai where xin='申' [ RunTime:0.000581s ]
SQL: select * from tb_24jieqi where year='1987' [ RunTime:0.000802s ]
SQL: select * from tb_24jieqi where year='1987' [ RunTime:0.000899s ]
SQL: select xin from tb_shishen where id=8 [ RunTime:0.000578s ]
SQL: select geng from tb_shishen where id=8 [ RunTime:0.000573s ]
SQL: select ji from tb_shishen where id=8 [ RunTime:0.000629s ]
SQL: select wu from tb_shishen where id=8 [ RunTime:0.000594s ]
SQL: select ding from tb_shishen where id=8 [ RunTime:0.000802s ]
SQL: select bing from tb_shishen where id=8 [ RunTime:0.000686s ]
SQL: select yi from tb_shishen where id=8 [ RunTime:0.000697s ]
SQL: select jia from tb_shishen where id=8 [ RunTime:0.000574s ]
SQL: select * from tb_wuxingju where id=4 [ RunTime:0.000640s ]
SQL: select zwei from tb_zhuxingmwsx where id=1 [ RunTime:0.000542s ]
SQL: select lzhen from tb_zhuxingmwsx where id=5 [ RunTime:0.000650s ]
SQL: select ttong from tb_zhuxingmwsx where id=8 [ RunTime:0.000651s ]
SQL: select wuqu from tb_zhuxingmwsx where id=9 [ RunTime:0.000533s ]
SQL: select tyang from tb_zhuxingmwsx where id=10 [ RunTime:0.000519s ]
SQL: select tji from tb_zhuxingmwsx where id=0 [ RunTime:0.000501s ]
SQL: select tfu from tb_zhuxingmwsx where id=11 [ RunTime:0.000535s ]
SQL: select tyin from tb_zhuxingmwsx where id=0 [ RunTime:0.000555s ]
SQL: select tlang from tb_zhuxingmwsx where id=1 [ RunTime:0.000539s ]
SQL: select jmen from tb_zhuxingmwsx where id=2 [ RunTime:0.000547s ]
SQL: select txiang from tb_zhuxingmwsx where id=3 [ RunTime:0.000508s ]
SQL: select tliang from tb_zhuxingmwsx where id=4 [ RunTime:0.000495s ]
SQL: select qsha from tb_zhuxingmwsx where id=5 [ RunTime:0.000542s ]
SQL: select pjun from tb_zhuxingmwsx where id=9 [ RunTime:0.000548s ]
SQL: select * from tb_shengyuezx where id=2 [ RunTime:0.000560s ]
NOTIC: [8] Undefined offset: 7 G:\php\bazipaipan\Application\Home\Common\function.php 第 496 行.
NOTIC: [8] Undefined offset: 7 G:\php\bazipaipan\Application\Home\Common\function.php 第 496 行.
NOTIC: [8] Undefined offset: 10 G:\php\bazipaipan\Application\Home\Common\function.php 第 498 行.
NOTIC: [8] Undefined offset: 8 G:\php\bazipaipan\Application\Home\Common\function.php 第 500 行.
NOTIC: [8] Undefined offset: 0 G:\php\bazipaipan\Application\Home\Common\function.php 第 502 行.
NOTIC: [8] Undefined offset: 6 G:\php\bazipaipan\Application\Home\Common\function.php 第 506 行.
SQL: select * from tb_shengnianzx where id=4 [ RunTime:0.000902s ]
NOTIC: [8] Undefined offset: 7 G:\php\bazipaipan\Application\Home\Common\function.php 第 518 行.
NOTIC: [8] Undefined offset: 2 G:\php\bazipaipan\Application\Home\Common\function.php 第 520 行.
NOTIC: [8] Undefined offset: 1 G:\php\bazipaipan\Application\Home\Common\function.php 第 522 行.
NOTIC: [8] Undefined offset: 10 G:\php\bazipaipan\Application\Home\Common\function.php 第 524 行.
NOTIC: [8] Undefined offset: 5 G:\php\bazipaipan\Application\Home\Common\function.php 第 528 行.
NOTIC: [8] Undefined offset: 3 G:\php\bazipaipan\Application\Home\Common\function.php 第 532 行.
NOTIC: [8] Undefined offset: 11 G:\php\bazipaipan\Application\Home\Common\function.php 第 534 行.
NOTIC: [8] Undefined offset: 6 G:\php\bazipaipan\Application\Home\Common\function.php 第 544 行.
SQL: select mzhu from tb_shengnianzx  where id=8 [ RunTime:0.000594s ]
SQL: select * from tb_shixizx where id=9 [ RunTime:0.000503s ]
SQL: select wchang from tb_zhuxingmwsx where id=0 [ RunTime:0.000513s ]
NOTIC: [8] Undefined offset: 0 G:\php\bazipaipan\Application\Home\Common\function.php 第 558 行.
SQL: select wqu from tb_zhuxingmwsx where id=10 [ RunTime:0.000519s ]
NOTIC: [8] Undefined offset: 10 G:\php\bazipaipan\Application\Home\Common\function.php 第 561 行.
NOTIC: [8] Undefined offset: 10 G:\php\bazipaipan\Application\Home\Common\function.php 第 561 行.
NOTIC: [8] Undefined offset: 1 G:\php\bazipaipan\Application\Home\Common\function.php 第 563 行.
NOTIC: [8] Undefined offset: 5 G:\php\bazipaipan\Application\Home\Common\function.php 第 565 行.
NOTIC: [8] Undefined offset: 5 G:\php\bazipaipan\Application\Home\Common\function.php 第 565 行.
NOTIC: [8] Undefined offset: 8 G:\php\bazipaipan\Application\Home\Common\function.php 第 569 行.
SQL: select * from tb_shengniangx where id=4 [ RunTime:0.000551s ]
SQL: select qyang from tb_zhuxingmwsx where id=5 [ RunTime:0.000498s ]
SQL: select tluo from tb_zhuxingmwsx where id=3 [ RunTime:0.000529s ]
NOTIC: [8] Undefined offset: 3 G:\php\bazipaipan\Application\Home\Common\function.php 第 580 行.
NOTIC: [8] Undefined offset: 3 G:\php\bazipaipan\Application\Home\Common\function.php 第 580 行.
NOTIC: [8] Undefined offset: 7 G:\php\bazipaipan\Application\Home\Common\function.php 第 582 行.
NOTIC: [8] Undefined offset: 9 G:\php\bazipaipan\Application\Home\Common\function.php 第 584 行.
NOTIC: [8] Undefined offset: 9 G:\php\bazipaipan\Application\Home\Common\function.php 第 584 行.
NOTIC: [8] Undefined offset: 4 G:\php\bazipaipan\Application\Home\Common\function.php 第 586 行.
NOTIC: [8] Undefined offset: 4 G:\php\bazipaipan\Application\Home\Common\function.php 第 586 行.
NOTIC: [8] Undefined offset: 0 G:\php\bazipaipan\Application\Home\Common\function.php 第 590 行.
SQL: select hmw from tb_huoxing where id=9 [ RunTime:0.000432s ]
SQL: select hxing from tb_zhuxingmwsx where id=3 [ RunTime:0.000443s ]
SQL: select hmw from tb_lingxing where id=9 [ RunTime:0.000493s ]
SQL: select lxing from tb_zhuxingmwsx where id=4 [ RunTime:0.000564s ]
NOTIC: [8] Undefined offset: 4 G:\php\bazipaipan\Application\Home\Common\function.php 第 773 行.
NOTIC: [8] Undefined offset: 4 G:\php\bazipaipan\Application\Home\Common\function.php 第 773 行.
NOTIC: [8] Undefined offset: 6 G:\php\bazipaipan\Application\Home\Common\function.php 第 781 行.
NOTIC: [8] Undefined offset: 0 G:\php\bazipaipan\Application\Home\Common\function.php 第 794 行.
NOTIC: [8] Undefined offset: 2 G:\php\bazipaipan\Application\Home\Common\function.php 第 800 行.
NOTIC: [8] Undefined offset: 8 G:\php\bazipaipan\Application\Home\Common\function.php 第 807 行.
NOTIC: [8] Undefined offset: 10 G:\php\bazipaipan\Application\Home\Common\function.php 第 813 行.
SQL: select * from tb_sihua where id=4 [ RunTime:0.000507s ]
NOTIC: [8] Undefined offset: 6 G:\php\bazipaipan\Application\Home\Common\function.php 第 830 行.
NOTIC: [8] Undefined offset: 11 G:\php\bazipaipan\Application\Home\Common\function.php 第 837 行.
NOTIC: [8] Undefined offset: 2 G:\php\bazipaipan\Application\Home\Common\function.php 第 846 行.
NOTIC: [8] Undefined offset: 7 G:\php\bazipaipan\Application\Home\Common\function.php 第 860 行.
SQL: select * from tb_wedlock where name='辛亥' [ RunTime:0.000749s ]
NOTIC: [8] Undefined offset: 3 G:\php\bazipaipan\Application\Home\Common\function.php 第 917 行.
INFO: [ view_parse ] --START--
INFO: [ template_filter ] --START--
INFO: Run Behavior\ContentReplaceBehavior [ RunTime:0.000210s ]
INFO: [ template_filter ] --END-- [ RunTime:0.000273s ]
INFO: Run Behavior\ParseTemplateBehavior [ RunTime:0.015603s ]
INFO: [ view_parse ] --END-- [ RunTime:0.015670s ]
INFO: [ view_filter ] --START--
INFO: Run Behavior\WriteHtmlCacheBehavior [ RunTime:0.000703s ]
INFO: [ view_filter ] --END-- [ RunTime:0.000857s ]
INFO: [ app_end ] --START--
INFO: Run Behavior\ShowPageTraceBehavior [ RunTime:0.000800s ]
INFO: [ app_end ] --END-- [ RunTime:0.000880s ]

[ 2020-11-06T09:53:57+08:00 ] ::1 /bazipaipan/index.php/Home/Index/bz_fenxi
INFO: [ app_init ] --START--
INFO: Run Behavior\BuildLiteBehavior [ RunTime:0.000017s ]
INFO: [ app_init ] --END-- [ RunTime:0.000639s ]
INFO: [ app_begin ] --START--
INFO: Run Behavior\ReadHtmlCacheBehavior [ RunTime:0.000716s ]
INFO: [ app_begin ] --END-- [ RunTime:0.000795s ]
NOTIC: [8192] mysql_connect(): The mysql extension is deprecated and will be removed in the future: use mysqli or PDO instead G:\php\bazipaipan\ThinkPHP\Library\Think\Session\Driver\Db.class.php 第 95 行.
INFO: [ view_parse ] --START--
INFO: [ template_filter ] --START--
INFO: Run Behavior\ContentReplaceBehavior [ RunTime:0.000089s ]
INFO: [ template_filter ] --END-- [ RunTime:0.000147s ]
INFO: Run Behavior\ParseTemplateBehavior [ RunTime:0.058377s ]
INFO: [ view_parse ] --END-- [ RunTime:0.058460s ]
INFO: [ view_filter ] --START--
INFO: Run Behavior\WriteHtmlCacheBehavior [ RunTime:0.000496s ]
INFO: [ view_filter ] --END-- [ RunTime:0.000549s ]
INFO: [ app_end ] --START--
INFO: Run Behavior\ShowPageTraceBehavior [ RunTime:0.000748s ]
INFO: [ app_end ] --END-- [ RunTime:0.000827s ]

